TN:
SF:packages/carbon-components-react/src/index.js
FNF:0
FNH:0
LF:0
LH:0
BRF:0
BRH:0
end_of_record
TN:
SF:packages/colors/src/colors.js
FNF:0
FNH:0
DA:8,1
DA:9,1
DA:10,1
DA:12,1
DA:13,1
DA:14,1
DA:16,1
DA:17,1
DA:18,1
DA:19,1
DA:20,1
DA:21,1
DA:22,1
DA:23,1
DA:24,1
DA:25,1
DA:26,1
DA:39,1
DA:40,1
DA:41,1
DA:42,1
DA:43,1
DA:44,1
DA:45,1
DA:46,1
DA:47,1
DA:48,1
DA:49,1
DA:62,1
DA:63,1
DA:64,1
DA:65,1
DA:66,1
DA:67,1
DA:68,1
DA:69,1
DA:70,1
DA:71,1
DA:72,1
DA:85,1
DA:86,1
DA:87,1
DA:88,1
DA:89,1
DA:90,1
DA:91,1
DA:92,1
DA:93,1
DA:94,1
DA:95,1
DA:108,1
DA:109,1
DA:110,1
DA:111,1
DA:112,1
DA:113,1
DA:114,1
DA:115,1
DA:116,1
DA:117,1
DA:118,1
DA:131,1
DA:132,1
DA:133,1
DA:134,1
DA:135,1
DA:136,1
DA:137,1
DA:138,1
DA:139,1
DA:140,1
DA:141,1
DA:154,1
DA:155,1
DA:156,1
DA:157,1
DA:158,1
DA:159,1
DA:160,1
DA:161,1
DA:162,1
DA:163,1
DA:164,1
DA:177,1
DA:178,1
DA:179,1
DA:180,1
DA:181,1
DA:182,1
DA:183,1
DA:184,1
DA:185,1
DA:186,1
DA:187,1
DA:200,1
DA:201,1
DA:202,1
DA:203,1
DA:204,1
DA:205,1
DA:206,1
DA:207,1
DA:208,1
DA:209,1
DA:210,1
DA:223,1
DA:224,1
DA:225,1
DA:226,1
DA:227,1
DA:228,1
DA:229,1
DA:230,1
DA:231,1
DA:232,1
DA:233,1
DA:246,1
DA:247,1
DA:248,1
DA:249,1
DA:250,1
DA:251,1
DA:252,1
DA:253,1
DA:254,1
DA:255,1
DA:256,1
DA:269,1
DA:270,1
DA:271,1
DA:272,1
DA:273,1
DA:274,1
DA:275,1
DA:276,1
DA:277,1
DA:278,1
DA:279,1
DA:292,1
DA:293,1
DA:294,1
DA:295,1
DA:296,1
DA:297,1
DA:298,1
DA:299,1
DA:300,1
DA:301,1
DA:302,1
DA:315,1
DA:316,1
DA:317,1
DA:318,1
DA:319,1
DA:320,1
DA:321,1
DA:322,1
DA:323,1
DA:324,1
DA:325,1
DA:338,1
DA:339,1
DA:340,1
DA:341,1
DA:342,1
DA:343,1
DA:344,1
DA:345,1
DA:346,1
DA:347,1
DA:348,1
DA:361,1
DA:362,1
DA:363,1
DA:364,1
DA:365,1
DA:366,1
DA:367,1
DA:368,1
DA:369,1
DA:370,1
DA:371,1
DA:384,1
DA:385,1
DA:386,1
DA:387,1
DA:388,1
DA:389,1
DA:390,1
DA:391,1
DA:392,1
DA:393,1
DA:394,1
DA:407,1
DA:408,1
DA:409,1
DA:410,1
DA:411,1
DA:412,1
DA:413,1
DA:414,1
DA:415,1
DA:416,1
DA:417,1
DA:430,1
DA:431,1
DA:432,1
DA:433,1
DA:434,1
DA:435,1
DA:436,1
DA:437,1
DA:438,1
DA:439,1
DA:440,1
DA:453,1
DA:454,1
DA:455,1
DA:456,1
DA:457,1
DA:458,1
DA:459,1
DA:460,1
DA:461,1
DA:462,1
DA:463,1
DA:476,1
DA:477,1
DA:478,1
DA:479,1
DA:480,1
DA:481,1
DA:482,1
DA:483,1
DA:484,1
DA:485,1
DA:486,1
DA:499,1
DA:500,1
DA:501,1
DA:502,1
DA:503,1
DA:504,1
DA:505,1
DA:506,1
DA:507,1
DA:508,1
DA:509,1
DA:522,1
DA:523,1
DA:524,1
DA:525,1
DA:526,1
DA:527,1
DA:528,1
DA:529,1
DA:530,1
DA:531,1
DA:532,1
DA:545,1
DA:546,1
DA:547,1
DA:548,1
DA:549,1
DA:550,1
DA:551,1
DA:552,1
DA:553,1
DA:554,1
DA:556,1
DA:569,1
DA:590,1
LF:272
LH:272
BRF:0
BRH:0
end_of_record
TN:
SF:packages/colors/src/index.js
FNF:0
FNH:0
LF:0
LH:0
BRF:0
BRH:0
end_of_record
TN:
SF:packages/colors/src/rgb.js
FN:14,rgba
FN:19,(anonymous_1)
FNF:2
FNH:0
FNDA:0,rgba
FNDA:0,(anonymous_1)
DA:15,0
DA:19,0
DA:20,0
LF:3
LH:0
BRF:0
BRH:0
end_of_record
TN:
SF:packages/elements/src/index.js
FNF:0
FNH:0
LF:0
LH:0
BRF:0
BRH:0
end_of_record
TN:
SF:packages/feature-flags/src/FeatureFlagScope.js
FN:9,(anonymous_0)
FN:13,(anonymous_1)
FN:23,(anonymous_2)
FN:36,(anonymous_3)
FN:47,(anonymous_4)
FN:56,(anonymous_5)
FN:66,(anonymous_6)
FN:67,(anonymous_7)
FN:75,(anonymous_8)
FN:89,(anonymous_9)
FNF:10
FNH:0
FNDA:0,(anonymous_0)
FNDA:0,(anonymous_1)
FNDA:0,(anonymous_2)
FNDA:0,(anonymous_3)
FNDA:0,(anonymous_4)
FNDA:0,(anonymous_5)
FNDA:0,(anonymous_6)
FNDA:0,(anonymous_7)
FNDA:0,(anonymous_8)
FNDA:0,(anonymous_9)
DA:10,0
DA:12,0
DA:13,0
DA:14,0
DA:24,0
DA:25,0
DA:37,0
DA:38,0
DA:40,0
DA:48,0
DA:49,0
DA:57,0
DA:58,0
DA:67,0
DA:68,0
DA:76,0
DA:77,0
DA:78,0
DA:80,0
DA:90,0
DA:91,0
LF:21
LH:0
BRDA:12,0,0,0
BRDA:12,0,1,0
BRDA:24,1,0,0
BRDA:24,1,1,0
BRDA:37,2,0,0
BRDA:37,2,1,0
BRDA:77,3,0,0
BRDA:77,3,1,0
BRF:8
BRH:0
end_of_record
TN:
SF:packages/feature-flags/src/index.js
FN:20,createScope
FN:24,add
FN:28,enable
FN:32,disable
FN:36,enabled
FN:40,merge
FNF:6
FNH:0
FNDA:0,createScope
FNDA:0,add
FNDA:0,enable
FNDA:0,disable
FNDA:0,enabled
FNDA:0,merge
DA:11,0
DA:13,0
DA:14,0
DA:15,0
DA:21,0
DA:25,0
DA:29,0
DA:33,0
DA:37,0
DA:41,0
LF:10
LH:0
BRF:0
BRH:0
end_of_record
TN:
SF:packages/icon-build-helpers/src/index.js
FNF:0
FNH:0
DA:10,5
DA:11,5
DA:12,5
DA:14,5
LF:4
LH:4
BRF:0
BRH:0
end_of_record
TN:
SF:packages/icon-build-helpers/src/registry.js
FN:40,create
FN:71,(anonymous_1)
FN:79,(anonymous_2)
FN:124,hash
FN:136,getFilepathsFromDirectory
FN:139,(anonymous_5)
FN:142,(anonymous_6)
FNF:7
FNH:7
FNDA:23,create
FNDA:7981,(anonymous_1)
FNDA:7576,(anonymous_2)
FNDA:20340,hash
FNDA:56,getFilepathsFromDirectory
FNDA:10203,(anonymous_5)
FNDA:10203,(anonymous_6)
DA:10,11
DA:11,11
DA:41,23
DA:42,23
DA:46,23
DA:47,10203
DA:48,10203
DA:52,10203
DA:53,33
DA:54,33
DA:55,33
DA:65,10170
DA:71,10170
DA:72,10170
DA:79,10170
DA:80,10170
DA:81,7569
DA:83,2601
DA:86,10170
DA:87,9884
DA:94,10170
DA:98,10170
DA:99,0
DA:100,0
DA:101,0
DA:108,10170
DA:114,23
DA:125,20340
DA:128,11
DA:137,56
DA:138,56
DA:140,10203
DA:143,10203
DA:147,11
LF:34
LH:31
BRDA:52,0,0,33
BRDA:52,0,1,10170
BRDA:80,1,0,7569
BRDA:80,1,1,2601
BRDA:86,2,0,9884
BRDA:86,2,1,286
BRDA:98,3,0,0
BRDA:98,3,1,10170
BRDA:124,4,0,0
BRF:9
BRH:7
end_of_record
TN:
SF:packages/icon-build-helpers/src/tools.js
FN:8,flatMapAsync
FN:10,(anonymous_1)
FNF:2
FNH:0
FNDA:0,flatMapAsync
FNDA:0,(anonymous_1)
DA:9,0
DA:10,0
DA:13,0
LF:3
LH:0
BRF:0
BRH:0
end_of_record
TN:
SF:packages/icon-build-helpers/src/builders/index.js
FNF:0
FNH:0
DA:10,5
DA:11,5
DA:12,5
DA:13,5
DA:14,5
DA:16,5
DA:34,5
LF:7
LH:7
BRF:0
BRH:0
end_of_record
TN:
SF:packages/icon-build-helpers/src/builders/svg.js
FN:11,builder
FNF:1
FNH:0
FNDA:0,builder
DA:8,5
DA:9,5
DA:12,0
DA:14,0
DA:16,0
DA:17,0
DA:18,0
DA:19,0
DA:20,0
DA:25,5
LF:10
LH:3
BRF:0
BRH:0
end_of_record
TN:
SF:packages/icon-build-helpers/src/builders/vanilla.js
FN:38,builder
FN:39,(anonymous_1)
FN:40,(anonymous_2)
FNF:3
FNH:0
FNDA:0,builder
FNDA:0,(anonymous_1)
FNDA:0,(anonymous_2)
DA:8,5
DA:9,5
DA:10,5
DA:11,5
DA:13,5
DA:22,5
DA:39,0
DA:40,0
DA:41,0
DA:42,0
DA:50,0
DA:53,0
DA:57,0
DA:58,0
DA:59,0
DA:60,0
DA:64,0
DA:69,0
DA:80,0
DA:81,0
DA:89,0
DA:92,0
DA:97,0
DA:104,5
LF:24
LH:7
BRF:0
BRH:0
end_of_record
TN:
SF:packages/icon-build-helpers/src/builders/plugins/virtual.js
FN:14,virtual
FN:17,(anonymous_1)
FN:24,(anonymous_2)
FN:40,(anonymous_3)
FNF:4
FNH:0
FNDA:0,virtual
FNDA:0,(anonymous_1)
FNDA:0,(anonymous_2)
FNDA:0,(anonymous_3)
DA:8,5
DA:12,5
DA:14,5
DA:15,0
DA:17,0
DA:18,0
DA:21,0
DA:25,0
DA:26,0
DA:29,0
DA:30,0
DA:31,0
DA:33,0
DA:34,0
DA:35,0
DA:41,0
DA:42,0
DA:44,0
LF:18
LH:3
BRDA:25,0,0,0
BRDA:25,0,1,0
BRDA:29,1,0,0
BRDA:29,1,1,0
BRDA:30,2,0,0
BRDA:30,2,1,0
BRDA:34,3,0,0
BRDA:34,3,1,0
BRDA:41,4,0,0
BRDA:41,4,1,0
BRDA:44,5,0,0
BRDA:44,5,1,0
BRF:12
BRH:0
end_of_record
TN:
SF:packages/icon-build-helpers/src/builders/react/builder.js
FN:49,builder
FN:56,(anonymous_1)
FN:57,(anonymous_2)
FN:201,convertToJSX
FN:214,shouldTransformAttribute
FN:215,(anonymous_5)
FN:223,formatAttributes
FN:224,(anonymous_7)
FN:236,createIconFlatExport
FN:253,createIconEntrypoint
FN:287,createIconSource
FNF:11
FNH:0
FNDA:0,builder
FNDA:0,(anonymous_1)
FNDA:0,(anonymous_2)
FNDA:0,convertToJSX
FNDA:0,shouldTransformAttribute
FNDA:0,(anonymous_5)
FNDA:0,formatAttributes
FNDA:0,(anonymous_7)
FNDA:0,createIconFlatExport
FNDA:0,createIconEntrypoint
FNDA:0,createIconSource
DA:10,5
DA:11,5
DA:12,5
DA:13,5
DA:14,5
DA:15,5
DA:17,5
DA:25,5
DA:26,5
DA:56,0
DA:57,0
DA:58,0
DA:85,0
DA:86,0
DA:87,0
DA:89,0
DA:90,0
DA:91,0
DA:92,0
DA:94,0
DA:95,0
DA:98,0
DA:101,0
DA:104,0
DA:108,0
DA:109,0
DA:110,0
DA:113,0
DA:114,0
DA:115,0
DA:117,0
DA:118,0
DA:125,0
DA:126,0
DA:127,0
DA:131,0
DA:146,0
DA:157,0
DA:158,0
DA:166,0
DA:169,0
DA:184,0
DA:202,0
DA:203,0
DA:206,5
DA:215,0
DA:224,0
DA:225,0
DA:229,0
DA:230,0
DA:232,0
DA:237,0
DA:250,0
DA:254,0
DA:257,0
DA:270,0
DA:271,0
DA:288,0
DA:289,0
DA:290,0
DA:311,5
LF:61
LH:11
BRDA:225,0,0,0
BRDA:225,0,1,0
BRDA:229,1,0,0
BRDA:229,1,1,0
BRDA:236,2,0,0
BRDA:237,3,0,0
BRDA:237,3,1,0
BRDA:253,4,0,0
BRDA:254,5,0,0
BRDA:254,5,1,0
BRDA:257,6,0,0
BRDA:257,6,1,0
BRDA:287,7,0,0
BRF:13
BRH:0
end_of_record
TN:
SF:packages/icon-build-helpers/src/builders/react/next.js
FN:30,builder
FN:31,(anonymous_1)
FN:237,createIconEntrypoint
FN:274,createIconSource
FN:277,(anonymous_4)
FN:284,(anonymous_5)
FN:301,(anonymous_6)
FN:310,(anonymous_7)
FN:316,(anonymous_8)
FN:328,(anonymous_9)
FN:365,formatDeprecationWarning
FNF:11
FNH:0
FNDA:0,builder
FNDA:0,(anonymous_1)
FNDA:0,createIconEntrypoint
FNDA:0,createIconSource
FNDA:0,(anonymous_4)
FNDA:0,(anonymous_5)
FNDA:0,(anonymous_6)
FNDA:0,(anonymous_7)
FNDA:0,(anonymous_8)
FNDA:0,(anonymous_9)
FNDA:0,formatDeprecationWarning
DA:10,5
DA:11,5
DA:12,5
DA:13,5
DA:14,5
DA:15,5
DA:16,5
DA:17,5
DA:18,5
DA:19,5
DA:20,5
DA:21,5
DA:22,5
DA:31,0
DA:32,0
DA:33,0
DA:34,0
DA:36,0
DA:37,0
DA:46,0
DA:60,0
DA:66,0
DA:72,0
DA:88,0
DA:94,0
DA:98,0
DA:99,0
DA:105,0
DA:106,0
DA:108,0
DA:109,0
DA:110,0
DA:111,0
DA:115,0
DA:118,0
DA:121,0
DA:122,0
DA:123,0
DA:126,0
DA:127,0
DA:129,0
DA:130,0
DA:137,0
DA:138,0
DA:141,0
DA:142,0
DA:143,0
DA:146,0
DA:148,0
DA:167,0
DA:181,0
DA:194,0
DA:195,0
DA:204,0
DA:238,0
DA:247,0
DA:248,0
DA:251,0
DA:254,0
DA:256,0
DA:257,0
DA:259,0
DA:277,0
DA:278,0
DA:279,0
DA:285,0
DA:292,0
DA:301,0
DA:302,0
DA:303,0
DA:305,0
DA:310,0
DA:311,0
DA:316,0
DA:317,0
DA:323,0
DA:331,0
DA:356,0
DA:366,0
DA:367,0
DA:373,0
DA:379,5
LF:82
LH:14
BRDA:36,0,0,0
BRDA:36,0,1,0
BRDA:109,1,0,0
BRDA:109,1,1,0
BRDA:237,2,0,0
BRDA:247,3,0,0
BRDA:247,3,1,0
BRDA:274,4,0,0
BRDA:294,5,0,0
BRDA:294,5,1,0
BRDA:302,6,0,0
BRDA:302,6,1,0
BRDA:316,7,0,0
BRDA:316,7,1,0
BRDA:366,8,0,0
BRDA:366,8,1,0
BRF:16
BRH:0
end_of_record
TN:
SF:packages/icon-build-helpers/src/builders/react/components/Icon.tsx
FN:22,Icon
FNF:1
FNH:0
FNDA:0,Icon
DA:22,0
DA:33,0
DA:37,0
DA:39,0
DA:40,0
DA:43,0
DA:44,0
DA:45,0
DA:47,0
DA:51,0
DA:52,0
DA:55,0
DA:56,0
DA:59,0
DA:60,0
DA:63,0
DA:66,0
DA:67,0
LF:18
LH:0
BRDA:27,0,0,0
BRDA:28,1,0,0
BRDA:39,2,0,0
BRDA:39,2,1,0
BRDA:43,3,0,0
BRDA:43,3,1,0
BRDA:43,4,0,0
BRDA:43,4,1,0
BRDA:44,5,0,0
BRDA:44,5,1,0
BRDA:51,6,0,0
BRDA:51,6,1,0
BRDA:55,7,0,0
BRDA:55,7,1,0
BRDA:59,8,0,0
BRDA:59,8,1,0
BRF:16
BRH:0
end_of_record
TN:
SF:packages/icon-build-helpers/src/builders/react/next/babel.js
FNF:0
FNH:0
DA:10,5
DA:33,5
LF:2
LH:2
BRF:0
BRH:0
end_of_record
TN:
SF:packages/icon-build-helpers/src/builders/react/next/convert.js
FN:13,jsToAST
FN:40,(anonymous_1)
FN:49,svgToJSX
FN:62,(anonymous_3)
FN:66,(anonymous_4)
FN:68,(anonymous_5)
FNF:6
FNH:0
FNDA:0,jsToAST
FNDA:0,(anonymous_1)
FNDA:0,svgToJSX
FNDA:0,(anonymous_3)
FNDA:0,(anonymous_4)
FNDA:0,(anonymous_5)
DA:10,5
DA:11,5
DA:14,0
DA:15,0
DA:18,0
DA:19,0
DA:22,0
DA:23,0
DA:26,0
DA:27,0
DA:30,0
DA:31,0
DA:34,0
DA:35,0
DA:38,0
DA:39,0
DA:41,0
DA:46,0
DA:50,0
DA:51,0
DA:52,0
DA:58,0
DA:59,0
DA:60,0
DA:61,0
DA:63,0
DA:64,0
DA:66,0
DA:69,0
DA:70,0
DA:71,0
DA:76,0
DA:82,0
DA:83,0
DA:84,0
DA:91,0
DA:98,0
DA:101,5
LF:38
LH:3
BRDA:14,0,0,0
BRDA:14,0,1,0
BRDA:18,1,0,0
BRDA:18,1,1,0
BRDA:22,2,0,0
BRDA:22,2,1,0
BRDA:26,3,0,0
BRDA:26,3,1,0
BRDA:30,4,0,0
BRDA:30,4,1,0
BRDA:34,5,0,0
BRDA:34,5,1,0
BRDA:38,6,0,0
BRDA:38,6,1,0
BRDA:50,7,0,0
BRDA:50,7,1,0
BRDA:51,8,0,0
BRDA:51,8,1,0
BRDA:63,9,0,0
BRDA:63,9,1,0
BRDA:69,10,0,0
BRDA:69,10,1,0
BRDA:70,11,0,0
BRDA:70,11,1,0
BRDA:82,12,0,0
BRDA:82,12,1,0
BRF:26
BRH:0
end_of_record
TN:
SF:packages/icon-build-helpers/src/builders/react/next/templates.js
FNF:0
FNH:0
DA:10,5
DA:12,5
DA:21,5
DA:35,5
DA:52,5
DA:63,5
LF:6
LH:6
BRF:0
BRH:0
end_of_record
TN:
SF:packages/icon-build-helpers/src/builders/react/next/typescript.js
FN:19,emitIconComponent
FN:30,(anonymous_1)
FN:37,copyCarbonIconType
FN:43,writeModuleTypes
FN:56,writeBucketTypes
FN:64,(anonymous_5)
FN:75,writeIndex
FN:76,(anonymous_7)
FN:82,(anonymous_8)
FN:87,writeTsDefinitions
FNF:10
FNH:0
FNDA:0,emitIconComponent
FNDA:0,(anonymous_1)
FNDA:0,copyCarbonIconType
FNDA:0,writeModuleTypes
FNDA:0,writeBucketTypes
FNDA:0,(anonymous_5)
FNDA:0,writeIndex
FNDA:0,(anonymous_7)
FNDA:0,(anonymous_8)
FNDA:0,writeTsDefinitions
DA:10,5
DA:11,5
DA:12,5
DA:13,5
DA:17,5
DA:20,0
DA:21,0
DA:22,0
DA:23,0
DA:24,0
DA:25,0
DA:26,0
DA:29,0
DA:30,0
DA:31,0
DA:33,0
DA:38,0
DA:39,0
DA:40,0
DA:44,0
DA:46,0
DA:51,0
DA:52,0
DA:57,0
DA:58,0
DA:59,0
DA:60,0
DA:62,0
DA:63,0
DA:64,0
DA:66,0
DA:71,0
DA:76,0
DA:78,0
DA:82,0
DA:84,0
DA:88,0
DA:89,0
DA:90,0
DA:91,0
DA:92,0
DA:95,5
LF:42
LH:6
BRDA:29,0,0,0
BRDA:29,0,1,0
BRF:2
BRH:0
end_of_record
TN:
SF:packages/icon-build-helpers/src/builders/vue/builder.js
FN:41,builder
FN:42,(anonymous_1)
FN:43,(anonymous_2)
FN:135,createIconComponent
FNF:4
FNH:0
FNDA:0,builder
FNDA:0,(anonymous_1)
FNDA:0,(anonymous_2)
FNDA:0,createIconComponent
DA:10,5
DA:11,5
DA:12,5
DA:13,5
DA:14,5
DA:16,5
DA:24,5
DA:25,5
DA:42,0
DA:43,0
DA:44,0
DA:45,0
DA:53,0
DA:69,0
DA:73,0
DA:74,0
DA:75,0
DA:76,0
DA:80,0
DA:86,0
DA:97,0
DA:98,0
DA:106,0
DA:109,0
DA:115,0
DA:136,0
DA:148,5
LF:27
LH:9
BRF:0
BRH:0
end_of_record
TN:
SF:packages/icon-build-helpers/src/builders/vue/utils.js
FN:14,getVueExport
FN:21,(anonymous_1)
FN:33,(anonymous_2)
FN:58,(anonymous_3)
FN:66,(anonymous_4)
FN:67,(anonymous_5)
FN:70,(anonymous_6)
FN:78,(anonymous_7)
FN:84,(anonymous_8)
FNF:9
FNH:0
FNDA:0,getVueExport
FNDA:0,(anonymous_1)
FNDA:0,(anonymous_2)
FNDA:0,(anonymous_3)
FNDA:0,(anonymous_4)
FNDA:0,(anonymous_5)
FNDA:0,(anonymous_6)
FNDA:0,(anonymous_7)
FNDA:0,(anonymous_8)
DA:15,0
DA:18,0
DA:19,0
DA:21,0
DA:22,0
DA:33,0
DA:34,0
DA:41,0
DA:43,0
DA:44,0
DA:46,0
DA:47,0
DA:50,0
DA:51,0
DA:55,0
DA:58,0
DA:67,0
DA:68,0
DA:70,0
DA:79,0
DA:85,0
LF:21
LH:0
BRDA:43,0,0,0
BRDA:43,0,1,0
BRDA:43,1,0,0
BRDA:43,1,1,0
BRDA:46,2,0,0
BRDA:46,2,1,0
BRDA:50,3,0,0
BRDA:50,3,1,0
BRDA:63,4,0,0
BRDA:63,4,1,0
BRDA:69,5,0,0
BRDA:69,5,1,0
BRDA:71,6,0,0
BRDA:71,6,1,0
BRDA:83,7,0,0
BRDA:83,7,1,0
BRDA:87,8,0,0
BRDA:87,8,1,0
BRF:18
BRH:0
end_of_record
TN:
SF:packages/icon-build-helpers/src/metadata/extension.js
FN:31,validate
FN:43,loadExtension
FN:59,load
FN:63,order
FN:64,(anonymous_4)
FNF:5
FNH:5
FNDA:61,validate
FNDA:61,loadExtension
FNDA:27,load
FNDA:60,order
FNDA:57,(anonymous_4)
DA:32,61
DA:33,1
DA:44,61
DA:45,4
DA:46,4
DA:47,4
DA:48,4
DA:50,57
DA:51,57
DA:52,56
DA:60,27
DA:61,26
DA:64,60
DA:65,60
DA:66,1
DA:69,59
DA:70,2
DA:73,59
DA:76,26
DA:78,26
DA:81,12
LF:21
LH:21
BRDA:32,0,0,1
BRDA:32,0,1,60
BRDA:44,1,0,4
BRDA:44,1,1,57
BRDA:59,2,0,0
BRDA:65,3,0,1
BRDA:65,3,1,59
BRDA:69,4,0,2
BRDA:69,4,1,57
BRF:9
BRH:8
end_of_record
TN:
SF:packages/icon-build-helpers/src/metadata/index.js
FN:27,check
FN:50,load
FN:89,build
FN:117,scaffold
FN:131,(anonymous_4)
FN:139,(anonymous_5)
FN:140,(anonymous_6)
FN:152,(anonymous_7)
FNF:8
FNH:3
FNDA:10,check
FNDA:10,load
FNDA:1,build
FNDA:0,scaffold
FNDA:0,(anonymous_4)
FNDA:0,(anonymous_5)
FNDA:0,(anonymous_6)
FNDA:0,(anonymous_7)
DA:10,10
DA:11,10
DA:12,10
DA:13,10
DA:14,10
DA:15,10
DA:16,10
DA:17,10
DA:32,10
DA:33,10
DA:38,10
DA:55,10
DA:56,10
DA:61,10
DA:63,10
DA:64,10
DA:70,10
DA:71,32
DA:72,32
DA:76,10
DA:95,1
DA:97,1
DA:99,1
DA:100,1
DA:104,1
DA:123,0
DA:124,0
DA:130,0
DA:131,0
DA:132,0
DA:133,0
DA:138,0
DA:139,0
DA:141,0
DA:144,0
DA:145,0
DA:148,0
DA:152,0
DA:153,0
DA:156,0
DA:159,10
LF:41
LH:26
BRDA:28,0,0,0
BRDA:30,1,0,0
BRDA:51,2,0,5
BRDA:52,3,0,0
BRDA:71,4,0,32
BRDA:71,4,1,0
BRDA:90,5,0,0
BRDA:91,6,0,0
BRDA:93,7,0,1
BRDA:97,8,0,1
BRDA:97,8,1,1
BRDA:118,9,0,0
BRDA:120,10,0,0
BRDA:121,11,0,0
BRDA:132,12,0,0
BRDA:132,12,1,0
BRDA:144,13,0,0
BRDA:144,13,1,0
BRF:18
BRH:5
end_of_record
TN:
SF:packages/icon-build-helpers/src/metadata/storage.js
FN:18,load
FN:20,(anonymous_1)
FN:44,save
FN:46,(anonymous_3)
FNF:4
FNH:4
FNDA:22,load
FNDA:48,(anonymous_1)
FNDA:1,save
FNDA:3,(anonymous_3)
DA:19,22
DA:23,48
DA:24,19
DA:27,29
DA:28,29
DA:45,1
DA:48,3
DA:49,1
DA:51,2
DA:56,11
LF:10
LH:10
BRDA:18,0,0,0
BRDA:23,1,0,19
BRDA:23,1,1,29
BRDA:44,2,0,0
BRDA:48,3,0,1
BRDA:48,3,1,2
BRF:6
BRH:4
end_of_record
TN:
SF:packages/icon-build-helpers/src/metadata/validate.js
FN:21,validate
FN:26,(anonymous_1)
FN:31,(anonymous_2)
FNF:3
FNH:1
FNDA:20,validate
FNDA:0,(anonymous_1)
FNDA:0,(anonymous_2)
DA:10,10
DA:22,20
DA:23,42
DA:24,23
DA:25,23
DA:26,0
DA:30,0
DA:31,0
DA:32,0
DA:33,0
DA:35,0
DA:39,42
DA:40,23
DA:45,10
LF:14
LH:8
BRDA:21,0,0,0
BRDA:23,1,0,23
BRDA:23,1,1,19
BRDA:25,2,0,0
BRDA:25,2,1,23
BRDA:39,3,0,23
BRDA:39,3,1,19
BRF:7
BRH:5
end_of_record
TN:
SF:packages/icon-build-helpers/src/metadata/adapters/index.js
FNF:0
FNH:0
DA:10,10
DA:11,10
DA:22,10
LF:3
LH:3
BRF:0
BRH:0
end_of_record
TN:
SF:packages/icon-build-helpers/src/metadata/adapters/memory.js
FN:19,read
FN:37,write
FNF:2
FNH:2
FNDA:9,read
FNDA:1,write
DA:10,11
DA:12,11
DA:20,9
DA:22,9
DA:23,8
DA:26,1
DA:38,1
DA:39,1
DA:42,11
LF:9
LH:9
BRDA:22,0,0,8
BRDA:22,0,1,1
BRF:2
BRH:2
end_of_record
TN:
SF:packages/icon-build-helpers/src/metadata/adapters/yml.js
FN:21,getFilenameFor
FN:33,serialize
FN:42,deserialize
FN:51,read
FN:71,write
FNF:5
FNH:5
FNDA:30,getFilenameFor
FNDA:16,serialize
FNDA:25,deserialize
FNDA:26,read
FNDA:4,write
DA:10,12
DA:11,12
DA:12,12
DA:22,30
DA:34,16
DA:43,25
DA:52,26
DA:54,26
DA:55,1
DA:62,25
DA:72,4
DA:74,4
DA:75,4
DA:78,12
LF:14
LH:14
BRDA:54,0,0,1
BRDA:54,0,1,25
BRF:2
BRH:2
end_of_record
TN:
SF:packages/icon-build-helpers/src/metadata/extensions/assets.js
FN:17,(anonymous_0)
FN:21,(anonymous_1)
FN:24,(anonymous_2)
FNF:3
FNH:3
FNDA:8,(anonymous_0)
FNDA:8,(anonymous_1)
FNDA:10146,(anonymous_2)
DA:10,10
DA:11,10
DA:17,10
DA:18,8
DA:22,8
DA:23,9863
DA:24,9863
DA:25,10146
DA:36,10
LF:9
LH:9
BRF:0
BRH:0
end_of_record
TN:
SF:packages/icon-build-helpers/src/metadata/extensions/categories.js
FN:27,(anonymous_0)
FN:48,(anonymous_1)
FN:59,(anonymous_2)
FN:68,(anonymous_3)
FN:74,(anonymous_4)
FN:103,(anonymous_5)
FN:105,(anonymous_6)
FNF:7
FNH:4
FNDA:4,(anonymous_0)
FNDA:0,(anonymous_1)
FNDA:0,(anonymous_2)
FNDA:0,(anonymous_3)
FNDA:4,(anonymous_4)
FNDA:6,(anonymous_5)
FNDA:2,(anonymous_6)
DA:10,10
DA:27,10
DA:28,4
DA:49,0
DA:51,0
DA:53,0
DA:54,0
DA:56,0
DA:57,0
DA:58,0
DA:59,0
DA:60,0
DA:61,0
DA:64,0
DA:67,0
DA:68,0
DA:69,0
DA:77,4
DA:79,4
DA:80,4
DA:81,2
DA:82,2
DA:83,3
DA:90,2
DA:93,2
DA:94,3
DA:102,4
DA:103,6
DA:104,6
DA:105,2
DA:106,2
DA:115,2
DA:116,4
DA:117,2
DA:118,2
DA:119,1
DA:121,2
DA:132,10
LF:38
LH:24
BRDA:56,0,0,0
BRDA:56,0,1,0
BRDA:80,1,0,2
BRDA:80,1,1,2
BRDA:104,2,0,2
BRDA:104,2,1,4
BRDA:116,3,0,2
BRDA:116,3,1,2
BRDA:118,4,0,1
BRDA:118,4,1,1
BRF:10
BRH:8
end_of_record
TN:
SF:packages/icon-build-helpers/src/metadata/extensions/deprecated.js
FN:20,(anonymous_0)
FN:35,(anonymous_1)
FN:39,(anonymous_2)
FN:49,(anonymous_3)
FNF:4
FNH:4
FNDA:6,(anonymous_0)
FNDA:5,(anonymous_1)
FNDA:85805,(anonymous_2)
FNDA:6,(anonymous_3)
DA:10,10
DA:20,10
DA:21,6
DA:36,5
DA:38,5
DA:39,85805
DA:40,9860
DA:41,40
DA:42,40
DA:43,40
DA:50,6
DA:51,42
DA:52,42
DA:53,1
DA:64,10
LF:15
LH:15
BRDA:40,0,0,40
BRDA:40,0,1,9820
BRDA:42,1,0,40
BRDA:42,1,1,0
BRDA:52,2,0,1
BRDA:52,2,1,41
BRF:6
BRH:5
end_of_record
TN:
SF:packages/icon-build-helpers/src/metadata/extensions/icons.js
FN:17,(anonymous_0)
FN:37,(anonymous_1)
FN:38,(anonymous_2)
FN:65,(anonymous_3)
FN:72,(anonymous_4)
FN:75,(anonymous_5)
FN:87,(anonymous_6)
FN:103,(anonymous_7)
FNF:8
FNH:8
FNDA:9,(anonymous_0)
FNDA:5,(anonymous_1)
FNDA:7334,(anonymous_2)
FNDA:9,(anonymous_3)
FNDA:8963375,(anonymous_4)
FNDA:1,(anonymous_5)
FNDA:7982,(anonymous_6)
FNDA:7981,(anonymous_7)
DA:10,10
DA:17,10
DA:18,9
DA:38,5
DA:39,7334
DA:47,5
DA:48,7334
DA:51,7334
DA:57,7334
DA:58,7617
DA:59,0
DA:71,9
DA:72,8963375
DA:73,7338
DA:74,1
DA:75,1
DA:77,1
DA:86,7337
DA:87,7621
DA:88,7982
DA:89,55
DA:91,7927
DA:93,7621
DA:94,1
DA:102,7336
DA:103,7620
DA:104,7981
DA:106,7620
DA:107,1
DA:116,6
DA:117,7336
DA:118,1
DA:126,5
DA:127,7334
DA:128,7334
DA:129,7617
DA:130,0
DA:136,7617
DA:143,10
LF:39
LH:37
BRDA:51,0,0,7334
BRDA:51,0,1,0
BRDA:58,1,0,0
BRDA:58,1,1,7617
BRDA:58,2,0,7617
BRDA:58,2,1,0
BRDA:73,3,0,1
BRDA:73,3,1,7337
BRDA:88,4,0,55
BRDA:88,4,1,7927
BRDA:93,5,0,1
BRDA:93,5,1,7620
BRDA:106,6,0,1
BRDA:106,6,1,7619
BRDA:117,7,0,1
BRDA:117,7,1,7335
BRDA:129,8,0,0
BRDA:129,8,1,7617
BRF:18
BRH:14
end_of_record
TN:
SF:packages/icon-build-helpers/src/metadata/extensions/index.js
FNF:0
FNH:0
DA:10,10
DA:11,10
DA:12,10
DA:13,10
DA:14,10
DA:15,10
DA:16,10
DA:17,10
DA:30,10
LF:9
LH:9
BRF:0
BRH:0
end_of_record
TN:
SF:packages/icon-build-helpers/src/metadata/extensions/module-info.js
FN:18,(anonymous_0)
FN:22,(anonymous_1)
FN:32,(anonymous_2)
FN:60,getGlobalName
FN:62,(anonymous_4)
FN:79,getLocalName
FN:89,safe
FN:101,parse
FN:104,transform
FN:129,transformAttributes
FNF:10
FNH:10
FNDA:1,(anonymous_0)
FNDA:1,(anonymous_1)
FNDA:2538,(anonymous_2)
FNDA:2444,getGlobalName
FNDA:135,(anonymous_4)
FNDA:4888,getLocalName
FNDA:4888,safe
FNDA:2538,parse
FNDA:7307,transform
FNDA:7307,transformAttributes
DA:10,10
DA:11,10
DA:12,10
DA:13,10
DA:18,10
DA:19,1
DA:23,1
DA:24,2444
DA:25,2444
DA:27,2444
DA:33,2538
DA:36,2538
DA:38,2538
DA:46,2444
DA:61,2444
DA:62,135
DA:66,2444
DA:68,2444
DA:80,4888
DA:90,4888
DA:91,14
DA:93,4874
DA:102,2538
DA:105,7307
DA:106,7307
DA:107,2538
DA:118,4769
DA:126,0
DA:130,7307
DA:131,7307
DA:132,11614
DA:136,11614
DA:139,7307
DA:142,2538
DA:145,10
LF:35
LH:34
BRDA:60,0,0,0
BRDA:90,1,0,14
BRDA:90,1,1,4874
BRDA:105,2,0,7307
BRDA:105,2,1,0
BRDA:106,3,0,2538
BRDA:106,3,1,4769
BRDA:132,4,0,11614
BRDA:132,4,1,0
BRF:9
BRH:6
end_of_record
TN:
SF:packages/icon-build-helpers/src/metadata/extensions/module-name.js
FN:13,(anonymous_0)
FN:17,(anonymous_1)
FN:32,getModuleName
FN:33,(anonymous_3)
FNF:4
FNH:0
FNDA:0,(anonymous_0)
FNDA:0,(anonymous_1)
FNDA:0,getModuleName
FNDA:0,(anonymous_3)
DA:10,10
DA:13,10
DA:14,0
DA:18,0
DA:19,0
DA:20,0
DA:33,0
DA:34,0
DA:35,0
DA:38,0
DA:39,0
DA:42,0
DA:45,10
LF:13
LH:3
BRDA:32,0,0,0
BRDA:34,1,0,0
BRDA:34,1,1,0
BRDA:38,2,0,0
BRDA:38,2,1,0
BRF:5
BRH:0
end_of_record
TN:
SF:packages/icon-build-helpers/src/metadata/extensions/pictograms.js
FN:17,(anonymous_0)
FN:29,(anonymous_1)
FN:30,(anonymous_2)
FN:48,(anonymous_3)
FN:50,(anonymous_4)
FN:53,(anonymous_5)
FNF:6
FNH:5
FNDA:3,(anonymous_0)
FNDA:3,(anonymous_1)
FNDA:2529,(anonymous_2)
FNDA:3,(anonymous_3)
FNDA:1598961,(anonymous_4)
FNDA:0,(anonymous_5)
DA:10,10
DA:17,10
DA:18,3
DA:30,3
DA:31,2529
DA:38,3
DA:39,2529
DA:42,2529
DA:49,3
DA:50,1598961
DA:51,2529
DA:52,0
DA:53,0
DA:55,0
DA:64,3
DA:65,2529
DA:66,0
DA:76,10
LF:18
LH:14
BRDA:42,0,0,2529
BRDA:42,0,1,0
BRDA:51,1,0,0
BRDA:51,1,1,2529
BRDA:65,2,0,0
BRDA:65,2,1,2529
BRF:6
BRH:3
end_of_record
TN:
SF:packages/icon-build-helpers/src/metadata/extensions/output/getModuleName.js
FN:18,getModuleName
FN:20,(anonymous_1)
FNF:2
FNH:2
FNDA:31818,getModuleName
FNDA:1621,(anonymous_1)
DA:10,11
DA:19,31818
DA:20,1621
DA:24,31818
DA:26,31818
DA:27,29288
DA:28,55
DA:30,29233
DA:34,31818
DA:35,25
DA:38,31818
DA:41,11
LF:12
LH:12
BRDA:18,0,0,0
BRDA:26,1,0,29288
BRDA:26,1,1,2530
BRDA:27,2,0,55
BRDA:27,2,1,29233
BRDA:34,3,0,25
BRDA:34,3,1,31793
BRF:7
BRH:6
end_of_record
TN:
SF:packages/icon-build-helpers/src/metadata/extensions/output/index.js
FN:29,(anonymous_0)
FN:33,(anonymous_1)
FN:82,(anonymous_2)
FN:85,(anonymous_3)
FN:86,(anonymous_4)
FN:110,(anonymous_5)
FN:112,(anonymous_6)
FN:148,createDescriptor
FN:188,parse
FN:205,svg2jsAsync
FN:206,(anonymous_10)
FN:207,(anonymous_11)
FN:223,convert
FN:227,(anonymous_13)
FNF:14
FNH:14
FNDA:8,(anonymous_0)
FNDA:8,(anonymous_1)
FNDA:7590,(anonymous_2)
FNDA:29228,(anonymous_3)
FNDA:30038,(anonymous_4)
FNDA:7590,(anonymous_5)
FNDA:27,(anonymous_6)
FNDA:31811,createDescriptor
FNDA:31811,parse
FNDA:31811,svg2jsAsync
FNDA:31811,(anonymous_10)
FNDA:31811,(anonymous_11)
FNDA:89749,convert
FNDA:142225,(anonymous_13)
DA:10,10
DA:11,10
DA:12,10
DA:15,10
DA:16,10
DA:22,10
DA:29,10
DA:30,8
DA:34,8
DA:35,9863
DA:36,10146
DA:41,9863
DA:42,2529
DA:43,2529
DA:47,2529
DA:59,2529
DA:62,7334
DA:63,27
DA:64,27
DA:76,27
DA:81,7307
DA:82,7590
DA:84,7307
DA:86,30038
DA:87,29228
DA:95,29228
DA:110,7590
DA:111,7307
DA:112,27
DA:113,27
DA:149,31811
DA:150,31811
DA:151,31811
DA:160,31811
DA:161,29282
DA:162,29282
DA:163,29228
DA:164,29228
DA:165,29228
DA:169,54
DA:170,54
DA:171,54
DA:174,2529
DA:175,2529
DA:178,31811
DA:189,31811
DA:190,31811
DA:191,31811
DA:194,0
DA:196,0
DA:206,31811
DA:207,31811
DA:208,31811
DA:209,0
DA:210,0
DA:212,31811
DA:224,89749
DA:225,89749
DA:228,142225
DA:235,89749
DA:236,32042
DA:239,89749
DA:242,10
LF:63
LH:59
BRDA:29,0,0,5
BRDA:41,1,0,2529
BRDA:41,1,1,7334
BRDA:62,2,0,27
BRDA:62,2,1,7307
BRDA:62,3,0,7334
BRDA:62,3,1,7108
BRDA:87,4,0,7563
BRDA:87,4,1,21665
BRDA:111,5,0,27
BRDA:111,5,1,7280
BRDA:160,6,0,29282
BRDA:160,6,1,2529
BRDA:162,7,0,29228
BRDA:162,7,1,54
BRDA:165,8,0,21665
BRDA:165,8,1,7563
BRDA:208,9,0,0
BRDA:208,9,1,31811
BRDA:224,10,0,0
BRDA:235,11,0,32042
BRDA:235,11,1,57707
BRF:22
BRH:20
end_of_record
TN:
SF:packages/icon-build-helpers/src/metadata/extensions/output/optimizer.js
FN:30,(anonymous_0)
FN:65,(anonymous_1)
FNF:2
FNH:2
FNDA:164814,(anonymous_0)
FNDA:152102,(anonymous_1)
DA:10,10
DA:25,10
DA:36,164814
DA:37,0
DA:40,164814
DA:41,28422
DA:42,12460
DA:46,152354
DA:48,152354
DA:49,761466
DA:54,252
DA:57,152102
DA:66,152102
DA:67,244
DA:68,244
DA:75,152102
DA:214,10
DA:220,10
LF:18
LH:17
BRDA:36,0,0,0
BRDA:36,0,1,164814
BRDA:36,1,0,164814
BRDA:36,1,1,572
BRDA:40,2,0,28422
BRDA:40,2,1,136392
BRDA:41,3,0,12460
BRDA:41,3,1,15962
BRDA:49,4,0,252
BRDA:49,4,1,761214
BRDA:50,5,0,761466
BRDA:50,5,1,39336
BRDA:50,5,2,492
BRDA:66,6,0,244
BRDA:66,6,1,151858
BRF:15
BRH:14
end_of_record
TN:
SF:packages/icon-build-helpers/src/metadata/migrations/2020-01-27.js
FN:16,migrate
FN:24,(anonymous_1)
FN:37,(anonymous_2)
FN:66,(anonymous_3)
FNF:4
FNH:0
FNDA:0,migrate
FNDA:0,(anonymous_1)
FNDA:0,(anonymous_2)
FNDA:0,(anonymous_3)
DA:10,0
DA:11,0
DA:12,0
DA:13,0
DA:14,0
DA:17,0
DA:18,0
DA:19,0
DA:21,0
DA:22,0
DA:23,0
DA:24,0
DA:25,0
DA:26,0
DA:36,0
DA:37,0
DA:38,0
DA:39,0
DA:42,0
DA:55,0
DA:66,0
DA:67,0
DA:68,0
LF:23
LH:0
BRDA:23,0,0,0
BRDA:25,1,0,0
BRDA:25,1,1,0
BRDA:38,2,0,0
BRDA:38,2,1,0
BRDA:47,3,0,0
BRDA:47,3,1,0
BRDA:48,4,0,0
BRDA:48,4,1,0
BRF:9
BRH:0
end_of_record
TN:
SF:packages/icon-build-helpers/src/metadata/migrations/2020-02-17-remove-usage-fields.js
FN:15,migrate
FN:33,(anonymous_1)
FNF:2
FNH:0
FNDA:0,migrate
FNDA:0,(anonymous_1)
DA:10,0
DA:11,0
DA:12,0
DA:16,0
DA:17,0
DA:19,0
DA:20,0
DA:21,0
DA:25,0
DA:33,0
DA:34,0
DA:35,0
LF:12
LH:0
BRDA:20,0,0,0
BRDA:20,0,1,0
BRF:2
BRH:0
end_of_record
TN:
SF:packages/icon-build-helpers/src/metadata/migrations/2020-02-17-update-pictogram-files.js
FN:16,migrate
FN:67,(anonymous_1)
FNF:2
FNH:0
FNDA:0,migrate
FNDA:0,(anonymous_1)
DA:10,0
DA:11,0
DA:12,0
DA:13,0
DA:17,0
DA:21,0
DA:22,0
DA:26,0
DA:27,0
DA:28,0
DA:29,0
DA:34,0
DA:35,0
DA:38,0
DA:41,0
DA:42,0
DA:45,0
DA:46,0
DA:47,0
DA:52,0
DA:53,0
DA:56,0
DA:61,0
DA:67,0
DA:68,0
DA:69,0
LF:26
LH:0
BRDA:28,0,0,0
BRDA:28,0,1,0
BRDA:34,1,0,0
BRDA:34,1,1,0
BRDA:41,2,0,0
BRDA:41,2,1,0
BRDA:46,3,0,0
BRDA:46,3,1,0
BRDA:52,4,0,0
BRDA:52,4,1,0
BRF:10
BRH:0
end_of_record
TN:
SF:packages/layout/src/index.js
FN:21,rem
FN:30,em
FN:39,px
FN:73,breakpointUp
FN:77,breakpointDown
FN:81,breakpoint
FN:88,miniUnits
FNF:7
FNH:2
FNDA:80,rem
FNDA:0,em
FNDA:0,px
FNDA:0,breakpointUp
FNDA:0,breakpointDown
FNDA:0,breakpoint
FNDA:50,miniUnits
DA:14,2
DA:22,80
DA:31,0
DA:40,0
DA:45,2
DA:74,0
DA:78,0
DA:82,0
DA:86,2
DA:89,50
DA:93,2
DA:94,2
DA:95,2
DA:96,2
DA:97,2
DA:98,2
DA:99,2
DA:100,2
DA:101,2
DA:102,2
DA:103,2
DA:104,2
DA:105,2
DA:106,2
DA:123,2
DA:124,2
DA:125,2
DA:126,2
DA:127,2
DA:136,2
DA:137,2
DA:138,2
DA:139,2
DA:140,2
DA:141,2
DA:142,2
DA:143,2
DA:154,2
DA:155,2
DA:156,2
DA:157,2
DA:158,2
DA:159,2
DA:166,2
DA:167,2
DA:168,2
DA:169,2
DA:170,2
DA:171,2
DA:172,2
DA:182,2
DA:183,2
DA:184,2
LF:53
LH:48
BRF:0
BRH:0
end_of_record
TN:
SF:packages/layout/src/tokens.js
FNF:0
FNH:0
DA:8,2
LF:1
LH:1
BRF:0
BRH:0
end_of_record
TN:
SF:packages/motion/src/index.js
FN:52,motion
FNF:1
FNH:0
FNDA:0,motion
DA:8,1
DA:9,1
DA:10,1
DA:11,1
DA:12,1
DA:13,1
DA:15,1
DA:16,1
DA:17,1
DA:18,1
DA:19,1
DA:20,1
DA:22,1
DA:37,1
DA:53,0
DA:54,0
DA:60,0
DA:61,0
DA:62,0
DA:67,0
LF:20
LH:14
BRDA:53,0,0,0
BRDA:53,0,1,0
BRDA:61,1,0,0
BRDA:61,1,1,0
BRF:4
BRH:0
end_of_record
TN:
SF:packages/react/src/feature-flags.js
FNF:0
FNH:0
DA:10,0
LF:1
LH:0
BRF:0
BRH:0
end_of_record
TN:
SF:packages/react/src/index.js
FNF:0
FNH:0
LF:0
LH:0
BRF:0
BRH:0
end_of_record
TN:
SF:packages/react/src/components/AILabel/index.tsx
FN:28,AILabelContent
FN:34,(anonymous_1)
FN:66,AILabelActions
FN:126,(anonymous_3)
FN:149,AILabel
FN:185,(anonymous_5)
FNF:6
FNH:0
FNDA:0,AILabelContent
FNDA:0,(anonymous_1)
FNDA:0,AILabelActions
FNDA:0,(anonymous_3)
FNDA:0,AILabel
FNDA:0,(anonymous_5)
DA:28,0
DA:32,0
DA:34,0
DA:35,0
DA:36,0
DA:39,0
DA:44,0
DA:51,0
DA:52,0
DA:66,0
DA:70,0
DA:72,0
DA:76,0
DA:83,0
DA:84,0
DA:126,0
DA:127,0
DA:148,0
DA:169,0
DA:170,0
DA:172,0
DA:177,0
DA:185,0
DA:186,0
DA:187,0
DA:192,0
DA:196,0
DA:198,0
DA:233,0
DA:234,0
LF:30
LH:0
BRDA:151,0,0,0
BRDA:155,1,0,0
BRDA:158,2,0,0
BRDA:161,3,0,0
BRDA:162,4,0,0
BRDA:163,5,0,0
BRDA:164,6,0,0
BRDA:182,7,0,0
BRDA:182,7,1,0
BRDA:182,7,2,0
BRDA:186,8,0,0
BRDA:186,8,1,0
BRDA:192,9,0,0
BRDA:192,9,1,0
BRDA:192,10,0,0
BRDA:192,10,1,0
BRDA:193,11,0,0
BRDA:193,11,1,0
BRDA:194,12,0,0
BRDA:194,12,1,0
BRDA:200,13,0,0
BRDA:200,13,1,0
BRDA:213,14,0,0
BRDA:213,14,1,0
BRDA:217,15,0,0
BRDA:217,15,1,0
BRDA:219,16,0,0
BRDA:219,16,1,0
BRDA:219,16,2,0
BRDA:219,16,3,0
BRDA:221,17,0,0
BRDA:221,17,1,0
BRF:32
BRH:0
end_of_record
TN:
SF:packages/react/src/components/AISkeleton/AISkeletonIcon.tsx
FN:26,(anonymous_0)
FNF:1
FNH:0
FNDA:0,(anonymous_0)
DA:26,0
DA:27,0
DA:28,0
DA:32,0
DA:35,0
LF:5
LH:0
BRF:0
BRH:0
end_of_record
TN:
SF:packages/react/src/components/AISkeleton/AISkeletonPlaceholder.tsx
FN:21,(anonymous_0)
FNF:1
FNH:0
FNDA:0,(anonymous_0)
DA:21,0
DA:25,0
DA:26,0
DA:31,0
DA:36,0
LF:5
LH:0
BRF:0
BRH:0
end_of_record
TN:
SF:packages/react/src/components/AISkeleton/AISkeletonText.tsx
FN:41,(anonymous_0)
FNF:1
FNH:0
FNDA:0,(anonymous_0)
DA:41,0
DA:42,0
DA:43,0
DA:47,0
DA:50,0
LF:5
LH:0
BRF:0
BRH:0
end_of_record
TN:
SF:packages/react/src/components/AISkeleton/index.tsx
FNF:0
FNH:0
LF:0
LH:0
BRF:0
BRH:0
end_of_record
TN:
SF:packages/react/src/components/Accordion/Accordion.Skeleton.tsx
FN:50,AccordionSkeleton
FN:82,(anonymous_1)
FN:116,AccordionSkeletonItem
FNF:3
FNH:0
FNDA:0,AccordionSkeleton
FNDA:0,(anonymous_1)
FNDA:0,AccordionSkeletonItem
DA:59,0
DA:60,0
DA:64,0
DA:65,0
DA:66,0
DA:83,0
DA:89,0
DA:117,0
DA:118,0
LF:9
LH:0
BRDA:51,0,0,0
BRDA:53,1,0,0
BRDA:55,2,0,0
BRDA:56,3,0,0
BRDA:62,4,0,0
BRDA:62,4,1,0
BRDA:64,5,0,0
BRDA:64,5,1,0
BRDA:65,6,0,0
BRDA:65,6,1,0
BRDA:68,7,0,0
BRDA:68,7,1,0
BRF:12
BRH:0
end_of_record
TN:
SF:packages/react/src/components/Accordion/Accordion.tsx
FN:57,Accordion
FNF:1
FNH:0
FNDA:0,Accordion
DA:67,0
DA:69,0
DA:75,0
DA:77,0
DA:86,0
LF:5
LH:0
BRDA:58,0,0,0
BRDA:61,1,0,0
BRDA:62,2,0,0
BRDA:63,3,0,0
BRDA:73,4,0,0
BRDA:73,4,1,0
BRDA:75,5,0,0
BRDA:75,5,1,0
BRF:8
BRH:0
end_of_record
TN:
SF:packages/react/src/components/Accordion/AccordionItem.tsx
FN:103,(anonymous_0)
FN:107,AccordionItem
FN:140,(anonymous_2)
FN:159,onClick
FN:170,onKeyDown
FN:176,onAnimationEnd
FNF:6
FNH:0
FNDA:0,(anonymous_0)
FNDA:0,AccordionItem
FNDA:0,(anonymous_2)
FNDA:0,onClick
FNDA:0,onKeyDown
FNDA:0,onAnimationEnd
DA:103,0
DA:104,0
DA:119,0
DA:120,0
DA:121,0
DA:123,0
DA:124,0
DA:128,0
DA:129,0
DA:130,0
DA:137,0
DA:139,0
DA:141,0
DA:142,0
DA:144,0
DA:146,0
DA:152,0
DA:153,0
DA:154,0
DA:160,0
DA:161,0
DA:162,0
DA:165,0
DA:171,0
DA:172,0
DA:177,0
DA:178,0
DA:182,0
DA:209,0
LF:29
LH:0
BRDA:109,0,0,0
BRDA:110,1,0,0
BRDA:112,2,0,0
BRDA:114,3,0,0
BRDA:124,4,0,0
BRDA:124,4,1,0
BRDA:132,5,0,0
BRDA:132,5,1,0
BRDA:137,6,0,0
BRDA:137,6,1,0
BRDA:141,7,0,0
BRDA:141,7,1,0
BRDA:144,8,0,0
BRDA:144,8,1,0
BRDA:152,9,0,0
BRDA:152,9,1,0
BRDA:162,10,0,0
BRDA:162,10,1,0
BRDA:171,11,0,0
BRDA:171,11,1,0
BRDA:171,12,0,0
BRDA:171,12,1,0
BRDA:177,13,0,0
BRDA:177,13,1,0
BRF:24
BRH:0
end_of_record
TN:
SF:packages/react/src/components/Accordion/AccordionProvider.tsx
FN:20,(anonymous_0)
FNF:1
FNH:0
FNDA:0,(anonymous_0)
DA:18,0
DA:20,0
DA:24,0
LF:3
LH:0
BRF:0
BRH:0
end_of_record
TN:
SF:packages/react/src/components/Accordion/index.tsx
FNF:0
FNH:0
LF:0
LH:0
BRF:0
BRH:0
end_of_record
TN:
SF:packages/react/src/components/AccordionItem/AccordionItem.js
FNF:0
FNH:0
LF:0
LH:0
BRF:0
BRH:0
end_of_record
TN:
SF:packages/react/src/components/AccordionItem/index.js
FNF:0
FNH:0
LF:0
LH:0
BRF:0
BRH:0
end_of_record
TN:
SF:packages/react/src/components/AspectRatio/AspectRatio.tsx
FN:55,(anonymous_0)
FNF:1
FNH:1
FNDA:12,(anonymous_0)
DA:55,1
DA:62,12
DA:63,12
DA:68,12
DA:75,1
LF:5
LH:5
BRDA:56,0,0,10
BRDA:59,1,0,5
BRF:2
BRH:2
end_of_record
TN:
SF:packages/react/src/components/AspectRatio/index.tsx
FNF:0
FNH:0
LF:0
LH:0
BRF:0
BRH:0
end_of_record
TN:
SF:packages/react/src/components/BadgeIndicator/index.tsx
FN:29,BadgeIndicatorContent
FNF:1
FNH:1
FNDA:4,BadgeIndicatorContent
DA:29,1
DA:33,4
DA:34,4
DA:37,4
DA:38,4
DA:44,1
LF:6
LH:6
BRDA:37,0,0,1
BRDA:37,0,1,3
BRDA:37,1,0,4
BRDA:37,1,1,2
BRF:4
BRH:4
end_of_record
TN:
SF:packages/react/src/components/Breadcrumb/Breadcrumb.Skeleton.tsx
FN:21,Item
FN:31,BreadcrumbSkeleton
FNF:2
FNH:0
FNDA:0,Item
FNDA:0,BreadcrumbSkeleton
DA:22,0
DA:24,0
DA:32,0
DA:33,0
DA:35,0
DA:44,0
LF:6
LH:0
BRF:0
BRH:0
end_of_record
TN:
SF:packages/react/src/components/Breadcrumb/Breadcrumb.tsx
FN:38,Breadcrumb
FNF:1
FNH:0
FNDA:0,Breadcrumb
DA:38,0
DA:49,0
DA:50,0
DA:56,0
DA:67,0
DA:68,0
LF:6
LH:0
BRDA:59,0,0,0
BRDA:59,0,1,0
BRF:2
BRH:0
end_of_record
TN:
SF:packages/react/src/components/Breadcrumb/BreadcrumbItem.tsx
FN:38,BreadcrumbItem
FN:73,(anonymous_1)
FNF:2
FNH:0
FNDA:0,BreadcrumbItem
FNDA:0,(anonymous_1)
DA:38,0
DA:49,0
DA:50,0
DA:59,0
DA:60,0
DA:66,0
DA:68,0
DA:73,0
DA:79,0
DA:80,0
DA:97,0
DA:107,0
DA:109,0
LF:13
LH:0
BRDA:42,0,0,0
BRDA:55,1,0,0
BRDA:55,1,1,0
BRDA:60,2,0,0
BRDA:60,2,1,0
BRDA:61,3,0,0
BRDA:61,3,1,0
BRDA:61,3,2,0
BRDA:79,4,0,0
BRDA:79,4,1,0
BRDA:82,5,0,0
BRDA:82,5,1,0
BRDA:83,6,0,0
BRDA:83,6,1,0
BRDA:88,7,0,0
BRDA:88,7,1,0
BRF:16
BRH:0
end_of_record
TN:
SF:packages/react/src/components/Button/Button.Skeleton.tsx
FN:34,(anonymous_0)
FNF:1
FNH:1
FNDA:8,(anonymous_0)
DA:34,1
DA:41,8
DA:43,8
DA:53,8
DA:58,8
DA:60,8
DA:62,8
DA:65,1
LF:8
LH:8
BRDA:36,0,0,7
BRDA:38,1,0,3
BRDA:46,2,0,8
BRDA:46,2,1,7
BRDA:62,3,0,2
BRDA:62,3,1,6
BRF:6
BRH:6
end_of_record
TN:
SF:packages/react/src/components/Button/Button.tsx
FN:137,isIconOnlyButton
FN:149,(anonymous_1)
FN:175,(anonymous_2)
FN:292,(anonymous_3)
FN:314,(anonymous_4)
FNF:5
FNH:0
FNDA:0,isIconOnlyButton
FNDA:0,(anonymous_1)
FNDA:0,(anonymous_2)
FNDA:0,(anonymous_3)
FNDA:0,(anonymous_4)
DA:20,0
DA:33,0
DA:37,0
DA:41,0
DA:141,0
DA:142,0
DA:145,0
DA:148,0
DA:153,0
DA:173,0
DA:175,0
DA:177,0
DA:178,0
DA:182,0
DA:184,0
DA:186,0
DA:187,0
DA:189,0
DA:191,0
DA:192,0
DA:193,0
DA:195,0
DA:196,0
DA:198,0
DA:199,0
DA:203,0
DA:204,0
DA:207,0
DA:241,0
DA:242,0
DA:293,0
DA:294,0
DA:298,0
DA:315,0
DA:316,0
DA:318,0
DA:319,0
DA:322,0
DA:323,0
DA:330,0
LF:40
LH:0
BRDA:141,0,0,0
BRDA:141,0,1,0
BRDA:156,1,0,0
BRDA:158,2,0,0
BRDA:159,3,0,0
BRDA:160,4,0,0
BRDA:162,5,0,0
BRDA:170,6,0,0
BRDA:171,7,0,0
BRDA:177,8,0,0
BRDA:177,8,1,0
BRDA:182,9,0,0
BRDA:182,9,1,0
BRDA:184,10,0,0
BRDA:184,10,1,0
BRDA:191,11,0,0
BRDA:191,11,1,0
BRDA:191,12,0,0
BRDA:191,12,1,0
BRDA:192,13,0,0
BRDA:192,13,1,0
BRDA:195,14,0,0
BRDA:195,14,1,0
BRDA:198,15,0,0
BRDA:198,15,1,0
BRDA:203,16,0,0
BRDA:203,16,1,0
BRDA:203,17,0,0
BRDA:203,17,1,0
BRDA:232,18,0,0
BRDA:232,18,1,0
BRDA:234,19,0,0
BRDA:234,19,1,0
BRDA:293,20,0,0
BRDA:293,20,1,0
BRDA:293,21,0,0
BRDA:293,21,1,0
BRDA:293,21,2,0
BRDA:316,22,0,0
BRDA:316,22,1,0
BRDA:318,23,0,0
BRDA:318,23,1,0
BRDA:322,24,0,0
BRDA:322,24,1,0
BRF:44
BRH:0
end_of_record
TN:
SF:packages/react/src/components/Button/ButtonBase.tsx
FN:14,ButtonBase
FNF:1
FNH:0
FNDA:0,ButtonBase
DA:14,0
DA:42,0
DA:44,0
DA:59,0
DA:65,0
DA:73,0
DA:75,0
DA:76,0
DA:78,0
DA:79,0
DA:88,0
DA:92,0
DA:93,0
DA:94,0
DA:101,0
DA:102,0
DA:103,0
DA:107,0
DA:108,0
DA:109,0
DA:112,0
LF:21
LH:0
BRDA:21,0,0,0
BRDA:22,1,0,0
BRDA:23,2,0,0
BRDA:26,3,0,0
BRDA:28,4,0,0
BRDA:37,5,0,0
BRDA:46,6,0,0
BRDA:46,6,1,0
BRDA:47,7,0,0
BRDA:47,7,1,0
BRDA:48,8,0,0
BRDA:48,8,1,0
BRDA:56,9,0,0
BRDA:56,9,1,0
BRDA:56,9,2,0
BRDA:65,10,0,0
BRDA:65,10,1,0
BRDA:82,11,0,0
BRDA:82,11,1,0
BRDA:84,12,0,0
BRDA:84,12,1,0
BRDA:86,13,0,0
BRDA:86,13,1,0
BRDA:86,14,0,0
BRDA:86,14,1,0
BRDA:86,15,0,0
BRDA:86,15,1,0
BRDA:93,16,0,0
BRDA:93,16,1,0
BRDA:101,17,0,0
BRDA:101,17,1,0
BRDA:107,18,0,0
BRDA:107,18,1,0
BRDA:107,19,0,0
BRDA:107,19,1,0
BRF:35
BRH:0
end_of_record
TN:
SF:packages/react/src/components/ButtonSet/ButtonSet.tsx
FN:23,ButtonSet
FNF:1
FNH:1
FNDA:5,ButtonSet
DA:23,1
DA:27,5
DA:28,5
DA:31,5
DA:38,1
DA:39,1
LF:6
LH:6
BRF:0
BRH:0
end_of_record
TN:
SF:packages/react/src/components/ChatButton/ChatButton.Skeleton.tsx
FN:22,(anonymous_0)
FNF:1
FNH:1
FNDA:5,(anonymous_0)
DA:22,1
DA:27,5
DA:28,5
DA:36,5
DA:39,1
LF:5
LH:5
BRF:0
BRH:0
end_of_record
TN:
SF:packages/react/src/components/ChatButton/ChatButton.tsx
FN:60,ChatButton
FNF:1
FNH:0
FNDA:0,ChatButton
DA:59,0
DA:74,0
DA:75,0
DA:82,0
DA:84,0
DA:85,0
DA:86,0
DA:89,0
DA:92,0
DA:107,0
LF:10
LH:0
BRDA:84,0,0,0
BRDA:84,0,1,0
BRDA:89,1,0,0
BRDA:89,1,1,0
BRF:4
BRH:0
end_of_record
TN:
SF:packages/react/src/components/ChatButton/index.tsx
FNF:0
FNH:0
LF:0
LH:0
BRF:0
BRH:0
end_of_record
TN:
SF:packages/react/src/components/Checkbox/Checkbox.Skeleton.tsx
FN:13,(anonymous_0)
FNF:1
FNH:1
FNDA:2,(anonymous_0)
DA:13,1
DA:17,2
DA:18,2
DA:36,1
LF:4
LH:4
BRF:0
BRH:0
end_of_record
TN:
SF:packages/react/src/components/Checkbox/Checkbox.tsx
FN:109,(anonymous_0)
FN:189,(anonymous_1)
FN:196,(anonymous_2)
FN:209,(anonymous_3)
FNF:4
FNH:0
FNDA:0,(anonymous_0)
FNDA:0,(anonymous_1)
FNDA:0,(anonymous_2)
FNDA:0,(anonymous_3)
DA:108,0
DA:131,0
DA:133,0
DA:134,0
DA:136,0
DA:138,0
DA:142,0
DA:148,0
DA:160,0
DA:164,0
DA:167,0
DA:172,0
DA:175,0
DA:183,0
DA:190,0
DA:191,0
DA:197,0
DA:198,0
DA:200,0
DA:201,0
DA:202,0
DA:203,0
DA:210,0
DA:212,0
DA:215,0
DA:216,0
DA:259,0
DA:357,0
LF:28
LH:0
BRDA:116,0,0,0
BRDA:118,1,0,0
BRDA:123,2,0,0
BRDA:133,3,0,0
BRDA:133,3,1,0
BRDA:133,3,2,0
BRDA:134,4,0,0
BRDA:134,4,1,0
BRDA:138,5,0,0
BRDA:138,5,1,0
BRDA:142,6,0,0
BRDA:142,6,1,0
BRDA:154,7,0,0
BRDA:154,7,1,0
BRDA:164,8,0,0
BRDA:164,8,1,0
BRDA:164,9,0,0
BRDA:164,9,1,0
BRDA:165,10,0,0
BRDA:165,10,1,0
BRDA:167,11,0,0
BRDA:167,11,1,0
BRDA:168,12,0,0
BRDA:168,12,1,0
BRDA:172,13,0,0
BRDA:172,13,1,0
BRDA:188,14,0,0
BRDA:188,14,1,0
BRDA:190,15,0,0
BRDA:190,15,1,0
BRDA:190,16,0,0
BRDA:190,16,1,0
BRDA:197,17,0,0
BRDA:197,17,1,0
BRDA:198,18,0,0
BRDA:198,18,1,0
BRDA:200,19,0,0
BRDA:200,19,1,0
BRDA:202,20,0,0
BRDA:202,20,1,0
BRDA:202,21,0,0
BRDA:202,21,1,0
BRDA:210,22,0,0
BRDA:210,22,1,0
BRDA:215,23,0,0
BRDA:215,23,1,0
BRDA:226,24,0,0
BRDA:226,24,1,0
BRDA:228,25,0,0
BRDA:228,25,1,0
BRDA:238,26,0,0
BRDA:238,26,1,0
BRDA:238,26,2,0
BRDA:244,27,0,0
BRDA:244,27,1,0
BRDA:253,28,0,0
BRDA:253,28,1,0
BRF:57
BRH:0
end_of_record
TN:
SF:packages/react/src/components/CheckboxGroup/CheckboxGroup.tsx
FN:41,(anonymous_0)
FNF:1
FNH:0
FNDA:0,(anonymous_0)
DA:41,0
DA:57,0
DA:59,0
DA:60,0
DA:62,0
DA:64,0
DA:68,0
DA:74,0
DA:84,0
DA:87,0
DA:91,0
DA:100,0
DA:144,0
LF:13
LH:0
BRDA:54,0,0,0
BRDA:59,1,0,0
BRDA:59,1,1,0
BRDA:59,1,2,0
BRDA:60,2,0,0
BRDA:60,2,1,0
BRDA:64,3,0,0
BRDA:64,3,1,0
BRDA:68,4,0,0
BRDA:68,4,1,0
BRDA:77,5,0,0
BRDA:77,5,1,0
BRDA:84,6,0,0
BRDA:84,6,1,0
BRDA:84,7,0,0
BRDA:84,7,1,0
BRDA:85,8,0,0
BRDA:85,8,1,0
BRDA:87,9,0,0
BRDA:87,9,1,0
BRDA:88,10,0,0
BRDA:88,10,1,0
BRDA:103,11,0,0
BRDA:103,11,1,0
BRDA:104,12,0,0
BRDA:104,12,1,0
BRDA:106,13,0,0
BRDA:106,13,1,0
BRDA:106,14,0,0
BRDA:106,14,1,0
BRDA:106,14,2,0
BRDA:110,15,0,0
BRDA:110,15,1,0
BRDA:112,16,0,0
BRDA:112,16,1,0
BRDA:114,17,0,0
BRDA:114,17,1,0
BRDA:124,18,0,0
BRDA:124,18,1,0
BRDA:124,18,2,0
BRDA:130,19,0,0
BRDA:130,19,1,0
BRDA:139,20,0,0
BRDA:139,20,1,0
BRF:44
BRH:0
end_of_record
TN:
SF:packages/react/src/components/ClassPrefix/index.tsx
FN:20,ClassPrefix
FNF:1
FNH:1
FNDA:1,ClassPrefix
DA:24,1
DA:29,1
LF:2
LH:2
BRF:0
BRH:0
end_of_record
TN:
SF:packages/react/src/components/CodeSnippet/CodeSnippet.Skeleton.tsx
FN:26,CodeSnippetSkeleton
FNF:1
FNH:0
FNDA:0,CodeSnippetSkeleton
DA:31,0
DA:32,0
DA:39,0
DA:40,0
DA:49,0
DA:50,0
DA:62,0
LF:7
LH:0
BRDA:28,0,0,0
BRDA:39,1,0,0
BRDA:39,1,1,0
BRDA:49,2,0,0
BRDA:49,2,1,0
BRF:5
BRH:0
end_of_record
TN:
SF:packages/react/src/components/CodeSnippet/CodeSnippet.tsx
FN:61,(anonymous_0)
FN:190,CodeSnippet
FN:223,(anonymous_2)
FN:235,(anonymous_3)
FN:250,(anonymous_4)
FN:274,(anonymous_5)
FN:305,(anonymous_6)
FN:309,(anonymous_7)
FN:436,(anonymous_8)
FNF:9
FNH:0
FNDA:0,(anonymous_0)
FNDA:0,CodeSnippet
FNDA:0,(anonymous_2)
FNDA:0,(anonymous_3)
FNDA:0,(anonymous_4)
FNDA:0,(anonymous_5)
FNDA:0,(anonymous_6)
FNDA:0,(anonymous_7)
FNDA:0,(anonymous_8)
DA:28,0
DA:29,0
DA:30,0
DA:31,0
DA:32,0
DA:61,0
DA:62,0
DA:72,0
DA:215,0
DA:216,0
DA:217,0
DA:218,0
DA:219,0
DA:220,0
DA:221,0
DA:222,0
DA:223,0
DA:224,0
DA:225,0
DA:227,0
DA:228,0
DA:230,0
DA:233,0
DA:235,0
DA:240,0
DA:242,0
DA:250,0
DA:251,0
DA:256,0
DA:264,0
DA:266,0
DA:267,0
DA:272,0
DA:275,0
DA:276,0
DA:278,0
DA:284,0
DA:286,0
DA:288,0
DA:293,0
DA:296,0
DA:300,0
DA:305,0
DA:306,0
DA:309,0
DA:310,0
DA:311,0
DA:314,0
DA:315,0
DA:319,0
DA:330,0
DA:332,0
DA:333,0
DA:334,0
DA:343,0
DA:363,0
DA:364,0
DA:365,0
DA:367,0
DA:368,0
DA:369,0
DA:371,0
DA:372,0
DA:375,0
DA:376,0
DA:378,0
DA:379,0
DA:383,0
DA:384,0
DA:388,0
DA:436,0
DA:451,0
LF:72
LH:0
BRDA:191,0,0,0
BRDA:192,1,0,0
BRDA:194,2,0,0
BRDA:200,3,0,0
BRDA:205,4,0,0
BRDA:206,5,0,0
BRDA:208,6,0,0
BRDA:209,7,0,0
BRDA:210,8,0,0
BRDA:211,9,0,0
BRDA:212,10,0,0
BRDA:224,11,0,0
BRDA:224,11,1,0
BRDA:227,12,0,0
BRDA:227,12,1,0
BRDA:237,13,0,0
BRDA:238,14,0,0
BRDA:239,15,0,0
BRDA:240,16,0,0
BRDA:240,16,1,0
BRDA:251,17,0,0
BRDA:251,17,1,0
BRDA:252,18,0,0
BRDA:252,18,1,0
BRDA:252,18,2,0
BRDA:252,18,3,0
BRDA:252,18,4,0
BRDA:266,19,0,0
BRDA:266,19,1,0
BRDA:268,20,0,0
BRDA:268,20,1,0
BRDA:275,21,0,0
BRDA:275,21,1,0
BRDA:275,22,0,0
BRDA:275,22,1,0
BRDA:278,23,0,0
BRDA:278,23,1,0
BRDA:279,24,0,0
BRDA:279,24,1,0
BRDA:279,24,2,0
BRDA:279,24,3,0
BRDA:288,25,0,0
BRDA:288,25,1,0
BRDA:289,26,0,0
BRDA:289,26,1,0
BRDA:289,26,2,0
BRDA:296,27,0,0
BRDA:296,27,1,0
BRDA:297,28,0,0
BRDA:297,28,1,0
BRDA:297,28,2,0
BRDA:297,28,3,0
BRDA:310,29,0,0
BRDA:310,29,1,0
BRDA:310,30,0,0
BRDA:310,30,1,0
BRDA:311,31,0,0
BRDA:311,31,1,0
BRDA:311,31,2,0
BRDA:314,32,0,0
BRDA:314,32,1,0
BRDA:321,33,0,0
BRDA:321,33,1,0
BRDA:327,34,0,0
BRDA:327,34,1,0
BRDA:330,35,0,0
BRDA:330,35,1,0
BRDA:332,36,0,0
BRDA:332,36,1,0
BRDA:333,37,0,0
BRDA:333,37,1,0
BRDA:349,38,0,0
BRDA:349,38,1,0
BRDA:364,39,0,0
BRDA:364,39,1,0
BRDA:367,40,0,0
BRDA:367,40,1,0
BRDA:368,41,0,0
BRDA:368,41,1,0
BRDA:371,42,0,0
BRDA:371,42,1,0
BRDA:375,43,0,0
BRDA:375,43,1,0
BRDA:378,44,0,0
BRDA:378,44,1,0
BRDA:383,45,0,0
BRDA:383,45,1,0
BRDA:392,46,0,0
BRDA:392,46,1,0
BRDA:392,47,0,0
BRDA:392,47,1,0
BRDA:394,48,0,0
BRDA:394,48,1,0
BRDA:394,49,0,0
BRDA:394,49,1,0
BRDA:394,49,2,0
BRDA:397,50,0,0
BRDA:397,50,1,0
BRDA:397,50,2,0
BRDA:398,51,0,0
BRDA:398,51,1,0
BRDA:398,52,0,0
BRDA:398,52,1,0
BRDA:399,53,0,0
BRDA:399,53,1,0
BRDA:400,54,0,0
BRDA:400,54,1,0
BRDA:400,54,2,0
BRDA:404,55,0,0
BRDA:404,55,1,0
BRDA:404,55,2,0
BRDA:412,56,0,0
BRDA:412,56,1,0
BRDA:415,57,0,0
BRDA:415,57,1,0
BRDA:415,57,2,0
BRDA:418,58,0,0
BRDA:418,58,1,0
BRDA:422,59,0,0
BRDA:422,59,1,0
BRDA:430,60,0,0
BRDA:430,60,1,0
BRF:122
BRH:0
end_of_record
TN:
SF:packages/react/src/components/ComboBox/ComboBox.tsx
FN:64,(anonymous_0)
FN:82,(anonymous_1)
FN:84,(anonymous_2)
FN:101,(anonymous_3)
FN:132,(anonymous_4)
FN:388,(anonymous_5)
FN:447,(anonymous_6)
FN:455,(anonymous_7)
FN:476,(anonymous_8)
FN:480,(anonymous_9)
FN:513,(anonymous_10)
FN:533,(anonymous_11)
FN:538,(anonymous_12)
FN:551,(anonymous_13)
FN:558,(anonymous_14)
FN:564,(anonymous_15)
FN:567,(anonymous_16)
FN:577,(anonymous_17)
FN:689,(anonymous_18)
FN:690,(anonymous_19)
FN:786,(anonymous_20)
FN:789,(anonymous_21)
FN:794,(anonymous_22)
FN:811,(anonymous_23)
FN:815,(anonymous_24)
FN:836,(anonymous_25)
FN:872,(anonymous_26)
FN:879,(anonymous_27)
FN:888,(anonymous_28)
FN:894,(anonymous_29)
FN:914,(anonymous_30)
FN:927,(anonymous_31)
FN:975,(anonymous_32)
FN:981,(anonymous_33)
FN:1067,(anonymous_34)
FN:1096,(anonymous_35)
FN:1123,(anonymous_36)
FNF:37
FNH:0
FNDA:0,(anonymous_0)
FNDA:0,(anonymous_1)
FNDA:0,(anonymous_2)
FNDA:0,(anonymous_3)
FNDA:0,(anonymous_4)
FNDA:0,(anonymous_5)
FNDA:0,(anonymous_6)
FNDA:0,(anonymous_7)
FNDA:0,(anonymous_8)
FNDA:0,(anonymous_9)
FNDA:0,(anonymous_10)
FNDA:0,(anonymous_11)
FNDA:0,(anonymous_12)
FNDA:0,(anonymous_13)
FNDA:0,(anonymous_14)
FNDA:0,(anonymous_15)
FNDA:0,(anonymous_16)
FNDA:0,(anonymous_17)
FNDA:0,(anonymous_18)
FNDA:0,(anonymous_19)
FNDA:0,(anonymous_20)
FNDA:0,(anonymous_21)
FNDA:0,(anonymous_22)
FNDA:0,(anonymous_23)
FNDA:0,(anonymous_24)
FNDA:0,(anonymous_25)
FNDA:0,(anonymous_26)
FNDA:0,(anonymous_27)
FNDA:0,(anonymous_28)
FNDA:0,(anonymous_29)
FNDA:0,(anonymous_30)
FNDA:0,(anonymous_31)
FNDA:0,(anonymous_32)
FNDA:0,(anonymous_33)
FNDA:0,(anonymous_34)
FNDA:0,(anonymous_35)
FNDA:0,(anonymous_36)
DA:62,0
DA:64,0
DA:65,0
DA:66,0
DA:68,0
DA:69,0
DA:71,0
DA:77,0
DA:79,0
DA:82,0
DA:84,0
DA:91,0
DA:92,0
DA:95,0
DA:96,0
DA:98,0
DA:101,0
DA:113,0
DA:114,0
DA:119,0
DA:124,0
DA:129,0
DA:132,0
DA:139,0
DA:140,0
DA:143,0
DA:145,0
DA:146,0
DA:147,0
DA:148,0
DA:152,0
DA:387,0
DA:392,0
DA:393,0
DA:430,0
DA:433,0
DA:435,0
DA:445,0
DA:447,0
DA:448,0
DA:449,0
DA:455,0
DA:456,0
DA:457,0
DA:460,0
DA:461,0
DA:466,0
DA:474,0
DA:476,0
DA:477,0
DA:478,0
DA:479,0
DA:480,0
DA:481,0
DA:486,0
DA:487,0
DA:488,0
DA:490,0
DA:493,0
DA:496,0
DA:498,0
DA:502,0
DA:503,0
DA:504,0
DA:505,0
DA:506,0
DA:507,0
DA:508,0
DA:513,0
DA:514,0
DA:515,0
DA:522,0
DA:523,0
DA:524,0
DA:529,0
DA:533,0
DA:538,0
DA:539,0
DA:551,0
DA:552,0
DA:553,0
DA:554,0
DA:558,0
DA:559,0
DA:560,0
DA:564,0
DA:565,0
DA:567,0
DA:568,0
DA:576,0
DA:578,0
DA:579,0
DA:581,0
DA:583,0
DA:584,0
DA:585,0
DA:586,0
DA:587,0
DA:589,0
DA:591,0
DA:596,0
DA:601,0
DA:607,0
DA:609,0
DA:613,0
DA:614,0
DA:615,0
DA:617,0
DA:620,0
DA:621,0
DA:625,0
DA:634,0
DA:635,0
DA:645,0
DA:648,0
DA:654,0
DA:659,0
DA:660,0
DA:662,0
DA:665,0
DA:669,0
DA:670,0
DA:675,0
DA:678,0
DA:681,0
DA:689,0
DA:690,0
DA:695,0
DA:696,0
DA:698,0
DA:700,0
DA:701,0
DA:702,0
DA:705,0
DA:706,0
DA:707,0
DA:711,0
DA:712,0
DA:720,0
DA:723,0
DA:724,0
DA:725,0
DA:726,0
DA:729,0
DA:738,0
DA:744,0
DA:747,0
DA:750,0
DA:754,0
DA:783,0
DA:787,0
DA:790,0
DA:791,0
DA:792,0
DA:795,0
DA:796,0
DA:799,0
DA:800,0
DA:801,0
DA:812,0
DA:816,0
DA:820,0
DA:824,0
DA:826,0
DA:831,0
DA:836,0
DA:840,0
DA:841,0
DA:860,0
DA:873,0
DA:874,0
DA:879,0
DA:880,0
DA:881,0
DA:882,0
DA:886,0
DA:890,0
DA:891,0
DA:896,0
DA:898,0
DA:907,0
DA:913,0
DA:915,0
DA:927,0
DA:928,0
DA:929,0
DA:930,0
DA:931,0
DA:933,0
DA:934,0
DA:938,0
DA:976,0
DA:977,0
DA:978,0
DA:990,0
DA:991,0
DA:993,0
DA:997,0
DA:999,0
DA:1000,0
DA:1010,0
DA:1016,0
DA:1019,0
DA:1020,0
DA:1023,0
DA:1024,0
DA:1025,0
DA:1026,0
DA:1027,0
DA:1031,0
DA:1032,0
DA:1035,0
DA:1036,0
DA:1042,0
DA:1043,0
DA:1044,0
DA:1045,0
DA:1048,0
DA:1049,0
DA:1050,0
DA:1051,0
DA:1054,0
DA:1059,0
DA:1060,0
DA:1061,0
DA:1062,0
DA:1063,0
DA:1065,0
DA:1067,0
DA:1068,0
DA:1072,0
DA:1073,0
DA:1074,0
DA:1075,0
DA:1097,0
DA:1124,0
DA:1126,0
DA:1129,0
DA:1138,0
DA:1142,0
DA:1144,0
DA:1179,0
DA:1180,0
LF:243
LH:0
BRDA:65,0,0,0
BRDA:65,0,1,0
BRDA:68,1,0,0
BRDA:68,1,1,0
BRDA:71,2,0,0
BRDA:71,2,1,0
BRDA:72,3,0,0
BRDA:72,3,1,0
BRDA:72,3,2,0
BRDA:72,3,3,0
BRDA:91,4,0,0
BRDA:91,4,1,0
BRDA:91,5,0,0
BRDA:91,5,1,0
BRDA:113,6,0,0
BRDA:113,6,1,0
BRDA:113,7,0,0
BRDA:113,7,1,0
BRDA:119,8,0,0
BRDA:119,8,1,0
BRDA:120,9,0,0
BRDA:120,9,1,0
BRDA:120,9,2,0
BRDA:135,10,0,0
BRDA:139,11,0,0
BRDA:139,11,1,0
BRDA:147,12,0,0
BRDA:147,12,1,0
BRDA:147,13,0,0
BRDA:147,13,1,0
BRDA:396,14,0,0
BRDA:398,15,0,0
BRDA:401,16,0,0
BRDA:402,17,0,0
BRDA:411,18,0,0
BRDA:412,19,0,0
BRDA:420,20,0,0
BRDA:424,21,0,0
BRDA:427,22,0,0
BRDA:433,23,0,0
BRDA:433,23,1,0
BRDA:436,24,0,0
BRDA:436,24,1,0
BRDA:440,25,0,0
BRDA:440,25,1,0
BRDA:448,26,0,0
BRDA:448,26,1,0
BRDA:451,27,0,0
BRDA:451,27,1,0
BRDA:456,28,0,0
BRDA:456,28,1,0
BRDA:460,29,0,0
BRDA:460,29,1,0
BRDA:460,30,0,0
BRDA:460,30,1,0
BRDA:477,31,0,0
BRDA:477,31,1,0
BRDA:478,32,0,0
BRDA:478,32,1,0
BRDA:479,33,0,0
BRDA:479,33,1,0
BRDA:486,34,0,0
BRDA:486,34,1,0
BRDA:514,35,0,0
BRDA:514,35,1,0
BRDA:522,36,0,0
BRDA:522,36,1,0
BRDA:539,37,0,0
BRDA:539,37,1,0
BRDA:541,38,0,0
BRDA:541,38,1,0
BRDA:552,39,0,0
BRDA:552,39,1,0
BRDA:554,40,0,0
BRDA:554,40,1,0
BRDA:559,41,0,0
BRDA:559,41,1,0
BRDA:565,42,0,0
BRDA:565,42,1,0
BRDA:581,43,0,0
BRDA:581,43,1,0
BRDA:581,43,2,0
BRDA:581,43,3,0
BRDA:581,43,4,0
BRDA:581,43,5,0
BRDA:581,43,6,0
BRDA:581,43,7,0
BRDA:581,43,8,0
BRDA:583,44,0,0
BRDA:583,44,1,0
BRDA:583,45,0,0
BRDA:583,45,1,0
BRDA:586,46,0,0
BRDA:586,46,1,0
BRDA:591,47,0,0
BRDA:591,47,1,0
BRDA:592,48,0,0
BRDA:592,48,1,0
BRDA:592,48,2,0
BRDA:601,49,0,0
BRDA:601,49,1,0
BRDA:602,50,0,0
BRDA:602,50,1,0
BRDA:602,50,2,0
BRDA:602,50,3,0
BRDA:613,51,0,0
BRDA:613,51,1,0
BRDA:617,52,0,0
BRDA:617,52,1,0
BRDA:620,53,0,0
BRDA:620,53,1,0
BRDA:634,54,0,0
BRDA:634,54,1,0
BRDA:648,55,0,0
BRDA:648,55,1,0
BRDA:649,56,0,0
BRDA:649,56,1,0
BRDA:649,56,2,0
BRDA:649,56,3,0
BRDA:659,57,0,0
BRDA:659,57,1,0
BRDA:659,58,0,0
BRDA:659,58,1,0
BRDA:669,59,0,0
BRDA:669,59,1,0
BRDA:695,60,0,0
BRDA:695,60,1,0
BRDA:698,61,0,0
BRDA:698,61,1,0
BRDA:705,62,0,0
BRDA:705,62,1,0
BRDA:705,63,0,0
BRDA:705,63,1,0
BRDA:711,64,0,0
BRDA:711,64,1,0
BRDA:713,65,0,0
BRDA:713,65,1,0
BRDA:732,66,0,0
BRDA:732,66,1,0
BRDA:747,67,0,0
BRDA:747,67,1,0
BRDA:747,68,0,0
BRDA:747,68,1,0
BRDA:748,69,0,0
BRDA:748,69,1,0
BRDA:750,70,0,0
BRDA:750,70,1,0
BRDA:751,71,0,0
BRDA:751,71,1,0
BRDA:790,72,0,0
BRDA:790,72,1,0
BRDA:795,73,0,0
BRDA:795,73,1,0
BRDA:795,74,0,0
BRDA:795,74,1,0
BRDA:800,75,0,0
BRDA:800,75,1,0
BRDA:820,76,0,0
BRDA:820,76,1,0
BRDA:821,77,0,0
BRDA:821,77,1,0
BRDA:826,78,0,0
BRDA:826,78,1,0
BRDA:827,79,0,0
BRDA:827,79,1,0
BRDA:827,79,2,0
BRDA:840,80,0,0
BRDA:840,80,1,0
BRDA:861,81,0,0
BRDA:861,81,1,0
BRDA:873,82,0,0
BRDA:873,82,1,0
BRDA:881,83,0,0
BRDA:881,83,1,0
BRDA:881,84,0,0
BRDA:881,84,1,0
BRDA:886,85,0,0
BRDA:886,85,1,0
BRDA:890,86,0,0
BRDA:890,86,1,0
BRDA:907,87,0,0
BRDA:907,87,1,0
BRDA:907,87,2,0
BRDA:907,87,3,0
BRDA:907,87,4,0
BRDA:907,87,5,0
BRDA:907,87,6,0
BRDA:907,87,7,0
BRDA:907,87,8,0
BRDA:907,87,9,0
BRDA:916,88,0,0
BRDA:916,88,1,0
BRDA:928,89,0,0
BRDA:928,89,1,0
BRDA:929,90,0,0
BRDA:929,90,1,0
BRDA:929,91,0,0
BRDA:929,91,1,0
BRDA:940,92,0,0
BRDA:940,92,1,0
BRDA:957,93,0,0
BRDA:957,93,1,0
BRDA:969,94,0,0
BRDA:969,94,1,0
BRDA:971,95,0,0
BRDA:971,95,1,0
BRDA:972,96,0,0
BRDA:972,96,1,0
BRDA:990,97,0,0
BRDA:990,97,1,0
BRDA:993,98,0,0
BRDA:993,98,1,0
BRDA:994,99,0,0
BRDA:994,99,1,0
BRDA:994,99,2,0
BRDA:999,100,0,0
BRDA:999,100,1,0
BRDA:1010,101,0,0
BRDA:1010,101,1,0
BRDA:1011,102,0,0
BRDA:1011,102,1,0
BRDA:1011,102,2,0
BRDA:1011,102,3,0
BRDA:1023,103,0,0
BRDA:1023,103,1,0
BRDA:1023,104,0,0
BRDA:1023,104,1,0
BRDA:1024,105,0,0
BRDA:1024,105,1,0
BRDA:1024,106,0,0
BRDA:1024,106,1,0
BRDA:1031,107,0,0
BRDA:1031,107,1,0
BRDA:1031,108,0,0
BRDA:1031,108,1,0
BRDA:1035,109,0,0
BRDA:1035,109,1,0
BRDA:1035,110,0,0
BRDA:1035,110,1,0
BRDA:1042,111,0,0
BRDA:1042,111,1,0
BRDA:1042,112,0,0
BRDA:1042,112,1,0
BRDA:1044,113,0,0
BRDA:1044,113,1,0
BRDA:1048,114,0,0
BRDA:1048,114,1,0
BRDA:1048,115,0,0
BRDA:1048,115,1,0
BRDA:1050,116,0,0
BRDA:1050,116,1,0
BRDA:1054,117,0,0
BRDA:1054,117,1,0
BRDA:1055,118,0,0
BRDA:1055,118,1,0
BRDA:1055,118,2,0
BRDA:1059,119,0,0
BRDA:1059,119,1,0
BRDA:1062,120,0,0
BRDA:1062,120,1,0
BRDA:1065,121,0,0
BRDA:1065,121,1,0
BRDA:1065,122,0,0
BRDA:1065,122,1,0
BRDA:1072,123,0,0
BRDA:1072,123,1,0
BRDA:1086,124,0,0
BRDA:1086,124,1,0
BRDA:1089,125,0,0
BRDA:1089,125,1,0
BRDA:1094,126,0,0
BRDA:1094,126,1,0
BRDA:1100,127,0,0
BRDA:1100,127,1,0
BRDA:1111,128,0,0
BRDA:1111,128,1,0
BRDA:1113,129,0,0
BRDA:1113,129,1,0
BRDA:1121,130,0,0
BRDA:1121,130,1,0
BRDA:1124,131,0,0
BRDA:1124,131,1,0
BRDA:1126,132,0,0
BRDA:1126,132,1,0
BRDA:1126,133,0,0
BRDA:1126,133,1,0
BRDA:1126,133,2,0
BRDA:1152,134,0,0
BRDA:1152,134,1,0
BRDA:1157,135,0,0
BRDA:1157,135,1,0
BRDA:1169,136,0,0
BRDA:1169,136,1,0
BRDA:1169,136,2,0
BRDA:1169,136,3,0
BRDA:1169,136,4,0
BRF:296
BRH:0
end_of_record
TN:
SF:packages/react/src/components/ComboBox/tools/filter.js
FN:8,(anonymous_0)
FN:9,(anonymous_1)
FNF:2
FNH:0
FNDA:0,(anonymous_0)
FNDA:0,(anonymous_1)
DA:8,0
DA:9,0
DA:10,0
DA:11,0
DA:13,0
LF:5
LH:0
BRDA:10,0,0,0
BRDA:10,0,1,0
BRF:2
BRH:0
end_of_record
TN:
SF:packages/react/src/components/ComboButton/index.tsx
FN:40,(anonymous_0)
FN:54,defaultTranslateWithId
FN:101,ComboButton
FN:134,(anonymous_3)
FN:163,(anonymous_4)
FN:168,(anonymous_5)
FN:174,handleTriggerClick
FN:180,handlePrimaryActionClick
FNF:8
FNH:0
FNDA:0,(anonymous_0)
FNDA:0,defaultTranslateWithId
FNDA:0,ComboButton
FNDA:0,(anonymous_3)
FNDA:0,(anonymous_4)
FNDA:0,(anonymous_5)
FNDA:0,handleTriggerClick
FNDA:0,handlePrimaryActionClick
DA:31,0
DA:40,0
DA:41,0
DA:51,0
DA:55,0
DA:100,0
DA:118,0
DA:122,0
DA:123,0
DA:124,0
DA:125,0
DA:127,0
DA:128,0
DA:131,0
DA:132,0
DA:135,0
DA:142,0
DA:155,0
DA:161,0
DA:163,0
DA:164,0
DA:168,0
DA:169,0
DA:170,0
DA:175,0
DA:176,0
DA:181,0
DA:182,0
DA:186,0
DA:195,0
DA:197,0
DA:200,0
DA:202,0
DA:248,0
LF:34
LH:0
BRDA:108,0,0,0
BRDA:109,1,0,0
BRDA:111,2,0,0
BRDA:127,3,0,0
BRDA:127,3,1,0
BRDA:131,4,0,0
BRDA:131,4,1,0
BRDA:131,5,0,0
BRDA:131,5,1,0
BRDA:166,6,0,0
BRDA:166,6,1,0
BRDA:169,7,0,0
BRDA:169,7,1,0
BRDA:175,8,0,0
BRDA:175,8,1,0
BRDA:181,9,0,0
BRDA:181,9,1,0
BRDA:207,10,0,0
BRDA:207,10,1,0
BRDA:228,11,0,0
BRDA:228,11,1,0
BRF:21
BRH:0
end_of_record
TN:
SF:packages/react/src/components/ComposedModal/ComposedModal.tsx
FN:60,ModalBody
FN:83,(anonymous_1)
FN:90,handler
FN:100,(anonymous_3)
FN:238,ComposedModal
FN:276,(anonymous_5)
FN:284,(anonymous_6)
FN:286,(anonymous_7)
FN:292,handleKeyDown
FN:303,handleOnMouseDown
FN:308,handleOnClick
FN:323,handleBlur
FN:344,closeModal
FN:370,(anonymous_13)
FN:400,(anonymous_14)
FN:402,(anonymous_15)
FN:408,(anonymous_16)
FN:410,(anonymous_17)
FN:425,(anonymous_18)
FN:524,(anonymous_19)
FNF:20
FNH:0
FNDA:0,ModalBody
FNDA:0,(anonymous_1)
FNDA:0,handler
FNDA:0,(anonymous_3)
FNDA:0,ComposedModal
FNDA:0,(anonymous_5)
FNDA:0,(anonymous_6)
FNDA:0,(anonymous_7)
FNDA:0,handleKeyDown
FNDA:0,handleOnMouseDown
FNDA:0,handleOnClick
FNDA:0,handleBlur
FNDA:0,closeModal
FNDA:0,(anonymous_13)
FNDA:0,(anonymous_14)
FNDA:0,(anonymous_15)
FNDA:0,(anonymous_16)
FNDA:0,(anonymous_17)
FNDA:0,(anonymous_18)
FNDA:0,(anonymous_19)
DA:59,0
DA:70,0
DA:71,0
DA:72,0
DA:73,0
DA:83,0
DA:84,0
DA:85,0
DA:91,0
DA:92,0
DA:98,0
DA:99,0
DA:100,0
DA:101,0
DA:102,0
DA:107,0
DA:111,0
DA:123,0
DA:237,0
DA:261,0
DA:262,0
DA:263,0
DA:264,0
DA:265,0
DA:266,0
DA:267,0
DA:269,0
DA:272,0
DA:276,0
DA:277,0
DA:278,0
DA:279,0
DA:280,0
DA:284,0
DA:285,0
DA:286,0
DA:287,0
DA:293,0
DA:294,0
DA:295,0
DA:296,0
DA:300,0
DA:304,0
DA:305,0
DA:309,0
DA:310,0
DA:311,0
DA:312,0
DA:319,0
DA:327,0
DA:328,0
DA:329,0
DA:330,0
DA:331,0
DA:345,0
DA:346,0
DA:350,0
DA:361,0
DA:370,0
DA:371,0
DA:374,0
DA:378,0
DA:379,0
DA:384,0
DA:388,0
DA:396,0
DA:400,0
DA:401,0
DA:402,0
DA:403,0
DA:408,0
DA:409,0
DA:410,0
DA:411,0
DA:412,0
DA:418,0
DA:419,0
DA:422,0
DA:425,0
DA:426,0
DA:428,0
DA:432,0
DA:433,0
DA:434,0
DA:435,0
DA:439,0
DA:440,0
DA:446,0
DA:449,0
DA:453,0
DA:461,0
DA:517,0
DA:538,0
LF:93
LH:0
BRDA:78,0,0,0
BRDA:78,0,1,0
BRDA:84,1,0,0
BRDA:84,1,1,0
BRDA:91,2,0,0
BRDA:91,2,1,0
BRDA:107,3,0,0
BRDA:107,3,1,0
BRDA:107,4,0,0
BRDA:107,4,1,0
BRDA:252,5,0,0
BRDA:277,6,0,0
BRDA:277,6,1,0
BRDA:277,7,0,0
BRDA:277,7,1,0
BRDA:285,8,0,0
BRDA:285,8,1,0
BRDA:293,9,0,0
BRDA:293,9,1,0
BRDA:295,10,0,0
BRDA:295,10,1,0
BRDA:312,11,0,0
BRDA:312,11,1,0
BRDA:313,12,0,0
BRDA:313,12,1,0
BRDA:313,12,2,0
BRDA:313,12,3,0
BRDA:313,12,4,0
BRDA:327,13,0,0
BRDA:327,13,1,0
BRDA:327,14,0,0
BRDA:327,14,1,0
BRDA:327,14,2,0
BRDA:327,14,3,0
BRDA:345,15,0,0
BRDA:345,15,1,0
BRDA:345,16,0,0
BRDA:345,16,1,0
BRDA:363,17,0,0
BRDA:363,17,1,0
BRDA:364,18,0,0
BRDA:364,18,1,0
BRDA:371,19,0,0
BRDA:371,19,1,0
BRDA:371,19,2,0
BRDA:372,20,0,0
BRDA:372,20,1,0
BRDA:382,21,0,0
BRDA:382,21,1,0
BRDA:401,22,0,0
BRDA:401,22,1,0
BRDA:401,23,0,0
BRDA:401,23,1,0
BRDA:401,23,2,0
BRDA:409,24,0,0
BRDA:409,24,1,0
BRDA:411,25,0,0
BRDA:411,25,1,0
BRDA:412,26,0,0
BRDA:412,26,1,0
BRDA:414,27,0,0
BRDA:414,27,1,0
BRDA:418,28,0,0
BRDA:418,28,1,0
BRDA:422,29,0,0
BRDA:422,29,1,0
BRDA:432,30,0,0
BRDA:432,30,1,0
BRDA:434,31,0,0
BRDA:434,31,1,0
BRDA:434,32,0,0
BRDA:434,32,1,0
BRDA:439,33,0,0
BRDA:439,33,1,0
BRDA:439,34,0,0
BRDA:439,34,1,0
BRDA:446,35,0,0
BRDA:446,35,1,0
BRDA:446,36,0,0
BRDA:446,36,1,0
BRDA:447,37,0,0
BRDA:447,37,1,0
BRDA:449,38,0,0
BRDA:449,38,1,0
BRDA:450,39,0,0
BRDA:450,39,1,0
BRDA:461,40,0,0
BRDA:461,40,1,0
BRDA:466,41,0,0
BRDA:466,41,1,0
BRDA:469,42,0,0
BRDA:469,42,1,0
BRDA:471,43,0,0
BRDA:471,43,1,0
BRDA:486,44,0,0
BRDA:486,44,1,0
BRDA:496,45,0,0
BRDA:496,45,1,0
BRDA:498,46,0,0
BRDA:498,46,1,0
BRDA:524,47,0,0
BRDA:524,47,1,0
BRF:102
BRH:0
end_of_record
TN:
SF:packages/react/src/components/ComposedModal/ModalFooter.tsx
FN:31,SecondaryButtonSet
FN:39,handleRequestClose
FN:47,(anonymous_2)
FN:78,(anonymous_3)
FN:94,(anonymous_4)
FN:201,ModalFooter
FN:376,(anonymous_6)
FN:392,(anonymous_7)
FNF:8
FNH:0
FNDA:0,SecondaryButtonSet
FNDA:0,handleRequestClose
FNDA:0,(anonymous_2)
FNDA:0,(anonymous_3)
FNDA:0,(anonymous_4)
FNDA:0,ModalFooter
FNDA:0,(anonymous_6)
FNDA:0,(anonymous_7)
DA:40,0
DA:41,0
DA:44,0
DA:45,0
DA:48,0
DA:59,0
DA:60,0
DA:70,0
DA:73,0
DA:79,0
DA:80,0
DA:84,0
DA:89,0
DA:94,0
DA:95,0
DA:104,0
DA:200,0
DA:224,0
DA:226,0
DA:233,0
DA:238,0
DA:240,0
DA:249,0
DA:283,0
DA:377,0
DA:378,0
DA:382,0
DA:387,0
DA:392,0
DA:393,0
DA:402,0
LF:31
LH:0
BRDA:44,0,0,0
BRDA:44,0,1,0
BRDA:44,1,0,0
BRDA:44,1,1,0
BRDA:52,2,0,0
BRDA:52,2,1,0
BRDA:59,3,0,0
BRDA:59,3,1,0
BRDA:79,4,0,0
BRDA:79,4,1,0
BRDA:80,5,0,0
BRDA:80,5,1,0
BRDA:81,6,0,0
BRDA:81,6,1,0
BRDA:205,7,0,0
BRDA:208,8,0,0
BRDA:209,9,0,0
BRDA:216,10,0,0
BRDA:219,11,0,0
BRDA:229,12,0,0
BRDA:229,12,1,0
BRDA:229,13,0,0
BRDA:229,13,1,0
BRDA:235,14,0,0
BRDA:235,14,1,0
BRDA:257,15,0,0
BRDA:257,15,1,0
BRDA:261,16,0,0
BRDA:261,16,1,0
BRDA:262,17,0,0
BRDA:262,17,1,0
BRDA:264,18,0,0
BRDA:264,18,1,0
BRDA:377,19,0,0
BRDA:377,19,1,0
BRDA:378,20,0,0
BRDA:378,20,1,0
BRDA:379,21,0,0
BRDA:379,21,1,0
BRF:39
BRH:0
end_of_record
TN:
SF:packages/react/src/components/ComposedModal/ModalHeader.tsx
FN:80,ModalHeader
FN:99,handleCloseButtonClick
FNF:2
FNH:0
FNDA:0,ModalHeader
FNDA:0,handleCloseButtonClick
DA:79,0
DA:97,0
DA:100,0
DA:101,0
DA:104,0
DA:106,0
DA:111,0
DA:116,0
DA:118,0
DA:123,0
DA:151,0
LF:11
LH:0
BRDA:88,0,0,0
BRDA:125,1,0,0
BRDA:125,1,1,0
BRDA:127,2,0,0
BRDA:127,2,1,0
BRF:5
BRH:0
end_of_record
TN:
SF:packages/react/src/components/ComposedModal/index.tsx
FNF:0
FNH:0
LF:0
LH:0
BRF:0
BRH:0
end_of_record
TN:
SF:packages/react/src/components/ContainedList/ContainedList.tsx
FN:61,filterChildren
FN:64,(anonymous_1)
FN:79,renderChildren
FN:81,(anonymous_3)
FN:97,(anonymous_4)
FN:123,isSearchAction
FNF:6
FNH:0
FNDA:0,filterChildren
FNDA:0,(anonymous_1)
FNDA:0,renderChildren
FNDA:0,(anonymous_3)
FNDA:0,(anonymous_4)
FNDA:0,isSearchAction
DA:16,0
DA:62,0
DA:63,0
DA:65,0
DA:69,0
DA:73,0
DA:76,0
DA:80,0
DA:81,0
DA:82,0
DA:83,0
DA:86,0
DA:90,0
DA:91,0
DA:94,0
DA:97,0
DA:107,0
DA:108,0
DA:110,0
DA:121,0
DA:124,0
DA:125,0
DA:128,0
DA:129,0
DA:130,0
DA:131,0
DA:133,0
DA:135,0
DA:137,0
DA:139,0
DA:141,0
DA:170,0
DA:207,0
LF:33
LH:0
BRDA:62,0,0,0
BRDA:62,0,1,0
BRDA:69,1,0,0
BRDA:69,1,1,0
BRDA:70,2,0,0
BRDA:70,2,1,0
BRDA:80,3,0,0
BRDA:80,3,1,0
BRDA:82,4,0,0
BRDA:82,4,1,0
BRDA:82,5,0,0
BRDA:82,5,1,0
BRDA:90,6,0,0
BRDA:90,6,1,0
BRDA:90,7,0,0
BRDA:90,7,1,0
BRDA:102,8,0,0
BRDA:124,9,0,0
BRDA:124,9,1,0
BRDA:130,10,0,0
BRDA:130,10,1,0
BRDA:133,11,0,0
BRDA:133,11,1,0
BRDA:153,12,0,0
BRDA:153,12,1,0
BRDA:163,13,0,0
BRDA:163,13,1,0
BRF:27
BRH:0
end_of_record
TN:
SF:packages/react/src/components/ContainedList/ContainedListItem/ContainedListItem.tsx
FN:50,(anonymous_0)
FNF:1
FNH:0
FNDA:0,(anonymous_0)
DA:50,0
DA:59,0
DA:61,0
DA:63,0
DA:70,0
DA:80,0
DA:106,0
LF:7
LH:0
BRDA:54,0,0,0
BRDA:71,1,0,0
BRDA:71,1,1,0
BRDA:82,2,0,0
BRDA:82,2,1,0
BRDA:95,3,0,0
BRDA:95,3,1,0
BRF:7
BRH:0
end_of_record
TN:
SF:packages/react/src/components/ContentSwitcher/ContentSwitcher.tsx
FN:130,(anonymous_0)
FN:140,(anonymous_1)
FN:140,(anonymous_2)
FN:144,(anonymous_3)
FN:167,(anonymous_4)
FN:185,(anonymous_5)
FN:193,(anonymous_6)
FN:209,(anonymous_7)
FN:211,(anonymous_8)
FN:228,(anonymous_9)
FNF:10
FNH:0
FNDA:0,(anonymous_0)
FNDA:0,(anonymous_1)
FNDA:0,(anonymous_2)
FNDA:0,(anonymous_3)
FNDA:0,(anonymous_4)
FNDA:0,(anonymous_5)
FNDA:0,(anonymous_6)
FNDA:0,(anonymous_7)
FNDA:0,(anonymous_8)
FNDA:0,(anonymous_9)
DA:80,0
DA:82,0
DA:86,0
DA:128,0
DA:131,0
DA:132,0
DA:140,0
DA:141,0
DA:144,0
DA:145,0
DA:147,0
DA:149,0
DA:150,0
DA:152,0
DA:153,0
DA:158,0
DA:159,0
DA:160,0
DA:161,0
DA:163,0
DA:168,0
DA:169,0
DA:172,0
DA:173,0
DA:174,0
DA:175,0
DA:184,0
DA:185,0
DA:186,0
DA:187,0
DA:188,0
DA:194,0
DA:207,0
DA:209,0
DA:210,0
DA:211,0
DA:213,0
DA:220,0
DA:229,0
LF:39
LH:0
BRDA:130,0,0,0
BRDA:132,1,0,0
BRDA:132,1,1,0
BRDA:145,2,0,0
BRDA:152,3,0,0
BRDA:152,3,1,0
BRDA:159,4,0,0
BRDA:159,4,1,0
BRDA:161,5,0,0
BRDA:161,5,1,0
BRDA:168,6,0,0
BRDA:168,6,1,0
BRDA:174,7,0,0
BRDA:174,7,1,0
BRDA:184,8,0,0
BRDA:184,8,1,0
BRDA:187,9,0,0
BRDA:187,9,1,0
BRDA:200,10,0,0
BRDA:202,11,0,0
BRDA:205,12,0,0
BRDA:227,13,0,0
BRDA:227,13,1,0
BRF:23
BRH:0
end_of_record
TN:
SF:packages/react/src/components/ContextMenu/useContextMenu.tsx
FN:23,useContextMenu
FN:27,openContextMenu
FN:36,onClose
FN:40,(anonymous_3)
FN:49,(anonymous_4)
FN:53,(anonymous_5)
FNF:6
FNH:6
FNDA:5,useContextMenu
FNDA:2,openContextMenu
FNDA:1,onClose
FNDA:2,(anonymous_3)
FNDA:2,(anonymous_4)
FNDA:2,(anonymous_5)
DA:24,5
DA:25,5
DA:28,2
DA:30,2
DA:32,2
DA:33,2
DA:37,1
DA:40,5
DA:42,2
DA:48,2
DA:49,2
DA:51,2
DA:53,2
DA:54,2
DA:59,5
LF:15
LH:15
BRDA:23,0,0,5
BRDA:42,1,0,2
BRDA:42,1,1,0
BRDA:42,2,0,2
BRDA:42,2,1,2
BRDA:42,2,2,0
BRDA:48,3,0,2
BRDA:48,3,1,0
BRF:8
BRH:5
end_of_record
TN:
SF:packages/react/src/components/Copy/Copy.tsx
FN:51,(anonymous_0)
FN:106,Copy
FN:125,(anonymous_2)
FN:131,(anonymous_3)
FN:136,(anonymous_4)
FN:143,(anonymous_5)
FN:143,(anonymous_6)
FNF:7
FNH:0
FNDA:0,(anonymous_0)
FNDA:0,Copy
FNDA:0,(anonymous_2)
FNDA:0,(anonymous_3)
FNDA:0,(anonymous_4)
FNDA:0,(anonymous_5)
FNDA:0,(anonymous_6)
DA:51,0
DA:52,0
DA:62,0
DA:117,0
DA:118,0
DA:119,0
DA:124,0
DA:126,0
DA:131,0
DA:132,0
DA:133,0
DA:136,0
DA:137,0
DA:138,0
DA:142,0
DA:143,0
DA:144,0
DA:149,0
DA:151,0
DA:172,0
LF:20
LH:0
BRDA:107,0,0,0
BRDA:108,1,0,0
BRDA:111,2,0,0
BRDA:112,3,0,0
BRDA:114,4,0,0
BRDA:137,5,0,0
BRDA:137,5,1,0
BRDA:149,6,0,0
BRDA:149,6,1,0
BRDA:157,7,0,0
BRDA:157,7,1,0
BRDA:165,8,0,0
BRDA:165,8,1,0
BRDA:165,8,2,0
BRDA:165,9,0,0
BRDA:165,9,1,0
BRF:16
BRH:0
end_of_record
TN:
SF:packages/react/src/components/CopyButton/CopyButton.tsx
FN:47,(anonymous_0)
FN:100,CopyButton
FNF:2
FNH:0
FNDA:0,(anonymous_0)
FNDA:0,CopyButton
DA:47,0
DA:48,0
DA:58,0
DA:110,0
DA:111,0
DA:128,0
LF:6
LH:0
BRDA:101,0,0,0
BRDA:102,1,0,0
BRDA:103,2,0,0
BRDA:104,3,0,0
BRDA:105,4,0,0
BRDA:107,5,0,0
BRF:6
BRH:0
end_of_record
TN:
SF:packages/react/src/components/DangerButton/DangerButton.tsx
FN:11,(anonymous_0)
FNF:1
FNH:0
FNDA:0,(anonymous_0)
DA:11,0
DA:16,0
LF:2
LH:0
BRF:0
BRH:0
end_of_record
TN:
SF:packages/react/src/components/DataTable/DataTable.tsx
FN:73,(anonymous_0)
FN:415,(anonymous_1)
FN:425,(anonymous_2)
FN:427,(anonymous_3)
FN:428,(anonymous_4)
FN:431,(anonymous_5)
FN:435,(anonymous_6)
FN:436,(anonymous_7)
FN:439,(anonymous_8)
FN:444,(anonymous_9)
FN:461,(anonymous_10)
FN:484,(anonymous_11)
FN:488,(anonymous_12)
FN:507,(anonymous_13)
FN:520,(anonymous_14)
FN:528,(anonymous_15)
FN:550,(anonymous_16)
FN:551,(anonymous_17)
FN:561,(anonymous_18)
FN:562,(anonymous_19)
FN:573,(anonymous_20)
FN:607,(anonymous_21)
FN:630,(anonymous_22)
FN:682,(anonymous_23)
FN:696,(anonymous_24)
FN:711,(anonymous_25)
FN:735,(anonymous_26)
FN:751,(anonymous_27)
FN:763,(anonymous_28)
FN:764,(anonymous_29)
FN:773,(anonymous_30)
FN:797,(anonymous_31)
FN:805,(anonymous_32)
FN:809,(anonymous_33)
FN:824,(anonymous_34)
FN:825,(anonymous_35)
FN:836,(anonymous_36)
FN:837,(anonymous_37)
FN:841,(anonymous_38)
FN:857,(anonymous_39)
FN:857,(anonymous_40)
FN:858,(anonymous_41)
FN:862,(anonymous_42)
FN:880,(anonymous_43)
FN:909,(anonymous_44)
FN:909,(anonymous_45)
FN:910,(anonymous_46)
FN:929,(anonymous_47)
FN:930,(anonymous_48)
FN:935,(anonymous_49)
FN:954,(anonymous_50)
FN:954,(anonymous_51)
FN:955,(anonymous_52)
FN:966,(anonymous_53)
FN:976,(anonymous_54)
FN:1016,(anonymous_55)
FN:1018,(anonymous_56)
FN:1019,(anonymous_57)
FNF:58
FNH:0
FNDA:0,(anonymous_0)
FNDA:0,(anonymous_1)
FNDA:0,(anonymous_2)
FNDA:0,(anonymous_3)
FNDA:0,(anonymous_4)
FNDA:0,(anonymous_5)
FNDA:0,(anonymous_6)
FNDA:0,(anonymous_7)
FNDA:0,(anonymous_8)
FNDA:0,(anonymous_9)
FNDA:0,(anonymous_10)
FNDA:0,(anonymous_11)
FNDA:0,(anonymous_12)
FNDA:0,(anonymous_13)
FNDA:0,(anonymous_14)
FNDA:0,(anonymous_15)
FNDA:0,(anonymous_16)
FNDA:0,(anonymous_17)
FNDA:0,(anonymous_18)
FNDA:0,(anonymous_19)
FNDA:0,(anonymous_20)
FNDA:0,(anonymous_21)
FNDA:0,(anonymous_22)
FNDA:0,(anonymous_23)
FNDA:0,(anonymous_24)
FNDA:0,(anonymous_25)
FNDA:0,(anonymous_26)
FNDA:0,(anonymous_27)
FNDA:0,(anonymous_28)
FNDA:0,(anonymous_29)
FNDA:0,(anonymous_30)
FNDA:0,(anonymous_31)
FNDA:0,(anonymous_32)
FNDA:0,(anonymous_33)
FNDA:0,(anonymous_34)
FNDA:0,(anonymous_35)
FNDA:0,(anonymous_36)
FNDA:0,(anonymous_37)
FNDA:0,(anonymous_38)
FNDA:0,(anonymous_39)
FNDA:0,(anonymous_40)
FNDA:0,(anonymous_41)
FNDA:0,(anonymous_42)
FNDA:0,(anonymous_43)
FNDA:0,(anonymous_44)
FNDA:0,(anonymous_45)
FNDA:0,(anonymous_46)
FNDA:0,(anonymous_47)
FNDA:0,(anonymous_48)
FNDA:0,(anonymous_49)
FNDA:0,(anonymous_50)
FNDA:0,(anonymous_51)
FNDA:0,(anonymous_52)
FNDA:0,(anonymous_53)
FNDA:0,(anonymous_54)
FNDA:0,(anonymous_55)
FNDA:0,(anonymous_56)
FNDA:0,(anonymous_57)
DA:44,0
DA:46,0
DA:62,0
DA:73,0
DA:295,0
DA:389,0
DA:416,0
DA:417,0
DA:421,0
DA:426,0
DA:427,0
DA:428,0
DA:430,0
DA:431,0
DA:432,0
DA:435,0
DA:436,0
DA:438,0
DA:439,0
DA:440,0
DA:443,0
DA:444,0
DA:445,0
DA:448,0
DA:461,0
DA:475,0
DA:476,0
DA:485,0
DA:488,0
DA:489,0
DA:507,0
DA:517,0
DA:518,0
DA:520,0
DA:521,0
DA:524,0
DA:528,0
DA:550,0
DA:551,0
DA:561,0
DA:562,0
DA:573,0
DA:582,0
DA:583,0
DA:586,0
DA:607,0
DA:614,0
DA:630,0
DA:637,0
DA:640,0
DA:641,0
DA:644,0
DA:661,0
DA:662,0
DA:663,0
DA:665,0
DA:667,0
DA:671,0
DA:682,0
DA:688,0
DA:689,0
DA:690,0
DA:696,0
DA:697,0
DA:698,0
DA:699,0
DA:711,0
DA:720,0
DA:721,0
DA:735,0
DA:736,0
DA:738,0
DA:751,0
DA:752,0
DA:763,0
DA:764,0
DA:765,0
DA:766,0
DA:773,0
DA:774,0
DA:776,0
DA:785,0
DA:786,0
DA:788,0
DA:797,0
DA:805,0
DA:806,0
DA:807,0
DA:808,0
DA:810,0
DA:811,0
DA:812,0
DA:814,0
DA:815,0
DA:824,0
DA:825,0
DA:826,0
DA:836,0
DA:837,0
DA:838,0
DA:839,0
DA:840,0
DA:841,0
DA:844,0
DA:857,0
DA:858,0
DA:859,0
DA:860,0
DA:862,0
DA:863,0
DA:864,0
DA:865,0
DA:866,0
DA:868,0
DA:879,0
DA:880,0
DA:883,0
DA:886,0
DA:909,0
DA:910,0
DA:911,0
DA:912,0
DA:913,0
DA:929,0
DA:930,0
DA:931,0
DA:932,0
DA:935,0
DA:954,0
DA:955,0
DA:956,0
DA:966,0
DA:967,0
DA:968,0
DA:971,0
DA:972,0
DA:982,0
DA:983,0
DA:985,0
DA:994,0
DA:1016,0
DA:1018,0
DA:1019,0
DA:1024,0
DA:1025,0
DA:1028,0
DA:1029,0
DA:1032,0
DA:1036,0
DA:1037,0
DA:1038,0
DA:1039,0
DA:1040,0
DA:1041,0
DA:1042,0
DA:1043,0
DA:1044,0
DA:1045,0
DA:1046,0
DA:1047,0
DA:1048,0
DA:1049,0
DA:1050,0
DA:1051,0
DA:1052,0
DA:1053,0
DA:1054,0
DA:1055,0
DA:1056,0
DA:1057,0
LF:170
LH:0
BRDA:426,0,0,0
BRDA:426,0,1,0
BRDA:430,1,0,0
BRDA:430,1,1,0
BRDA:438,2,0,0
BRDA:438,2,1,0
BRDA:443,3,0,0
BRDA:443,3,1,0
BRDA:464,4,0,0
BRDA:489,5,0,0
BRDA:489,5,1,0
BRDA:508,6,0,0
BRDA:517,7,0,0
BRDA:520,8,0,0
BRDA:520,8,1,0
BRDA:521,9,0,0
BRDA:521,9,1,0
BRDA:535,10,0,0
BRDA:535,10,1,0
BRDA:582,11,0,0
BRDA:583,12,0,0
BRDA:583,12,1,0
BRDA:631,13,0,0
BRDA:637,14,0,0
BRDA:640,15,0,0
BRDA:640,15,1,0
BRDA:641,16,0,0
BRDA:641,16,1,0
BRDA:663,17,0,0
BRDA:663,17,1,0
BRDA:665,18,0,0
BRDA:665,18,1,0
BRDA:665,18,2,0
BRDA:667,19,0,0
BRDA:667,19,1,0
BRDA:667,20,0,0
BRDA:667,20,1,0
BRDA:683,21,0,0
BRDA:689,22,0,0
BRDA:689,22,1,0
BRDA:692,23,0,0
BRDA:692,23,1,0
BRDA:696,24,0,0
BRDA:701,25,0,0
BRDA:701,25,1,0
BRDA:703,26,0,0
BRDA:703,26,1,0
BRDA:714,27,0,0
BRDA:718,28,0,0
BRDA:766,29,0,0
BRDA:766,29,1,0
BRDA:774,30,0,0
BRDA:776,31,0,0
BRDA:776,31,1,0
BRDA:785,32,0,0
BRDA:785,32,1,0
BRDA:811,33,0,0
BRDA:811,33,1,0
BRDA:811,34,0,0
BRDA:811,34,1,0
BRDA:811,34,2,0
BRDA:841,35,0,0
BRDA:841,35,1,0
BRDA:860,36,0,0
BRDA:860,36,1,0
BRDA:883,37,0,0
BRDA:883,37,1,0
BRDA:891,38,0,0
BRDA:891,38,1,0
BRDA:914,39,0,0
BRDA:914,39,1,0
BRDA:967,40,0,0
BRDA:967,40,1,0
BRDA:971,41,0,0
BRDA:971,41,1,0
BRDA:979,42,0,0
BRDA:985,43,0,0
BRDA:985,43,1,0
BRDA:1024,44,0,0
BRDA:1024,44,1,0
BRDA:1028,45,0,0
BRDA:1028,45,1,0
BRF:82
BRH:0
end_of_record
TN:
SF:packages/react/src/components/DataTable/Table.tsx
FN:64,(anonymous_0)
FN:106,(anonymous_1)
FN:133,(anonymous_2)
FN:146,(anonymous_3)
FN:158,(anonymous_4)
FN:166,(anonymous_5)
FN:170,(anonymous_6)
FN:197,(anonymous_7)
FN:212,(anonymous_8)
FN:222,(anonymous_9)
FN:227,(anonymous_10)
FNF:11
FNH:0
FNDA:0,(anonymous_0)
FNDA:0,(anonymous_1)
FNDA:0,(anonymous_2)
FNDA:0,(anonymous_3)
FNDA:0,(anonymous_4)
FNDA:0,(anonymous_5)
FNDA:0,(anonymous_6)
FNDA:0,(anonymous_7)
FNDA:0,(anonymous_8)
FNDA:0,(anonymous_9)
FNDA:0,(anonymous_10)
DA:64,0
DA:68,0
DA:69,0
DA:71,0
DA:72,0
DA:76,0
DA:78,0
DA:80,0
DA:81,0
DA:86,0
DA:89,0
DA:90,0
DA:91,0
DA:94,0
DA:95,0
DA:96,0
DA:99,0
DA:100,0
DA:103,0
DA:106,0
DA:119,0
DA:120,0
DA:121,0
DA:122,0
DA:123,0
DA:132,0
DA:134,0
DA:145,0
DA:147,0
DA:158,0
DA:159,0
DA:160,0
DA:161,0
DA:163,0
DA:164,0
DA:166,0
DA:168,0
DA:171,0
DA:173,0
DA:178,0
DA:179,0
DA:182,0
DA:183,0
DA:192,0
DA:194,0
DA:197,0
DA:198,0
DA:199,0
DA:201,0
DA:202,0
DA:204,0
DA:208,0
DA:210,0
DA:212,0
DA:213,0
DA:217,0
DA:222,0
DA:223,0
DA:227,0
DA:228,0
DA:232,0
DA:246,0
DA:255,0
LF:63
LH:0
BRDA:68,0,0,0
BRDA:68,0,1,0
BRDA:72,1,0,0
BRDA:72,1,1,0
BRDA:76,2,0,0
BRDA:76,2,1,0
BRDA:78,3,0,0
BRDA:78,3,1,0
BRDA:81,4,0,0
BRDA:81,4,1,0
BRDA:82,5,0,0
BRDA:82,5,1,0
BRDA:82,5,2,0
BRDA:86,6,0,0
BRDA:86,6,1,0
BRDA:90,7,0,0
BRDA:90,7,1,0
BRDA:90,8,0,0
BRDA:90,8,1,0
BRDA:90,8,2,0
BRDA:95,9,0,0
BRDA:95,9,1,0
BRDA:95,10,0,0
BRDA:95,10,1,0
BRDA:95,10,2,0
BRDA:99,11,0,0
BRDA:99,11,1,0
BRDA:110,12,0,0
BRDA:111,13,0,0
BRDA:114,14,0,0
BRDA:115,15,0,0
BRDA:133,16,0,0
BRDA:134,17,0,0
BRDA:134,17,1,0
BRDA:146,18,0,0
BRDA:147,19,0,0
BRDA:147,19,1,0
BRDA:159,20,0,0
BRDA:159,20,1,0
BRDA:163,21,0,0
BRDA:163,21,1,0
BRDA:163,22,0,0
BRDA:163,22,1,0
BRDA:174,23,0,0
BRDA:174,23,1,0
BRDA:201,24,0,0
BRDA:201,24,1,0
BRDA:217,25,0,0
BRDA:217,25,1,0
BRDA:218,26,0,0
BRDA:218,26,1,0
BRDA:218,26,2,0
BRDA:235,27,0,0
BRDA:235,27,1,0
BRDA:235,28,0,0
BRDA:235,28,1,0
BRDA:246,29,0,0
BRDA:246,29,1,0
BRF:58
BRH:0
end_of_record
TN:
SF:packages/react/src/components/DataTable/TableBatchAction.tsx
FN:32,(anonymous_0)
FN:54,(anonymous_1)
FNF:2
FNH:0
FNDA:0,(anonymous_0)
FNDA:0,(anonymous_1)
DA:32,0
DA:37,0
DA:44,0
DA:55,0
DA:56,0
DA:60,0
LF:6
LH:0
BRDA:33,0,0,0
BRDA:34,1,0,0
BRDA:55,2,0,0
BRDA:55,2,1,0
BRDA:55,3,0,0
BRDA:55,3,1,0
BRDA:55,3,2,0
BRF:7
BRH:0
end_of_record
TN:
SF:packages/react/src/components/DataTable/TableBatchActions.tsx
FN:89,(anonymous_0)
FN:102,(anonymous_1)
FN:129,(anonymous_2)
FNF:3
FNH:0
FNDA:0,(anonymous_0)
FNDA:0,(anonymous_1)
FNDA:0,(anonymous_2)
DA:17,0
DA:82,0
DA:89,0
DA:93,0
DA:94,0
DA:96,0
DA:97,0
DA:99,0
DA:102,0
DA:113,0
DA:114,0
DA:115,0
DA:123,0
DA:127,0
DA:130,0
DA:167,0
DA:169,0
LF:17
LH:0
BRDA:91,0,0,0
BRDA:93,1,0,0
BRDA:93,1,1,0
BRDA:96,2,0,0
BRDA:96,2,1,0
BRDA:110,3,0,0
BRDA:138,4,0,0
BRDA:138,4,1,0
BRDA:138,5,0,0
BRDA:138,5,1,0
BRDA:143,6,0,0
BRDA:143,6,1,0
BRDA:148,7,0,0
BRDA:148,7,1,0
BRDA:158,8,0,0
BRDA:158,8,1,0
BRF:16
BRH:0
end_of_record
TN:
SF:packages/react/src/components/DataTable/TableBody.tsx
FN:19,(anonymous_0)
FNF:1
FNH:0
FNDA:0,(anonymous_0)
DA:19,0
DA:20,0
DA:28,0
LF:3
LH:0
BRDA:21,0,0,0
BRDA:21,0,1,0
BRF:2
BRH:0
end_of_record
TN:
SF:packages/react/src/components/DataTable/TableCell.tsx
FN:41,(anonymous_0)
FNF:1
FNH:0
FNDA:0,(anonymous_0)
DA:40,0
DA:42,0
DA:44,0
DA:47,0
DA:59,0
LF:5
LH:0
BRDA:49,0,0,0
BRDA:49,0,1,0
BRF:2
BRH:0
end_of_record
TN:
SF:packages/react/src/components/DataTable/TableContainer.tsx
FN:37,(anonymous_0)
FN:58,(anonymous_1)
FNF:2
FNH:0
FNDA:0,(anonymous_0)
FNDA:0,(anonymous_1)
DA:37,0
DA:46,0
DA:47,0
DA:48,0
DA:49,0
DA:50,0
DA:58,0
DA:59,0
DA:65,0
DA:92,0
LF:10
LH:0
BRDA:60,0,0,0
BRDA:60,0,1,0
BRDA:61,1,0,0
BRDA:61,1,1,0
BRDA:68,2,0,0
BRDA:68,2,1,0
BRDA:68,2,2,0
BRDA:70,3,0,0
BRDA:70,3,1,0
BRDA:77,4,0,0
BRDA:77,4,1,0
BRF:11
BRH:0
end_of_record
TN:
SF:packages/react/src/components/DataTable/TableContext.tsx
FNF:0
FNH:0
DA:15,0
LF:1
LH:0
BRF:0
BRH:0
end_of_record
TN:
SF:packages/react/src/components/DataTable/TableDecoratorRow.tsx
FN:26,(anonymous_0)
FNF:1
FNH:0
FNDA:0,(anonymous_0)
DA:26,0
DA:30,0
DA:31,0
DA:37,0
DA:40,0
DA:44,0
DA:52,0
DA:55,0
DA:56,0
LF:9
LH:0
BRDA:32,0,0,0
BRDA:32,0,1,0
BRDA:37,1,0,0
BRDA:37,1,1,0
BRDA:40,2,0,0
BRDA:40,2,1,0
BRDA:41,3,0,0
BRDA:41,3,1,0
BRF:8
BRH:0
end_of_record
TN:
SF:packages/react/src/components/DataTable/TableExpandHeader.tsx
FN:85,(anonymous_0)
FNF:1
FNH:0
FNDA:0,(anonymous_0)
DA:85,0
DA:99,0
DA:100,0
DA:101,0
DA:103,0
DA:130,0
LF:6
LH:0
BRDA:92,0,0,0
BRDA:101,1,0,0
BRDA:101,1,1,0
BRDA:110,2,0,0
BRDA:110,2,1,0
BRDA:110,3,0,0
BRDA:110,3,1,0
BRDA:116,4,0,0
BRDA:116,4,1,0
BRF:9
BRH:0
end_of_record
TN:
SF:packages/react/src/components/DataTable/TableExpandRow.tsx
FN:58,(anonymous_0)
FN:78,(anonymous_1)
FN:95,(anonymous_2)
FNF:3
FNH:0
FNDA:0,(anonymous_0)
FNDA:0,(anonymous_1)
FNDA:0,(anonymous_2)
DA:57,0
DA:74,0
DA:78,0
DA:79,0
DA:83,0
DA:87,0
DA:90,0
DA:94,0
DA:96,0
DA:100,0
DA:105,0
DA:115,0
DA:117,0
DA:144,0
DA:194,0
LF:15
LH:0
BRDA:69,0,0,0
BRDA:79,1,0,0
BRDA:79,1,1,0
BRDA:80,2,0,0
BRDA:80,2,1,0
BRDA:83,3,0,0
BRDA:83,3,1,0
BRDA:84,4,0,0
BRDA:84,4,1,0
BRDA:96,5,0,0
BRDA:96,5,1,0
BRDA:97,6,0,0
BRDA:97,6,1,0
BRDA:115,7,0,0
BRDA:115,7,1,0
BRDA:129,8,0,0
BRDA:129,8,1,0
BRF:17
BRH:0
end_of_record
TN:
SF:packages/react/src/components/DataTable/TableExpandedRow.tsx
FN:22,(anonymous_0)
FN:32,(anonymous_1)
FN:46,(anonymous_2)
FN:47,(anonymous_3)
FNF:4
FNH:0
FNDA:0,(anonymous_0)
FNDA:0,(anonymous_1)
FNDA:0,(anonymous_2)
FNDA:0,(anonymous_3)
DA:22,0
DA:28,0
DA:29,0
DA:30,0
DA:32,0
DA:33,0
DA:34,0
DA:35,0
DA:36,0
DA:38,0
DA:43,0
DA:46,0
DA:47,0
DA:58,0
LF:14
LH:0
BRDA:33,0,0,0
BRDA:33,0,1,0
BRDA:33,1,0,0
BRDA:33,1,1,0
BRDA:33,1,2,0
BRDA:35,2,0,0
BRDA:35,2,1,0
BRF:7
BRH:0
end_of_record
TN:
SF:packages/react/src/components/DataTable/TableHead.tsx
FNF:0
FNH:0
DA:13,0
LF:1
LH:0
BRF:0
BRH:0
end_of_record
TN:
SF:packages/react/src/components/DataTable/TableHeader.tsx
FN:37,(anonymous_0)
FN:134,TableHeader
FN:227,(anonymous_2)
FNF:3
FNH:0
FNDA:0,(anonymous_0)
FNDA:0,TableHeader
FNDA:0,(anonymous_2)
DA:22,0
DA:33,0
DA:37,0
DA:41,0
DA:42,0
DA:45,0
DA:46,0
DA:48,0
DA:49,0
DA:52,0
DA:54,0
DA:57,0
DA:60,0
DA:134,0
DA:152,0
DA:153,0
DA:156,0
DA:159,0
DA:162,0
DA:166,0
DA:167,0
DA:176,0
DA:183,0
DA:184,0
DA:204,0
DA:212,0
DA:214,0
DA:222,0
DA:227,0
DA:228,0
DA:233,0
DA:234,0
DA:235,0
DA:239,0
DA:272,0
DA:331,0
DA:333,0
LF:37
LH:0
BRDA:41,0,0,0
BRDA:41,0,1,0
BRDA:41,1,0,0
BRDA:41,1,1,0
BRDA:42,2,0,0
BRDA:42,2,1,0
BRDA:42,3,0,0
BRDA:42,3,1,0
BRDA:45,4,0,0
BRDA:45,4,1,0
BRDA:48,5,0,0
BRDA:48,5,1,0
BRDA:140,6,0,0
BRDA:143,7,0,0
BRDA:145,8,0,0
BRDA:159,9,0,0
BRDA:159,9,1,0
BRDA:159,10,0,0
BRDA:159,10,1,0
BRDA:160,11,0,0
BRDA:160,11,1,0
BRDA:162,12,0,0
BRDA:162,12,1,0
BRDA:163,13,0,0
BRDA:163,13,1,0
BRDA:183,14,0,0
BRDA:183,14,1,0
BRDA:192,15,0,0
BRDA:192,15,1,0
BRDA:207,16,0,0
BRDA:207,16,1,0
BRDA:209,17,0,0
BRDA:209,17,1,0
BRDA:212,18,0,0
BRDA:212,18,1,0
BRDA:212,19,0,0
BRDA:212,19,1,0
BRDA:214,20,0,0
BRDA:214,20,1,0
BRDA:228,21,0,0
BRDA:228,21,1,0
BRDA:229,22,0,0
BRDA:229,22,1,0
BRDA:229,22,2,0
BRDA:234,23,0,0
BRDA:234,23,1,0
BRF:46
BRH:0
end_of_record
TN:
SF:packages/react/src/components/DataTable/TableRow.tsx
FN:26,(anonymous_0)
FN:31,(anonymous_1)
FNF:2
FNH:0
FNDA:0,(anonymous_0)
FNDA:0,(anonymous_1)
DA:25,0
DA:27,0
DA:30,0
DA:31,0
DA:32,0
DA:36,0
DA:40,0
DA:47,0
DA:61,0
DA:63,0
DA:64,0
DA:67,0
DA:71,0
LF:13
LH:0
BRDA:30,0,0,0
BRDA:30,0,1,0
BRDA:32,1,0,0
BRDA:32,1,1,0
BRDA:33,2,0,0
BRDA:33,2,1,0
BRDA:36,3,0,0
BRDA:36,3,1,0
BRDA:37,4,0,0
BRDA:37,4,1,0
BRDA:63,5,0,0
BRDA:63,5,1,0
BRF:12
BRH:0
end_of_record
TN:
SF:packages/react/src/components/DataTable/TableSelectAll.tsx
FN:64,(anonymous_0)
FNF:1
FNH:0
FNDA:0,(anonymous_0)
DA:64,0
DA:75,0
DA:76,0
DA:94,0
LF:4
LH:0
BRDA:65,0,0,0
BRDA:82,1,0,0
BRDA:82,1,1,0
BRF:3
BRH:0
end_of_record
TN:
SF:packages/react/src/components/DataTable/TableSelectRow.tsx
FN:76,(anonymous_0)
FN:92,(anonymous_1)
FN:103,(anonymous_2)
FNF:3
FNH:0
FNDA:0,(anonymous_0)
FNDA:0,(anonymous_1)
FNDA:0,(anonymous_2)
DA:76,0
DA:88,0
DA:89,0
DA:91,0
DA:98,0
DA:102,0
DA:108,0
DA:112,0
DA:120,0
DA:121,0
DA:125,0
DA:144,0
LF:12
LH:0
BRDA:91,0,0,0
BRDA:91,0,1,0
BRDA:98,1,0,0
BRDA:98,1,1,0
BRDA:102,2,0,0
BRDA:102,2,1,0
BRDA:114,3,0,0
BRDA:114,3,1,0
BRDA:120,4,0,0
BRDA:120,4,1,0
BRDA:120,4,2,0
BRDA:122,5,0,0
BRDA:122,5,1,0
BRDA:127,6,0,0
BRDA:127,6,1,0
BRF:15
BRH:0
end_of_record
TN:
SF:packages/react/src/components/DataTable/TableSlugRow.tsx
FN:26,(anonymous_0)
FN:27,(anonymous_1)
FNF:2
FNH:0
FNDA:0,(anonymous_0)
FNDA:0,(anonymous_1)
DA:26,0
DA:27,0
DA:28,0
DA:34,0
DA:35,0
DA:43,0
DA:44,0
DA:49,0
DA:52,0
DA:53,0
LF:10
LH:0
BRDA:36,0,0,0
BRDA:36,0,1,0
BRDA:43,1,0,0
BRDA:43,1,1,0
BRF:4
BRH:0
end_of_record
TN:
SF:packages/react/src/components/DataTable/TableToolbar.tsx
FN:39,(anonymous_0)
FNF:1
FNH:1
FNDA:5,(anonymous_0)
DA:39,1
DA:46,5
DA:47,5
DA:51,5
DA:61,1
LF:5
LH:5
BRDA:40,0,0,4
BRDA:53,1,0,5
BRDA:53,1,1,5
BRF:3
BRH:3
end_of_record
TN:
SF:packages/react/src/components/DataTable/TableToolbarAction.tsx
FN:32,(anonymous_0)
FNF:1
FNH:0
FNDA:0,(anonymous_0)
DA:31,0
DA:33,0
DA:37,0
DA:38,0
LF:4
LH:0
BRF:0
BRH:0
end_of_record
TN:
SF:packages/react/src/components/DataTable/TableToolbarContent.tsx
FN:13,(anonymous_0)
FNF:1
FNH:1
FNDA:3,(anonymous_0)
DA:10,1
DA:13,3
LF:2
LH:2
BRF:0
BRH:0
end_of_record
TN:
SF:packages/react/src/components/DataTable/TableToolbarMenu.tsx
FN:42,(anonymous_0)
FNF:1
FNH:0
FNDA:0,(anonymous_0)
DA:15,0
DA:42,0
DA:50,0
DA:51,0
DA:55,0
DA:59,0
DA:74,0
LF:7
LH:0
BRDA:44,0,0,0
BRDA:45,1,0,0
BRF:2
BRH:0
end_of_record
TN:
SF:packages/react/src/components/DataTable/TableToolbarSearch.tsx
FN:38,(anonymous_0)
FN:125,(anonymous_1)
FN:160,(anonymous_2)
FN:168,(anonymous_3)
FN:186,(anonymous_4)
FN:200,(anonymous_5)
FN:207,(anonymous_6)
FN:209,(anonymous_7)
FN:223,(anonymous_8)
FN:225,(anonymous_9)
FNF:10
FNH:0
FNDA:0,(anonymous_0)
FNDA:0,(anonymous_1)
FNDA:0,(anonymous_2)
FNDA:0,(anonymous_3)
FNDA:0,(anonymous_4)
FNDA:0,(anonymous_5)
FNDA:0,(anonymous_6)
FNDA:0,(anonymous_7)
FNDA:0,(anonymous_8)
FNDA:0,(anonymous_9)
DA:33,0
DA:38,0
DA:39,0
DA:125,0
DA:146,0
DA:148,0
DA:152,0
DA:153,0
DA:154,0
DA:155,0
DA:158,0
DA:160,0
DA:161,0
DA:162,0
DA:163,0
DA:167,0
DA:169,0
DA:170,0
DA:177,0
DA:186,0
DA:190,0
DA:191,0
DA:192,0
DA:194,0
DA:195,0
DA:200,0
DA:201,0
DA:202,0
DA:203,0
DA:207,0
DA:208,0
DA:209,0
DA:210,0
DA:212,0
DA:223,0
DA:225,0
DA:235,0
LF:37
LH:0
BRDA:129,0,0,0
BRDA:130,1,0,0
BRDA:138,2,0,0
BRDA:142,3,0,0
BRDA:143,4,0,0
BRDA:149,5,0,0
BRDA:149,5,1,0
BRDA:152,6,0,0
BRDA:152,6,1,0
BRDA:153,7,0,0
BRDA:153,7,1,0
BRDA:161,8,0,0
BRDA:161,8,1,0
BRDA:169,9,0,0
BRDA:169,9,1,0
BRDA:188,10,0,0
BRDA:190,11,0,0
BRDA:190,11,1,0
BRDA:191,12,0,0
BRDA:191,12,1,0
BRDA:191,13,0,0
BRDA:191,13,1,0
BRDA:194,14,0,0
BRDA:194,14,1,0
BRDA:202,15,0,0
BRDA:202,15,1,0
BRDA:210,16,0,0
BRDA:210,16,1,0
BRDA:217,17,0,0
BRDA:217,17,1,0
BRDA:218,18,0,0
BRDA:218,18,1,0
BRDA:219,19,0,0
BRDA:219,19,1,0
BRDA:223,20,0,0
BRDA:223,20,1,0
BRDA:225,21,0,0
BRDA:225,21,1,0
BRF:38
BRH:0
end_of_record
TN:
SF:packages/react/src/components/DataTable/state/getDerivedStateFromProps.js
FN:18,(anonymous_0)
FN:50,(anonymous_1)
FNF:2
FNH:2
FNDA:8,(anonymous_0)
FNDA:6,(anonymous_1)
DA:18,1
DA:19,8
DA:24,8
DA:40,8
DA:41,2
DA:47,2
DA:50,8
DA:51,6
DA:54,8
LF:9
LH:9
BRDA:28,0,0,8
BRDA:28,0,1,6
BRDA:29,1,0,8
BRDA:29,1,1,6
BRDA:33,2,0,8
BRDA:33,2,1,7
BRDA:37,3,0,8
BRDA:37,3,1,7
BRDA:40,4,0,2
BRDA:40,4,1,6
BRDA:40,5,0,8
BRDA:40,5,1,2
BRF:12
BRH:12
end_of_record
TN:
[...]
BRF:0
BRH:0
end_of_record
TN:
SF:packages/themes/src/tokens/index.js
FN:23,(anonymous_0)
FN:31,(anonymous_1)
FN:39,(anonymous_2)
FN:40,(anonymous_3)
FN:49,(anonymous_4)
FN:57,(anonymous_5)
FNF:6
FNH:6
FNDA:695,(anonymous_0)
FNDA:70,(anonymous_1)
FNDA:20,(anonymous_2)
FNDA:370,(anonymous_3)
FNDA:170,(anonymous_4)
FNDA:120,(anonymous_5)
DA:21,5
DA:24,695
DA:32,70
DA:40,20
DA:41,370
DA:50,170
DA:58,120
DA:65,5
LF:8
LH:8
BRF:0
BRH:0
end_of_record
TN:
SF:packages/themes/src/tokens/layout.js
FNF:0
FNH:0
DA:10,5
LF:1
LH:1
BRF:0
BRH:0
end_of_record
TN:
SF:packages/themes/src/tokens/type.js
FNF:0
FNH:0
DA:10,5
LF:1
LH:1
BRF:0
BRH:0
end_of_record
TN:
SF:packages/themes/src/tokens/v10.js
FN:170,(anonymous_0)
FN:176,(anonymous_1)
FN:182,(anonymous_2)
FNF:3
FNH:3
FNDA:360,(anonymous_0)
FNDA:170,(anonymous_1)
FNDA:155,(anonymous_2)
DA:10,5
DA:90,5
DA:131,5
DA:169,5
DA:171,360
DA:177,170
DA:183,155
LF:7
LH:7
BRF:0
BRH:0
end_of_record
TN:
SF:packages/themes/src/tokens/v11TokenGroup.js
FNF:0
FNH:0
DA:10,6
DA:40,6
DA:144,6
DA:172,6
DA:224,6
DA:249,6
DA:272,6
DA:294,6
DA:312,6
DA:318,6
DA:324,6
DA:345,6
DA:395,6
LF:13
LH:13
BRF:0
BRH:0
end_of_record
TN:
SF:packages/themes/src/tokens/v11TokenSet.js
FNF:0
FNH:0
DA:11,5
LF:1
LH:1
BRF:0
BRH:0
end_of_record
TN:
SF:packages/themes/src/v10/g10.js
FNF:0
FNH:0
DA:47,0
DA:48,0
DA:49,0
DA:50,0
DA:52,0
DA:54,0
DA:55,0
DA:56,0
DA:57,0
DA:58,0
DA:60,0
DA:61,0
DA:62,0
DA:63,0
DA:64,0
DA:65,0
DA:67,0
DA:68,0
DA:69,0
DA:71,0
DA:72,0
DA:74,0
DA:76,0
DA:77,0
DA:79,0
DA:80,0
DA:82,0
DA:83,0
DA:84,0
DA:85,0
DA:87,0
DA:88,0
DA:89,0
DA:90,0
DA:92,0
DA:94,0
DA:95,0
DA:98,0
DA:99,0
DA:101,0
DA:102,0
DA:104,0
DA:106,0
DA:107,0
DA:109,0
DA:110,0
DA:112,0
DA:113,0
DA:114,0
DA:115,0
DA:116,0
DA:117,0
DA:118,0
DA:120,0
DA:122,0
DA:123,0
DA:125,0
DA:127,0
DA:129,0
DA:130,0
DA:131,0
DA:133,0
DA:135,0
DA:137,0
DA:139,0
DA:140,0
DA:144,0
DA:145,0
DA:146,0
DA:147,0
DA:148,0
DA:149,0
DA:150,0
DA:151,0
DA:152,0
DA:154,0
DA:155,0
DA:156,0
DA:157,0
DA:159,0
DA:160,0
DA:161,0
DA:162,0
DA:163,0
DA:164,0
DA:166,0
DA:167,0
DA:168,0
DA:169,0
DA:171,0
DA:172,0
DA:173,0
DA:174,0
DA:176,0
DA:177,0
DA:178,0
DA:179,0
DA:180,0
DA:181,0
DA:182,0
DA:183,0
DA:185,0
DA:186,0
DA:187,0
DA:189,0
DA:190,0
DA:191,0
DA:192,0
DA:193,0
DA:195,0
DA:196,0
DA:198,0
DA:199,0
DA:200,0
DA:201,0
DA:203,0
DA:204,0
DA:206,0
DA:207,0
DA:208,0
DA:209,0
DA:210,0
DA:211,0
DA:212,0
DA:213,0
DA:214,0
DA:216,0
DA:217,0
DA:218,0
DA:219,0
DA:220,0
DA:221,0
DA:223,0
DA:225,0
DA:226,0
DA:227,0
DA:229,0
DA:230,0
DA:231,0
DA:233,0
DA:234,0
DA:344,0
DA:345,0
DA:346,0
DA:347,0
DA:348,0
DA:349,0
LF:147
LH:0
BRF:0
BRH:0
end_of_record
TN:
SF:packages/themes/src/v10/g100.js
FNF:0
FNH:0
DA:46,0
DA:47,0
DA:48,0
DA:49,0
DA:51,0
DA:53,0
DA:54,0
DA:55,0
DA:56,0
DA:57,0
DA:59,0
DA:60,0
DA:61,0
DA:62,0
DA:63,0
DA:64,0
DA:66,0
DA:67,0
DA:68,0
DA:70,0
DA:71,0
DA:73,0
DA:75,0
DA:76,0
DA:78,0
DA:79,0
DA:81,0
DA:82,0
DA:83,0
DA:84,0
DA:86,0
DA:87,0
DA:88,0
DA:89,0
DA:91,0
DA:93,0
DA:94,0
DA:97,0
DA:98,0
DA:100,0
DA:101,0
DA:103,0
DA:105,0
DA:106,0
DA:108,0
DA:109,0
DA:111,0
DA:112,0
DA:113,0
DA:114,0
DA:115,0
DA:116,0
DA:117,0
DA:119,0
DA:121,0
DA:122,0
DA:124,0
DA:126,0
DA:128,0
DA:129,0
DA:130,0
DA:132,0
DA:134,0
DA:136,0
DA:138,0
DA:139,0
DA:143,0
DA:144,0
DA:145,0
DA:146,0
DA:147,0
DA:148,0
DA:149,0
DA:150,0
DA:151,0
DA:153,0
DA:154,0
DA:155,0
DA:156,0
DA:158,0
DA:159,0
DA:160,0
DA:161,0
DA:162,0
DA:163,0
DA:165,0
DA:166,0
DA:167,0
DA:168,0
DA:170,0
DA:171,0
DA:172,0
DA:173,0
DA:175,0
DA:176,0
DA:177,0
DA:178,0
DA:179,0
DA:180,0
DA:181,0
DA:182,0
DA:184,0
DA:185,0
DA:186,0
DA:188,0
DA:189,0
DA:190,0
DA:191,0
DA:192,0
DA:194,0
DA:195,0
DA:197,0
DA:198,0
DA:199,0
DA:200,0
DA:202,0
DA:203,0
DA:205,0
DA:206,0
DA:207,0
DA:208,0
DA:209,0
DA:210,0
DA:211,0
DA:212,0
DA:213,0
DA:215,0
DA:216,0
DA:217,0
DA:218,0
DA:219,0
DA:220,0
DA:222,0
DA:224,0
DA:225,0
DA:226,0
DA:228,0
DA:229,0
DA:230,0
DA:232,0
DA:233,0
DA:343,0
DA:344,0
DA:345,0
DA:346,0
DA:347,0
DA:348,0
LF:147
LH:0
BRF:0
BRH:0
end_of_record
TN:
SF:packages/themes/src/v10/g90.js
FNF:0
FNH:0
DA:48,0
DA:49,0
DA:50,0
DA:51,0
DA:53,0
DA:55,0
DA:56,0
DA:57,0
DA:58,0
DA:59,0
DA:61,0
DA:62,0
DA:63,0
DA:64,0
DA:65,0
DA:66,0
DA:68,0
DA:69,0
DA:70,0
DA:72,0
DA:73,0
DA:75,0
DA:77,0
DA:78,0
DA:80,0
DA:81,0
DA:83,0
DA:84,0
DA:85,0
DA:86,0
DA:88,0
DA:89,0
DA:90,0
DA:91,0
DA:93,0
DA:95,0
DA:96,0
DA:99,0
DA:100,0
DA:102,0
DA:103,0
DA:105,0
DA:107,0
DA:108,0
DA:110,0
DA:111,0
DA:113,0
DA:114,0
DA:115,0
DA:116,0
DA:117,0
DA:118,0
DA:119,0
DA:121,0
DA:123,0
DA:124,0
DA:126,0
DA:128,0
DA:130,0
DA:131,0
DA:132,0
DA:134,0
DA:136,0
DA:138,0
DA:140,0
DA:141,0
DA:145,0
DA:146,0
DA:147,0
DA:148,0
DA:149,0
DA:150,0
DA:151,0
DA:152,0
DA:153,0
DA:155,0
DA:156,0
DA:157,0
DA:158,0
DA:160,0
DA:161,0
DA:162,0
DA:163,0
DA:164,0
DA:165,0
DA:167,0
DA:168,0
DA:169,0
DA:170,0
DA:172,0
DA:173,0
DA:174,0
DA:175,0
DA:177,0
DA:178,0
DA:179,0
DA:180,0
DA:181,0
DA:182,0
DA:183,0
DA:184,0
DA:186,0
DA:187,0
DA:188,0
DA:190,0
DA:191,0
DA:192,0
DA:193,0
DA:194,0
DA:196,0
DA:197,0
DA:199,0
DA:200,0
DA:201,0
DA:202,0
DA:204,0
DA:205,0
DA:207,0
DA:208,0
DA:209,0
DA:210,0
DA:211,0
DA:212,0
DA:213,0
DA:214,0
DA:215,0
DA:217,0
DA:218,0
DA:219,0
DA:220,0
DA:221,0
DA:222,0
DA:224,0
DA:226,0
DA:227,0
DA:228,0
DA:230,0
DA:231,0
DA:232,0
DA:234,0
DA:235,0
DA:345,0
DA:346,0
DA:347,0
DA:348,0
DA:349,0
DA:350,0
LF:147
LH:0
BRF:0
BRH:0
end_of_record
TN:
SF:packages/themes/src/v10/index.js
FNF:0
FNH:0
DA:14,0
LF:1
LH:0
BRF:0
BRH:0
end_of_record
TN:
SF:packages/themes/src/v10/tokens.js
FNF:0
FNH:0
DA:13,0
DA:211,0
DA:217,0
LF:3
LH:0
BRF:0
BRH:0
end_of_record
TN:
SF:packages/themes/src/v10/white.js
FNF:0
FNH:0
DA:47,0
DA:48,0
DA:49,0
DA:50,0
DA:52,0
DA:54,0
DA:55,0
DA:56,0
DA:57,0
DA:58,0
DA:60,0
DA:61,0
DA:62,0
DA:63,0
DA:64,0
DA:65,0
DA:67,0
DA:68,0
DA:69,0
DA:71,0
DA:72,0
DA:74,0
DA:76,0
DA:77,0
DA:79,0
DA:80,0
DA:82,0
DA:83,0
DA:84,0
DA:85,0
DA:87,0
DA:88,0
DA:89,0
DA:90,0
DA:92,0
DA:94,0
DA:95,0
DA:98,0
DA:99,0
DA:101,0
DA:102,0
DA:104,0
DA:106,0
DA:107,0
DA:109,0
DA:110,0
DA:112,0
DA:113,0
DA:114,0
DA:115,0
DA:116,0
DA:117,0
DA:118,0
DA:120,0
DA:122,0
DA:123,0
DA:125,0
DA:127,0
DA:129,0
DA:130,0
DA:131,0
DA:133,0
DA:135,0
DA:137,0
DA:139,0
DA:140,0
DA:144,0
DA:145,0
DA:146,0
DA:147,0
DA:148,0
DA:149,0
DA:150,0
DA:151,0
DA:152,0
DA:154,0
DA:155,0
DA:156,0
DA:157,0
DA:159,0
DA:160,0
DA:161,0
DA:162,0
DA:163,0
DA:164,0
DA:166,0
DA:167,0
DA:168,0
DA:169,0
DA:171,0
DA:172,0
DA:173,0
DA:174,0
DA:176,0
DA:177,0
DA:178,0
DA:179,0
DA:180,0
DA:181,0
DA:182,0
DA:183,0
DA:185,0
DA:186,0
DA:187,0
DA:189,0
DA:190,0
DA:191,0
DA:192,0
DA:193,0
DA:195,0
DA:196,0
DA:198,0
DA:199,0
DA:200,0
DA:201,0
DA:203,0
DA:204,0
DA:206,0
DA:207,0
DA:208,0
DA:209,0
DA:210,0
DA:211,0
DA:212,0
DA:213,0
DA:214,0
DA:216,0
DA:217,0
DA:218,0
DA:219,0
DA:220,0
DA:221,0
DA:223,0
DA:225,0
DA:226,0
DA:227,0
DA:229,0
DA:230,0
DA:231,0
DA:233,0
DA:234,0
DA:347,0
DA:348,0
DA:349,0
DA:350,0
DA:351,0
DA:352,0
LF:147
LH:0
BRF:0
BRH:0
end_of_record
TN:
SF:packages/type/src/fluid.js
FN:12,next
FN:16,fluid
FN:30,(anonymous_2)
FN:40,fluidTypeSize
FN:84,subtract
FNF:5
FNH:0
FNDA:0,next
FNDA:0,fluid
FNDA:0,(anonymous_2)
FNDA:0,fluidTypeSize
FNDA:0,subtract
DA:10,0
DA:13,0
DA:17,0
DA:19,0
DA:20,0
DA:23,0
DA:24,0
DA:25,0
DA:28,0
DA:30,0
DA:31,0
DA:37,0
DA:41,0
DA:43,0
DA:47,0
DA:48,0
DA:49,0
DA:50,0
DA:53,0
DA:54,0
DA:56,0
DA:57,0
DA:59,0
DA:60,0
DA:61,0
DA:62,0
DA:64,0
DA:67,0
DA:68,0
DA:69,0
DA:70,0
DA:72,0
DA:81,0
DA:85,0
LF:34
LH:0
BRDA:19,0,0,0
BRDA:19,0,1,0
BRDA:24,1,0,0
BRDA:24,1,1,0
BRDA:43,2,0,0
BRDA:43,2,1,0
BRDA:49,3,0,0
BRDA:49,3,1,0
BRDA:60,4,0,0
BRDA:60,4,1,0
BRDA:67,5,0,0
BRDA:67,5,1,0
BRF:12
BRH:0
end_of_record
TN:
SF:packages/type/src/fontFamily.js
FN:20,fontFamily
FNF:1
FNH:1
FNDA:3,fontFamily
DA:10,1
DA:21,3
DA:22,1
DA:27,2
LF:4
LH:4
BRDA:21,0,0,1
BRDA:21,0,1,2
BRF:2
BRH:2
end_of_record
TN:
SF:packages/type/src/fontWeight.js
FN:14,fontWeight
FNF:1
FNH:1
FNDA:3,fontWeight
DA:8,1
DA:15,3
DA:16,1
DA:21,2
LF:4
LH:4
BRDA:15,0,0,1
BRDA:15,0,1,2
BRF:2
BRH:2
end_of_record
TN:
SF:packages/type/src/index.js
FNF:0
FNH:0
LF:0
LH:0
BRF:0
BRH:0
end_of_record
TN:
SF:packages/type/src/print.js
FN:8,print
FN:9,(anonymous_1)
FN:25,paramCase
FNF:3
FNH:3
FNDA:2,print
FNDA:2,(anonymous_1)
FNDA:2,paramCase
DA:9,2
DA:13,2
DA:14,0
DA:17,2
DA:18,2
DA:19,2
DA:21,0
DA:26,2
DA:27,2
DA:28,20
DA:29,20
DA:30,2
DA:31,2
DA:33,18
DA:35,2
LF:15
LH:13
BRDA:13,0,0,0
BRDA:13,0,1,2
BRDA:18,1,0,2
BRDA:18,1,1,0
BRDA:29,2,0,2
BRDA:29,2,1,18
BRF:6
BRH:4
end_of_record
TN:
SF:packages/type/src/reset.js
FNF:0
FNH:0
DA:12,0
LF:1
LH:0
BRF:0
BRH:0
end_of_record
TN:
SF:packages/type/src/scale.js
FN:13,getTypeSize
FNF:1
FNH:1
FNDA:34,getTypeSize
DA:14,34
DA:15,5
DA:18,29
DA:27,1
LF:4
LH:4
BRDA:14,0,0,5
BRDA:14,0,1,29
BRF:2
BRH:2
end_of_record
TN:
SF:packages/type/src/styles.js
FNF:0
FNH:0
DA:13,0
DA:20,0
DA:27,0
DA:34,0
DA:41,0
DA:47,0
DA:53,0
DA:60,0
DA:67,0
DA:74,0
DA:81,0
DA:89,0
DA:97,0
DA:104,0
DA:111,0
DA:118,0
DA:125,0
DA:132,0
DA:139,0
DA:146,0
DA:153,0
DA:160,0
DA:165,0
DA:170,0
DA:187,0
DA:205,0
DA:234,0
DA:266,0
DA:283,0
DA:316,0
DA:341,0
DA:364,0
DA:387,0
DA:414,0
DA:446,0
DA:453,0
DA:461,0
DA:462,0
DA:463,0
DA:464,0
DA:467,0
DA:468,0
DA:469,0
DA:470,0
DA:471,0
DA:472,0
DA:473,0
DA:476,0
DA:477,0
DA:478,0
DA:479,0
DA:482,0
DA:483,0
DA:484,0
DA:485,0
DA:486,0
DA:487,0
DA:488,0
LF:58
LH:0
BRF:0
BRH:0
end_of_record
TN:
SF:packages/type/src/tokens.js
FNF:0
FNH:0
DA:9,0
DA:10,0
DA:11,0
DA:12,0
DA:13,0
DA:14,0
DA:15,0
DA:16,0
DA:17,0
DA:18,0
DA:19,0
DA:20,0
DA:21,0
DA:22,0
DA:23,0
DA:24,0
DA:25,0
DA:26,0
DA:27,0
DA:28,0
DA:29,0
DA:30,0
DA:31,0
DA:32,0
DA:33,0
DA:34,0
DA:35,0
DA:36,0
DA:37,0
DA:38,0
DA:39,0
DA:40,0
DA:41,0
DA:42,0
DA:44,0
DA:45,0
DA:46,0
DA:47,0
DA:48,0
DA:49,0
DA:50,0
DA:51,0
DA:52,0
DA:53,0
DA:54,0
DA:55,0
DA:56,0
DA:57,0
DA:58,0
DA:59,0
DA:60,0
DA:61,0
DA:62,0
DA:63,0
DA:64,0
DA:65,0
DA:66,0
DA:67,0
DA:69,0
LF:59
LH:0
BRF:0
BRH:0
end_of_record
TN:
SF:packages/upgrade/src/cli.js
FN:23,main
FN:56,(anonymous_1)
FN:70,(anonymous_2)
FN:75,(anonymous_3)
FN:82,(anonymous_4)
FN:107,run
FN:108,(anonymous_6)
FNF:7
FNH:0
FNDA:0,main
FNDA:0,(anonymous_1)
FNDA:0,(anonymous_2)
FNDA:0,(anonymous_3)
FNDA:0,(anonymous_4)
FNDA:0,run
FNDA:0,(anonymous_6)
DA:21,0
DA:24,0
DA:26,0
DA:52,0
DA:57,0
DA:58,0
DA:63,0
DA:67,0
DA:71,0
DA:76,0
DA:77,0
DA:78,0
DA:83,0
DA:84,0
DA:92,0
DA:96,0
DA:100,0
DA:108,0
DA:109,0
DA:110,0
DA:113,0
DA:117,0
DA:119,0
DA:120,0
DA:122,0
DA:127,0
DA:131,0
DA:132,0
DA:136,0
DA:139,0
DA:142,0
DA:143,0
DA:144,0
DA:146,0
DA:147,0
DA:148,0
DA:150,0
DA:151,0
DA:152,0
DA:153,0
LF:40
LH:0
BRDA:107,0,0,0
BRDA:109,1,0,0
BRDA:109,1,1,0
BRDA:122,2,0,0
BRDA:122,2,1,0
BRDA:123,3,0,0
BRDA:123,3,1,0
BRDA:123,3,2,0
BRDA:131,4,0,0
BRDA:131,4,1,0
BRDA:131,5,0,0
BRDA:131,5,1,0
BRDA:131,5,2,0
BRDA:146,6,0,0
BRDA:146,6,1,0
BRF:15
BRH:0
end_of_record
TN:
SF:packages/upgrade/src/diff.js
FN:17,diff
FNF:1
FNH:0
FNDA:0,diff
DA:18,0
DA:24,0
LF:2
LH:0
BRDA:17,0,0,0
BRF:1
BRH:0
end_of_record
TN:
SF:packages/upgrade/src/error.js
FN:9,(anonymous_0)
FNF:1
FNH:1
FNDA:1,(anonymous_0)
DA:10,1
DA:11,1
LF:2
LH:2
BRF:0
BRH:0
end_of_record
TN:
SF:packages/upgrade/src/hash.js
FN:16,hash
FNF:1
FNH:1
FNDA:14,hash
DA:8,3
DA:17,14
DA:18,14
DA:19,14
DA:21,14
DA:22,14
DA:25,14
DA:26,162
DA:28,162
DA:35,162
DA:37,162
DA:38,162
DA:39,162
DA:40,162
DA:41,162
DA:42,162
DA:45,14
DA:46,14
DA:49,1
DA:51,7
DA:53,11
DA:55,11
DA:56,11
DA:57,11
DA:58,11
DA:61,14
DA:62,14
DA:63,14
DA:64,14
DA:65,14
DA:66,14
DA:68,14
DA:70,14
DA:71,0
DA:74,14
DA:75,14
DA:76,80
DA:77,80
DA:78,80
DA:80,14
LF:40
LH:39
BRDA:46,0,0,1
BRDA:46,0,1,7
BRDA:46,0,2,11
BRDA:70,1,0,0
BRDA:70,1,1,14
BRF:5
BRH:4
end_of_record
TN:
SF:packages/upgrade/src/jscodeshift.js
FN:10,run
FNF:1
FNH:0
FNDA:0,run
DA:18,0
DA:19,0
LF:2
LH:0
BRDA:13,0,0,0
BRDA:15,1,0,0
BRDA:65,2,0,0
BRDA:65,2,1,0
BRF:4
BRH:0
end_of_record
TN:
SF:packages/upgrade/src/logger.js
FN:23,getColor
FN:58,(anonymous_1)
FN:61,(anonymous_2)
FN:64,(anonymous_3)
FN:69,log
FN:77,(anonymous_5)
FNF:6
FNH:0
FNDA:0,getColor
FNDA:0,(anonymous_1)
FNDA:0,(anonymous_2)
FNDA:0,(anonymous_3)
FNDA:0,log
FNDA:0,(anonymous_5)
DA:10,0
DA:24,0
DA:26,0
DA:28,0
DA:31,0
DA:34,0
DA:36,0
DA:40,0
DA:53,0
DA:59,0
DA:60,0
DA:62,0
DA:65,0
DA:70,0
DA:71,0
DA:72,0
DA:76,0
DA:77,0
DA:78,0
DA:82,0
DA:86,0
LF:21
LH:0
BRDA:24,0,0,0
BRDA:24,0,1,0
BRDA:24,0,2,0
BRDA:24,0,3,0
BRDA:24,0,4,0
BRDA:24,0,5,0
BRDA:24,0,6,0
BRDA:40,1,0,0
BRDA:40,1,1,0
BRDA:58,2,0,0
BRDA:70,3,0,0
BRDA:70,3,1,0
BRF:12
BRH:0
end_of_record
TN:
SF:packages/upgrade/src/upgrades.js
FN:40,(anonymous_0)
FN:59,(anonymous_1)
FN:151,(anonymous_2)
FN:181,(anonymous_3)
FN:208,(anonymous_4)
FN:236,(anonymous_5)
FN:267,(anonymous_6)
FN:307,(anonymous_7)
FN:348,(anonymous_8)
FN:391,(anonymous_9)
FN:433,(anonymous_10)
FN:488,(anonymous_11)
FN:524,(anonymous_12)
FN:574,(anonymous_13)
FN:610,(anonymous_14)
FN:640,(anonymous_15)
FN:708,(anonymous_16)
FNF:17
FNH:0
FNDA:0,(anonymous_0)
FNDA:0,(anonymous_1)
FNDA:0,(anonymous_2)
FNDA:0,(anonymous_3)
FNDA:0,(anonymous_4)
FNDA:0,(anonymous_5)
FNDA:0,(anonymous_6)
FNDA:0,(anonymous_7)
FNDA:0,(anonymous_8)
FNDA:0,(anonymous_9)
FNDA:0,(anonymous_10)
FNDA:0,(anonymous_11)
FNDA:0,(anonymous_12)
FNDA:0,(anonymous_13)
FNDA:0,(anonymous_14)
FNDA:0,(anonymous_15)
FNDA:0,(anonymous_16)
DA:12,0
DA:33,0
DA:41,0
DA:60,0
DA:72,0
DA:152,0
DA:157,0
DA:170,0
DA:182,0
DA:184,0
DA:197,0
DA:209,0
DA:211,0
DA:224,0
DA:237,0
DA:242,0
DA:255,0
DA:268,0
DA:273,0
DA:286,0
DA:308,0
DA:313,0
DA:326,0
DA:349,0
DA:354,0
DA:367,0
DA:392,0
DA:397,0
DA:414,0
DA:434,0
DA:439,0
DA:452,0
DA:489,0
DA:494,0
DA:511,0
DA:525,0
DA:527,0
DA:540,0
DA:575,0
DA:580,0
DA:597,0
DA:611,0
DA:616,0
DA:629,0
DA:641,0
DA:646,0
DA:659,0
DA:709,0
DA:714,0
DA:731,0
LF:50
LH:0
BRDA:157,0,0,0
BRDA:157,0,1,0
BRDA:157,1,0,0
BRDA:157,1,1,0
BRDA:184,2,0,0
BRDA:184,2,1,0
BRDA:184,3,0,0
BRDA:184,3,1,0
BRDA:211,4,0,0
BRDA:211,4,1,0
BRDA:211,5,0,0
BRDA:211,5,1,0
BRDA:242,6,0,0
BRDA:242,6,1,0
BRDA:242,7,0,0
BRDA:242,7,1,0
BRDA:273,8,0,0
BRDA:273,8,1,0
BRDA:273,9,0,0
BRDA:273,9,1,0
BRDA:313,10,0,0
BRDA:313,10,1,0
BRDA:313,11,0,0
BRDA:313,11,1,0
BRDA:354,12,0,0
BRDA:354,12,1,0
BRDA:354,13,0,0
BRDA:354,13,1,0
BRDA:397,14,0,0
BRDA:397,14,1,0
BRDA:397,15,0,0
BRDA:397,15,1,0
BRDA:439,16,0,0
BRDA:439,16,1,0
BRDA:439,17,0,0
BRDA:439,17,1,0
BRDA:494,18,0,0
BRDA:494,18,1,0
BRDA:494,19,0,0
BRDA:494,19,1,0
BRDA:527,20,0,0
BRDA:527,20,1,0
BRDA:527,21,0,0
BRDA:527,21,1,0
BRDA:580,22,0,0
BRDA:580,22,1,0
BRDA:580,23,0,0
BRDA:580,23,1,0
BRDA:616,24,0,0
BRDA:616,24,1,0
BRDA:616,25,0,0
BRDA:616,25,1,0
BRDA:646,26,0,0
BRDA:646,26,1,0
BRDA:646,27,0,0
BRDA:646,27,1,0
BRDA:714,28,0,0
BRDA:714,28,1,0
BRDA:714,29,0,0
BRDA:714,29,1,0
BRF:60
BRH:0
end_of_record
TN:
SF:packages/upgrade/src/workspace.js
FN:22,(anonymous_0)
FN:27,visit
FN:37,(anonymous_2)
FN:61,(anonymous_3)
FN:65,(anonymous_4)
FN:74,(anonymous_5)
FN:78,(anonymous_6)
FN:79,(anonymous_7)
FN:84,(anonymous_8)
FN:92,(anonymous_9)
FN:102,(anonymous_10)
FN:107,loadWorkspace
FN:146,(anonymous_12)
FN:150,(anonymous_13)
FN:152,(anonymous_14)
FN:184,ancestors
FN:205,getAvailableWorkspaces
FN:206,(anonymous_17)
FN:216,(anonymous_18)
FN:226,(anonymous_19)
FN:232,(anonymous_20)
FN:233,(anonymous_21)
FN:253,(anonymous_22)
FN:254,(anonymous_23)
FN:266,(anonymous_24)
FN:267,(anonymous_25)
FN:284,(anonymous_26)
FN:288,(anonymous_27)
FNF:28
FNH:27
FNDA:10,(anonymous_0)
FNDA:14,visit
FNDA:4,(anonymous_2)
FNDA:14,(anonymous_3)
FNDA:14,(anonymous_4)
FNDA:4,(anonymous_5)
FNDA:5,(anonymous_6)
FNDA:4,(anonymous_7)
FNDA:6,(anonymous_8)
FNDA:6,(anonymous_9)
FNDA:18,(anonymous_10)
FNDA:14,loadWorkspace
FNDA:2,(anonymous_12)
FNDA:2,(anonymous_13)
FNDA:4,(anonymous_14)
FNDA:9,ancestors
FNDA:9,getAvailableWorkspaces
FNDA:66,(anonymous_17)
FNDA:12,(anonymous_18)
FNDA:12,(anonymous_19)
FNDA:1,(anonymous_20)
FNDA:3,(anonymous_21)
FNDA:2,(anonymous_22)
FNDA:2,(anonymous_23)
FNDA:4,(anonymous_24)
FNDA:12,(anonymous_25)
FNDA:6,(anonymous_26)
FNDA:0,(anonymous_27)
DA:23,10
DA:24,10
DA:25,10
DA:28,14
DA:30,14
DA:31,0
DA:34,14
DA:36,14
DA:37,2
DA:38,4
DA:39,4
DA:43,14
DA:46,10
DA:47,14
DA:48,8
DA:49,8
DA:51,0
DA:52,0
DA:53,0
DA:58,10
DA:62,14
DA:66,14
DA:67,14
DA:68,14
DA:69,14
DA:70,14
DA:71,14
DA:75,4
DA:79,5
DA:80,4
DA:85,6
DA:86,6
DA:87,6
DA:89,6
DA:93,6
DA:94,6
DA:95,6
DA:98,6
DA:103,18
DA:108,14
DA:110,14
DA:111,0
DA:114,14
DA:115,14
DA:116,14
DA:118,14
DA:119,42
DA:120,35
DA:123,7
DA:124,8
DA:132,14
DA:133,2
DA:137,0
DA:142,2
DA:145,2
DA:146,2
DA:151,2
DA:153,4
DA:158,2
DA:168,12
DA:177,3
DA:185,9
DA:186,9
DA:188,9
DA:189,66
DA:191,66
DA:192,57
DA:194,9
DA:198,9
DA:206,9
DA:207,66
DA:217,12
DA:220,3
DA:227,12
DA:228,12
DA:229,12
DA:233,1
DA:234,3
DA:235,1
DA:237,2
DA:240,1
DA:241,0
DA:246,1
DA:247,1
DA:248,0
DA:250,1
DA:254,2
DA:255,2
DA:258,2
DA:259,2
DA:260,2
DA:262,0
DA:267,4
DA:268,12
DA:269,4
DA:271,8
DA:274,4
DA:275,0
DA:278,4
DA:279,4
DA:280,4
DA:285,6
DA:289,0
LF:103
LH:92
BRDA:30,0,0,0
BRDA:30,0,1,14
BRDA:36,1,0,2
BRDA:36,1,1,12
BRDA:48,2,0,8
BRDA:48,2,1,0
BRDA:52,3,0,0
BRDA:52,3,1,0
BRDA:85,4,0,6
BRDA:85,4,1,0
BRDA:93,5,0,6
BRDA:93,5,1,0
BRDA:110,6,0,0
BRDA:110,6,1,14
BRDA:119,7,0,35
BRDA:119,7,1,7
BRDA:132,8,0,2
BRDA:132,8,1,12
BRDA:133,9,0,0
BRDA:133,9,1,2
BRDA:134,10,0,2
BRDA:134,10,1,0
BRDA:142,11,0,2
BRDA:142,11,1,0
BRDA:191,12,0,57
BRDA:191,12,1,9
BRDA:232,13,0,1
BRDA:234,14,0,1
BRDA:234,14,1,2
BRDA:240,15,0,0
BRDA:240,15,1,1
BRDA:247,16,0,0
BRDA:247,16,1,1
BRDA:258,17,0,2
BRDA:258,17,1,0
BRDA:268,18,0,4
BRDA:268,18,1,8
BRDA:274,19,0,0
BRDA:274,19,1,4
BRF:39
BRH:25
end_of_record
TN:
SF:packages/upgrade/src/commands/migrate.js
FN:13,migrate
FN:17,(anonymous_1)
FN:20,(anonymous_2)
FN:42,(anonymous_3)
FN:66,listMigrations
FN:78,runMigration
FN:94,(anonymous_6)
FN:98,(anonymous_7)
FN:108,getSelectedWorkspace
FNF:9
FNH:0
FNDA:0,migrate
FNDA:0,(anonymous_1)
FNDA:0,(anonymous_2)
FNDA:0,(anonymous_3)
FNDA:0,listMigrations
FNDA:0,runMigration
FNDA:0,(anonymous_6)
FNDA:0,(anonymous_7)
FNDA:0,getSelectedWorkspace
DA:14,0
DA:16,0
DA:18,0
DA:21,0
DA:24,0
DA:25,0
DA:26,0
DA:30,0
DA:31,0
DA:32,0
DA:35,0
DA:36,0
DA:37,0
DA:41,0
DA:42,0
DA:43,0
DA:46,0
DA:47,0
DA:51,0
DA:53,0
DA:56,0
DA:58,0
DA:67,0
DA:68,0
DA:69,0
DA:79,0
DA:81,0
DA:87,0
DA:89,0
DA:90,0
DA:91,0
DA:92,0
DA:94,0
DA:95,0
DA:98,0
DA:99,0
DA:110,0
DA:111,0
DA:116,0
DA:125,0
LF:40
LH:0
BRDA:13,0,0,0
BRDA:18,1,0,0
BRDA:18,1,1,0
BRDA:24,2,0,0
BRDA:24,2,1,0
BRDA:24,3,0,0
BRDA:24,3,1,0
BRDA:30,4,0,0
BRDA:30,4,1,0
BRDA:36,5,0,0
BRDA:36,5,1,0
BRDA:41,6,0,0
BRDA:41,6,1,0
BRDA:46,7,0,0
BRDA:46,7,1,0
BRDA:89,8,0,0
BRDA:89,8,1,0
BRDA:89,9,0,0
BRDA:89,9,1,0
BRDA:110,10,0,0
BRDA:110,10,1,0
BRF:21
BRH:0
end_of_record
TN:
SF:packages/upgrade/src/commands/upgrade.js
FN:14,upgrade
FN:25,(anonymous_1)
FN:28,(anonymous_2)
FN:29,(anonymous_3)
FN:111,getSelectedWorkspace
FN:135,getSelectedUpgrade
FN:159,(anonymous_6)
FN:173,(anonymous_7)
FNF:8
FNH:8
FNDA:9,upgrade
FNDA:7,(anonymous_1)
FNDA:8,(anonymous_2)
FNDA:9,(anonymous_3)
FNDA:8,getSelectedWorkspace
FNDA:6,getSelectedUpgrade
FNDA:2,(anonymous_6)
FNDA:2,(anonymous_7)
DA:15,9
DA:17,9
DA:18,9
DA:20,9
DA:21,1
DA:24,8
DA:25,8
DA:26,7
DA:28,7
DA:29,8
DA:30,9
DA:33,8
DA:34,8
DA:37,0
DA:41,8
DA:42,2
DA:43,2
DA:46,6
DA:47,6
DA:48,0
DA:49,0
DA:52,6
DA:58,6
DA:60,6
DA:61,7
DA:63,7
DA:64,7
DA:66,7
DA:67,1
DA:70,7
DA:71,2
DA:77,7
DA:78,4
DA:83,6
DA:84,6
DA:85,6
DA:86,6
DA:87,6
DA:89,0
DA:90,0
DA:94,6
DA:95,6
DA:96,0
DA:97,0
DA:99,0
DA:113,8
DA:114,6
DA:119,2
DA:128,2
DA:136,6
DA:137,5
DA:138,5
DA:147,5
DA:148,0
DA:151,5
DA:154,1
DA:160,2
DA:169,1
DA:170,0
DA:173,1
DA:174,2
LF:61
LH:51
BRDA:14,0,0,3
BRDA:20,1,0,1
BRDA:20,1,1,8
BRDA:33,2,0,8
BRDA:33,2,1,0
BRDA:41,3,0,2
BRDA:41,3,1,6
BRDA:47,4,0,0
BRDA:47,4,1,6
BRDA:66,5,0,1
BRDA:66,5,1,6
BRDA:70,6,0,2
BRDA:70,6,1,5
BRDA:77,7,0,4
BRDA:77,7,1,3
BRDA:83,8,0,6
BRDA:83,8,1,0
BRDA:85,9,0,6
BRDA:85,9,1,0
BRDA:95,10,0,0
BRDA:95,10,1,6
BRDA:95,11,0,6
BRDA:95,11,1,0
BRDA:113,12,0,6
BRDA:113,12,1,2
BRDA:136,13,0,5
BRDA:136,13,1,1
BRDA:147,14,0,0
BRDA:147,14,1,5
BRDA:169,15,0,0
BRDA:169,15,1,1
BRDA:169,16,0,1
BRDA:169,16,1,1
BRF:33
BRH:25
end_of_record
