TN:
SF:packages/carbon-components-react/src/index.js
FNF:0
FNH:0
LF:0
LH:0
BRF:0
BRH:0
end_of_record
TN:
SF:packages/colors/src/colors.js
FNF:0
FNH:0
DA:8,0
DA:9,0
DA:10,0
DA:12,0
DA:13,0
DA:14,0
DA:16,0
DA:17,0
DA:18,0
DA:19,0
DA:20,0
DA:21,0
DA:22,0
DA:23,0
DA:24,0
DA:25,0
DA:26,0
DA:39,0
DA:40,0
DA:41,0
DA:42,0
DA:43,0
DA:44,0
DA:45,0
DA:46,0
DA:47,0
DA:48,0
DA:49,0
DA:62,0
DA:63,0
DA:64,0
DA:65,0
DA:66,0
DA:67,0
DA:68,0
DA:69,0
DA:70,0
DA:71,0
DA:72,0
DA:85,0
DA:86,0
DA:87,0
DA:88,0
DA:89,0
DA:90,0
DA:91,0
DA:92,0
DA:93,0
DA:94,0
DA:95,0
DA:108,0
DA:109,0
DA:110,0
DA:111,0
DA:112,0
DA:113,0
DA:114,0
DA:115,0
DA:116,0
DA:117,0
DA:118,0
DA:131,0
DA:132,0
DA:133,0
DA:134,0
DA:135,0
DA:136,0
DA:137,0
DA:138,0
DA:139,0
DA:140,0
DA:141,0
DA:154,0
DA:155,0
DA:156,0
DA:157,0
DA:158,0
DA:159,0
DA:160,0
DA:161,0
DA:162,0
DA:163,0
DA:164,0
DA:177,0
DA:178,0
DA:179,0
DA:180,0
DA:181,0
DA:182,0
DA:183,0
DA:184,0
DA:185,0
DA:186,0
DA:187,0
DA:200,0
DA:201,0
DA:202,0
DA:203,0
DA:204,0
DA:205,0
DA:206,0
DA:207,0
DA:208,0
DA:209,0
DA:210,0
DA:223,0
DA:224,0
DA:225,0
DA:226,0
DA:227,0
DA:228,0
DA:229,0
DA:230,0
DA:231,0
DA:232,0
DA:233,0
DA:246,0
DA:247,0
DA:248,0
DA:249,0
DA:250,0
DA:251,0
DA:252,0
DA:253,0
DA:254,0
DA:255,0
DA:256,0
DA:269,0
DA:270,0
DA:271,0
DA:272,0
DA:273,0
DA:274,0
DA:275,0
DA:276,0
DA:277,0
DA:278,0
DA:279,0
DA:292,0
DA:293,0
DA:294,0
DA:295,0
DA:296,0
DA:297,0
DA:298,0
DA:299,0
DA:300,0
DA:301,0
DA:302,0
DA:315,0
DA:316,0
DA:317,0
DA:318,0
DA:319,0
DA:320,0
DA:321,0
DA:322,0
DA:323,0
DA:324,0
DA:325,0
DA:338,0
DA:339,0
DA:340,0
DA:341,0
DA:342,0
DA:343,0
DA:344,0
DA:345,0
DA:346,0
DA:347,0
DA:348,0
DA:361,0
DA:362,0
DA:363,0
DA:364,0
DA:365,0
DA:366,0
DA:367,0
DA:368,0
DA:369,0
DA:370,0
DA:371,0
DA:384,0
DA:385,0
DA:386,0
DA:387,0
DA:388,0
DA:389,0
DA:390,0
DA:391,0
DA:392,0
DA:393,0
DA:394,0
DA:407,0
DA:408,0
DA:409,0
DA:410,0
DA:411,0
DA:412,0
DA:413,0
DA:414,0
DA:415,0
DA:416,0
DA:417,0
DA:430,0
DA:431,0
DA:432,0
DA:433,0
DA:434,0
DA:435,0
DA:436,0
DA:437,0
DA:438,0
DA:439,0
DA:440,0
DA:453,0
DA:454,0
DA:455,0
DA:456,0
DA:457,0
DA:458,0
DA:459,0
DA:460,0
DA:461,0
DA:462,0
DA:463,0
DA:476,0
DA:477,0
DA:478,0
DA:479,0
DA:480,0
DA:481,0
DA:482,0
DA:483,0
DA:484,0
DA:485,0
DA:486,0
DA:499,0
DA:500,0
DA:501,0
DA:502,0
DA:503,0
DA:504,0
DA:505,0
DA:506,0
DA:507,0
DA:508,0
DA:509,0
DA:522,0
DA:523,0
DA:524,0
DA:525,0
DA:526,0
DA:527,0
DA:528,0
DA:529,0
DA:530,0
DA:531,0
DA:532,0
DA:545,0
DA:546,0
DA:547,0
DA:548,0
DA:549,0
DA:550,0
DA:551,0
DA:552,0
DA:553,0
DA:554,0
DA:556,0
DA:569,0
DA:590,0
LF:272
LH:0
BRF:0
BRH:0
end_of_record
TN:
SF:packages/colors/src/index.js
FNF:0
FNH:0
LF:0
LH:0
BRF:0
BRH:0
end_of_record
TN:
SF:packages/colors/src/rgb.js
FN:14,rgba
FN:19,(anonymous_1)
FNF:2
FNH:0
FNDA:0,rgba
FNDA:0,(anonymous_1)
DA:15,0
DA:19,0
DA:20,0
LF:3
LH:0
BRF:0
BRH:0
end_of_record
TN:
SF:packages/elements/src/index.js
FNF:0
FNH:0
LF:0
LH:0
BRF:0
BRH:0
end_of_record
TN:
SF:packages/elements/src/__tests__/PublicAPI-test.js
FN:10,(anonymous_0)
FNF:1
FNH:0
FNDA:0,(anonymous_0)
DA:10,0
DA:11,0
LF:2
LH:0
BRF:0
BRH:0
end_of_record
TN:
SF:packages/feature-flags/src/FeatureFlagScope.js
FN:9,(anonymous_0)
FN:13,(anonymous_1)
FN:23,(anonymous_2)
FN:36,(anonymous_3)
FN:47,(anonymous_4)
FN:56,(anonymous_5)
FN:66,(anonymous_6)
FN:67,(anonymous_7)
FN:75,(anonymous_8)
FN:89,(anonymous_9)
FNF:10
FNH:0
FNDA:0,(anonymous_0)
FNDA:0,(anonymous_1)
FNDA:0,(anonymous_2)
FNDA:0,(anonymous_3)
FNDA:0,(anonymous_4)
FNDA:0,(anonymous_5)
FNDA:0,(anonymous_6)
FNDA:0,(anonymous_7)
FNDA:0,(anonymous_8)
FNDA:0,(anonymous_9)
DA:10,0
DA:12,0
DA:13,0
DA:14,0
DA:24,0
DA:25,0
DA:37,0
DA:38,0
DA:40,0
DA:48,0
DA:49,0
DA:57,0
DA:58,0
DA:67,0
DA:68,0
DA:76,0
DA:77,0
DA:78,0
DA:80,0
DA:90,0
DA:91,0
LF:21
LH:0
BRDA:12,0,0,0
BRDA:12,0,1,0
BRDA:24,1,0,0
BRDA:24,1,1,0
BRDA:37,2,0,0
BRDA:37,2,1,0
BRDA:77,3,0,0
BRDA:77,3,1,0
BRF:8
BRH:0
end_of_record
TN:
SF:packages/feature-flags/src/index.js
FN:20,createScope
FN:24,add
FN:28,enable
FN:32,disable
FN:36,enabled
FN:40,merge
FNF:6
FNH:0
FNDA:0,createScope
FNDA:0,add
FNDA:0,enable
FNDA:0,disable
FNDA:0,enabled
FNDA:0,merge
DA:11,0
DA:13,0
DA:14,0
DA:15,0
DA:21,0
DA:25,0
DA:29,0
DA:33,0
DA:37,0
DA:41,0
LF:10
LH:0
BRF:0
BRH:0
end_of_record
TN:
SF:packages/feature-flags/src/__tests__/feature-flags-test.js
FN:8,(anonymous_0)
FN:11,(anonymous_1)
FN:16,(anonymous_2)
FN:17,(anonymous_3)
FN:25,(anonymous_4)
FN:28,(anonymous_5)
FN:34,(anonymous_6)
FN:35,(anonymous_7)
FN:43,(anonymous_8)
FN:44,(anonymous_9)
FN:50,(anonymous_10)
FN:51,(anonymous_11)
FN:59,(anonymous_12)
FN:60,(anonymous_13)
FN:66,(anonymous_14)
FN:67,(anonymous_15)
FN:75,(anonymous_16)
FN:76,(anonymous_17)
FN:82,(anonymous_18)
FN:83,(anonymous_19)
FN:93,(anonymous_20)
FNF:21
FNH:0
FNDA:0,(anonymous_0)
FNDA:0,(anonymous_1)
FNDA:0,(anonymous_2)
FNDA:0,(anonymous_3)
FNDA:0,(anonymous_4)
FNDA:0,(anonymous_5)
FNDA:0,(anonymous_6)
FNDA:0,(anonymous_7)
FNDA:0,(anonymous_8)
FNDA:0,(anonymous_9)
FNDA:0,(anonymous_10)
FNDA:0,(anonymous_11)
FNDA:0,(anonymous_12)
FNDA:0,(anonymous_13)
FNDA:0,(anonymous_14)
FNDA:0,(anonymous_15)
FNDA:0,(anonymous_16)
FNDA:0,(anonymous_17)
FNDA:0,(anonymous_18)
FNDA:0,(anonymous_19)
FNDA:0,(anonymous_20)
DA:8,0
DA:11,0
DA:12,0
DA:13,0
DA:16,0
DA:17,0
DA:18,0
DA:19,0
DA:21,0
DA:22,0
DA:25,0
DA:26,0
DA:28,0
DA:29,0
DA:34,0
DA:35,0
DA:36,0
DA:37,0
DA:39,0
DA:40,0
DA:43,0
DA:44,0
DA:45,0
DA:50,0
DA:51,0
DA:52,0
DA:53,0
DA:55,0
DA:56,0
DA:59,0
DA:60,0
DA:61,0
DA:66,0
DA:67,0
DA:68,0
DA:69,0
DA:71,0
DA:72,0
DA:75,0
DA:76,0
DA:77,0
DA:82,0
DA:83,0
DA:84,0
DA:89,0
DA:90,0
DA:93,0
DA:94,0
DA:95,0
DA:100,0
DA:101,0
LF:51
LH:0
BRF:0
BRH:0
end_of_record
TN:
SF:packages/icon-build-helpers/src/index.js
FNF:0
FNH:0
DA:10,5
DA:11,5
DA:12,5
DA:14,5
LF:4
LH:4
BRF:0
BRH:0
end_of_record
TN:
SF:packages/icon-build-helpers/src/registry.js
FN:40,create
FN:71,(anonymous_1)
FN:79,(anonymous_2)
FN:124,hash
FN:136,getFilepathsFromDirectory
FN:139,(anonymous_5)
FN:142,(anonymous_6)
FNF:7
FNH:7
FNDA:5,create
FNDA:7965,(anonymous_1)
FNDA:7560,(anonymous_2)
FNDA:20284,hash
FNDA:23,getFilepathsFromDirectory
FNDA:10160,(anonymous_5)
FNDA:10160,(anonymous_6)
DA:10,5
DA:11,5
DA:41,5
DA:42,5
DA:46,5
DA:47,10160
DA:48,10160
DA:52,10160
DA:53,18
DA:54,18
DA:55,18
DA:65,10142
DA:71,10142
DA:72,10142
DA:79,10142
DA:80,10142
DA:81,7560
DA:83,2582
DA:86,10142
DA:87,9860
DA:94,10142
DA:98,10142
DA:99,0
DA:100,0
DA:101,0
DA:108,10142
DA:114,5
DA:125,20284
DA:128,5
DA:137,23
DA:138,23
DA:140,10160
DA:143,10160
DA:147,5
LF:34
LH:31
BRDA:52,0,0,18
BRDA:52,0,1,10142
BRDA:80,1,0,7560
BRDA:80,1,1,2582
BRDA:86,2,0,9860
BRDA:86,2,1,282
BRDA:98,3,0,0
BRDA:98,3,1,10142
BRDA:124,4,0,0
BRF:9
BRH:7
end_of_record
TN:
SF:packages/icon-build-helpers/src/tools.js
FN:8,flatMapAsync
FN:10,(anonymous_1)
FNF:2
FNH:0
FNDA:0,flatMapAsync
FNDA:0,(anonymous_1)
DA:9,0
DA:10,0
DA:13,0
LF:3
LH:0
BRF:0
BRH:0
end_of_record
TN:
SF:packages/icon-build-helpers/src/__tests__/registry-test.js
FN:12,(anonymous_0)
FN:16,(anonymous_1)
FN:17,(anonymous_2)
FN:30,(anonymous_3)
FN:34,(anonymous_4)
FN:49,(anonymous_5)
FN:65,(anonymous_6)
FNF:7
FNH:0
FNDA:0,(anonymous_0)
FNDA:0,(anonymous_1)
FNDA:0,(anonymous_2)
FNDA:0,(anonymous_3)
FNDA:0,(anonymous_4)
FNDA:0,(anonymous_5)
FNDA:0,(anonymous_6)
DA:12,0
DA:16,0
DA:17,0
DA:18,0
DA:23,0
DA:24,0
DA:25,0
DA:27,0
DA:30,0
DA:31,0
DA:34,0
DA:35,0
DA:36,0
DA:37,0
DA:38,0
DA:39,0
DA:41,0
DA:43,0
DA:44,0
DA:45,0
DA:49,0
DA:50,0
DA:51,0
DA:52,0
DA:53,0
DA:54,0
DA:56,0
DA:58,0
DA:59,0
DA:60,0
DA:61,0
DA:65,0
DA:66,0
DA:67,0
DA:68,0
DA:69,0
DA:70,0
DA:72,0
DA:74,0
DA:75,0
DA:77,0
DA:78,0
DA:79,0
DA:80,0
DA:81,0
LF:45
LH:0
BRF:0
BRH:0
end_of_record
TN:
SF:packages/icon-build-helpers/src/builders/index.js
FNF:0
FNH:0
DA:10,5
DA:11,5
DA:12,5
DA:13,5
DA:14,5
DA:16,5
DA:34,5
LF:7
LH:7
BRF:0
BRH:0
end_of_record
TN:
SF:packages/icon-build-helpers/src/builders/svg.js
FN:11,builder
FNF:1
FNH:0
FNDA:0,builder
DA:8,5
DA:9,5
DA:12,0
DA:14,0
DA:16,0
DA:17,0
DA:18,0
DA:19,0
DA:20,0
DA:25,5
LF:10
LH:3
BRF:0
BRH:0
end_of_record
TN:
SF:packages/icon-build-helpers/src/builders/vanilla.js
FN:38,builder
FN:39,(anonymous_1)
FN:40,(anonymous_2)
FNF:3
FNH:0
FNDA:0,builder
FNDA:0,(anonymous_1)
FNDA:0,(anonymous_2)
DA:8,5
DA:9,5
DA:10,5
DA:11,5
DA:13,5
DA:22,5
DA:39,0
DA:40,0
DA:41,0
DA:42,0
DA:50,0
DA:53,0
DA:57,0
DA:58,0
DA:59,0
DA:60,0
DA:64,0
DA:69,0
DA:80,0
DA:81,0
DA:89,0
DA:92,0
DA:97,0
DA:104,5
LF:24
LH:7
BRF:0
BRH:0
end_of_record
TN:
SF:packages/icon-build-helpers/src/builders/plugins/virtual.js
FN:14,virtual
FN:17,(anonymous_1)
FN:24,(anonymous_2)
FN:40,(anonymous_3)
FNF:4
FNH:0
FNDA:0,virtual
FNDA:0,(anonymous_1)
FNDA:0,(anonymous_2)
FNDA:0,(anonymous_3)
DA:8,5
DA:12,5
DA:14,5
DA:15,0
DA:17,0
DA:18,0
DA:21,0
DA:25,0
DA:26,0
DA:29,0
DA:30,0
DA:31,0
DA:33,0
DA:34,0
DA:35,0
DA:41,0
DA:42,0
DA:44,0
LF:18
LH:3
BRDA:25,0,0,0
BRDA:25,0,1,0
BRDA:29,1,0,0
BRDA:29,1,1,0
BRDA:30,2,0,0
BRDA:30,2,1,0
BRDA:34,3,0,0
BRDA:34,3,1,0
BRDA:41,4,0,0
BRDA:41,4,1,0
BRDA:44,5,0,0
BRDA:44,5,1,0
BRF:12
BRH:0
end_of_record
TN:
SF:packages/icon-build-helpers/src/builders/react/builder.js
FN:49,builder
FN:56,(anonymous_1)
FN:57,(anonymous_2)
FN:201,convertToJSX
FN:214,shouldTransformAttribute
FN:215,(anonymous_5)
FN:223,formatAttributes
FN:224,(anonymous_7)
FN:236,createIconFlatExport
FN:253,createIconEntrypoint
FN:287,createIconSource
FNF:11
FNH:0
FNDA:0,builder
FNDA:0,(anonymous_1)
FNDA:0,(anonymous_2)
FNDA:0,convertToJSX
FNDA:0,shouldTransformAttribute
FNDA:0,(anonymous_5)
FNDA:0,formatAttributes
FNDA:0,(anonymous_7)
FNDA:0,createIconFlatExport
FNDA:0,createIconEntrypoint
FNDA:0,createIconSource
DA:10,5
DA:11,5
DA:12,5
DA:13,5
DA:14,5
DA:15,5
DA:17,5
DA:25,5
DA:26,5
DA:56,0
DA:57,0
DA:58,0
DA:85,0
DA:86,0
DA:87,0
DA:89,0
DA:90,0
DA:91,0
DA:92,0
DA:94,0
DA:95,0
DA:98,0
DA:101,0
DA:104,0
DA:108,0
DA:109,0
DA:110,0
DA:113,0
DA:114,0
DA:115,0
DA:117,0
DA:118,0
DA:125,0
DA:126,0
DA:127,0
DA:131,0
DA:146,0
DA:157,0
DA:158,0
DA:166,0
DA:169,0
DA:184,0
DA:202,0
DA:203,0
DA:206,5
DA:215,0
DA:224,0
DA:225,0
DA:229,0
DA:230,0
DA:232,0
DA:237,0
DA:250,0
DA:254,0
DA:257,0
DA:270,0
DA:271,0
DA:288,0
DA:289,0
DA:290,0
DA:311,5
LF:61
LH:11
BRDA:225,0,0,0
BRDA:225,0,1,0
BRDA:229,1,0,0
BRDA:229,1,1,0
BRDA:236,2,0,0
BRDA:237,3,0,0
BRDA:237,3,1,0
BRDA:253,4,0,0
BRDA:254,5,0,0
BRDA:254,5,1,0
BRDA:257,6,0,0
BRDA:257,6,1,0
BRDA:287,7,0,0
BRF:13
BRH:0
end_of_record
TN:
SF:packages/icon-build-helpers/src/builders/react/next.js
FN:30,builder
FN:31,(anonymous_1)
FN:237,createIconEntrypoint
FN:274,createIconSource
FN:277,(anonymous_4)
FN:284,(anonymous_5)
FN:301,(anonymous_6)
FN:310,(anonymous_7)
FN:316,(anonymous_8)
FN:328,(anonymous_9)
FN:365,formatDeprecationWarning
FNF:11
FNH:0
FNDA:0,builder
FNDA:0,(anonymous_1)
FNDA:0,createIconEntrypoint
FNDA:0,createIconSource
FNDA:0,(anonymous_4)
FNDA:0,(anonymous_5)
FNDA:0,(anonymous_6)
FNDA:0,(anonymous_7)
FNDA:0,(anonymous_8)
FNDA:0,(anonymous_9)
FNDA:0,formatDeprecationWarning
DA:10,5
DA:11,5
DA:12,5
DA:13,5
DA:14,5
DA:15,5
DA:16,5
DA:17,5
DA:18,5
DA:19,5
DA:20,5
DA:21,5
DA:22,5
DA:31,0
DA:32,0
DA:33,0
DA:34,0
DA:36,0
DA:37,0
DA:46,0
DA:60,0
DA:66,0
DA:72,0
DA:88,0
DA:94,0
DA:98,0
DA:99,0
DA:105,0
DA:106,0
DA:108,0
DA:109,0
DA:110,0
DA:111,0
DA:115,0
DA:118,0
DA:121,0
DA:122,0
DA:123,0
DA:126,0
DA:127,0
DA:129,0
DA:130,0
DA:137,0
DA:138,0
DA:141,0
DA:142,0
DA:143,0
DA:146,0
DA:148,0
DA:167,0
DA:181,0
DA:194,0
DA:195,0
DA:204,0
DA:238,0
DA:247,0
DA:248,0
DA:251,0
DA:254,0
DA:256,0
DA:257,0
DA:259,0
DA:277,0
DA:278,0
DA:279,0
DA:285,0
DA:292,0
DA:301,0
DA:302,0
DA:303,0
DA:305,0
DA:310,0
DA:311,0
DA:316,0
DA:317,0
DA:323,0
DA:331,0
DA:356,0
DA:366,0
DA:367,0
DA:373,0
DA:379,5
LF:82
LH:14
BRDA:36,0,0,0
BRDA:36,0,1,0
BRDA:109,1,0,0
BRDA:109,1,1,0
BRDA:237,2,0,0
BRDA:247,3,0,0
BRDA:247,3,1,0
BRDA:274,4,0,0
BRDA:294,5,0,0
BRDA:294,5,1,0
BRDA:302,6,0,0
BRDA:302,6,1,0
BRDA:316,7,0,0
BRDA:316,7,1,0
BRDA:366,8,0,0
BRDA:366,8,1,0
BRF:16
BRH:0
end_of_record
TN:
SF:packages/icon-build-helpers/src/builders/react/components/__tests__/Icon-test.js
FN:14,(anonymous_0)
FN:15,(anonymous_1)
FN:16,(anonymous_2)
FN:25,(anonymous_3)
FN:32,(anonymous_4)
FN:40,(anonymous_5)
FN:42,(anonymous_6)
FN:49,(anonymous_7)
FN:50,(anonymous_8)
FNF:9
FNH:0
FNDA:0,(anonymous_0)
FNDA:0,(anonymous_1)
FNDA:0,(anonymous_2)
FNDA:0,(anonymous_3)
FNDA:0,(anonymous_4)
FNDA:0,(anonymous_5)
FNDA:0,(anonymous_6)
FNDA:0,(anonymous_7)
FNDA:0,(anonymous_8)
DA:14,0
DA:15,0
DA:16,0
DA:17,0
DA:25,0
DA:26,0
DA:32,0
DA:33,0
DA:35,0
DA:37,0
DA:40,0
DA:42,0
DA:43,0
DA:45,0
DA:46,0
DA:49,0
DA:50,0
DA:53,0
DA:59,0
DA:60,0
DA:61,0
DA:65,0
DA:71,0
DA:72,0
DA:73,0
DA:76,0
DA:87,0
DA:88,0
DA:89,0
LF:29
LH:0
BRF:0
BRH:0
end_of_record
TN:
SF:packages/icon-build-helpers/src/builders/react/next/babel.js
FNF:0
FNH:0
DA:10,5
DA:33,5
LF:2
LH:2
BRF:0
BRH:0
end_of_record
TN:
SF:packages/icon-build-helpers/src/builders/react/next/convert.js
FN:13,jsToAST
FN:40,(anonymous_1)
FN:49,svgToJSX
FN:62,(anonymous_3)
FN:66,(anonymous_4)
FN:68,(anonymous_5)
FNF:6
FNH:0
FNDA:0,jsToAST
FNDA:0,(anonymous_1)
FNDA:0,svgToJSX
FNDA:0,(anonymous_3)
FNDA:0,(anonymous_4)
FNDA:0,(anonymous_5)
DA:10,5
DA:11,5
DA:14,0
DA:15,0
DA:18,0
DA:19,0
DA:22,0
DA:23,0
DA:26,0
DA:27,0
DA:30,0
DA:31,0
DA:34,0
DA:35,0
DA:38,0
DA:39,0
DA:41,0
DA:46,0
DA:50,0
DA:51,0
DA:52,0
DA:58,0
DA:59,0
DA:60,0
DA:61,0
DA:63,0
DA:64,0
DA:66,0
DA:69,0
DA:70,0
DA:71,0
DA:76,0
DA:82,0
DA:83,0
DA:84,0
DA:91,0
DA:98,0
DA:101,5
LF:38
LH:3
BRDA:14,0,0,0
BRDA:14,0,1,0
BRDA:18,1,0,0
BRDA:18,1,1,0
BRDA:22,2,0,0
BRDA:22,2,1,0
BRDA:26,3,0,0
BRDA:26,3,1,0
BRDA:30,4,0,0
BRDA:30,4,1,0
BRDA:34,5,0,0
BRDA:34,5,1,0
BRDA:38,6,0,0
BRDA:38,6,1,0
BRDA:50,7,0,0
BRDA:50,7,1,0
BRDA:51,8,0,0
BRDA:51,8,1,0
BRDA:63,9,0,0
BRDA:63,9,1,0
BRDA:69,10,0,0
BRDA:69,10,1,0
BRDA:70,11,0,0
BRDA:70,11,1,0
BRDA:82,12,0,0
BRDA:82,12,1,0
BRF:26
BRH:0
end_of_record
TN:
SF:packages/icon-build-helpers/src/builders/react/next/templates.js
FNF:0
FNH:0
DA:10,5
DA:12,5
DA:21,5
DA:35,5
DA:52,5
DA:63,5
LF:6
LH:6
BRF:0
BRH:0
end_of_record
TN:
SF:packages/icon-build-helpers/src/builders/react/next/typescript.js
FN:19,emitIconComponent
FN:30,(anonymous_1)
FN:37,copyCarbonIconType
FN:43,writeModuleTypes
FN:56,writeBucketTypes
FN:64,(anonymous_5)
FN:75,writeIndex
FN:76,(anonymous_7)
FN:82,(anonymous_8)
FN:87,writeTsDefinitions
FNF:10
FNH:0
FNDA:0,emitIconComponent
FNDA:0,(anonymous_1)
FNDA:0,copyCarbonIconType
FNDA:0,writeModuleTypes
FNDA:0,writeBucketTypes
FNDA:0,(anonymous_5)
FNDA:0,writeIndex
FNDA:0,(anonymous_7)
FNDA:0,(anonymous_8)
FNDA:0,writeTsDefinitions
DA:10,5
DA:11,5
DA:12,5
DA:13,5
DA:17,5
DA:20,0
DA:21,0
DA:22,0
DA:23,0
DA:24,0
DA:25,0
DA:26,0
DA:29,0
DA:30,0
DA:31,0
DA:33,0
DA:38,0
DA:39,0
DA:40,0
DA:44,0
DA:46,0
DA:51,0
DA:52,0
DA:57,0
DA:58,0
DA:59,0
DA:60,0
DA:62,0
DA:63,0
DA:64,0
DA:66,0
DA:71,0
DA:76,0
DA:78,0
DA:82,0
DA:84,0
DA:88,0
DA:89,0
DA:90,0
DA:91,0
DA:92,0
DA:95,5
LF:42
LH:6
BRDA:29,0,0,0
BRDA:29,0,1,0
BRF:2
BRH:0
end_of_record
TN:
SF:packages/icon-build-helpers/src/builders/vue/builder.js
FN:41,builder
FN:42,(anonymous_1)
FN:43,(anonymous_2)
FN:135,createIconComponent
FNF:4
FNH:0
FNDA:0,builder
FNDA:0,(anonymous_1)
FNDA:0,(anonymous_2)
FNDA:0,createIconComponent
DA:10,5
DA:11,5
DA:12,5
DA:13,5
DA:14,5
DA:16,5
DA:24,5
DA:25,5
DA:42,0
DA:43,0
DA:44,0
DA:45,0
DA:53,0
DA:69,0
DA:73,0
DA:74,0
DA:75,0
DA:76,0
DA:80,0
DA:86,0
DA:97,0
DA:98,0
DA:106,0
DA:109,0
DA:115,0
DA:136,0
DA:148,5
LF:27
LH:9
BRF:0
BRH:0
end_of_record
TN:
SF:packages/icon-build-helpers/src/builders/vue/utils.js
FN:14,getVueExport
FN:21,(anonymous_1)
FN:33,(anonymous_2)
FN:58,(anonymous_3)
FN:66,(anonymous_4)
FN:67,(anonymous_5)
FN:70,(anonymous_6)
FN:78,(anonymous_7)
FN:84,(anonymous_8)
FNF:9
FNH:0
FNDA:0,getVueExport
FNDA:0,(anonymous_1)
FNDA:0,(anonymous_2)
FNDA:0,(anonymous_3)
FNDA:0,(anonymous_4)
FNDA:0,(anonymous_5)
FNDA:0,(anonymous_6)
FNDA:0,(anonymous_7)
FNDA:0,(anonymous_8)
DA:15,0
DA:18,0
DA:19,0
DA:21,0
DA:22,0
DA:33,0
DA:34,0
DA:41,0
DA:43,0
DA:44,0
DA:46,0
DA:47,0
DA:50,0
DA:51,0
DA:55,0
DA:58,0
DA:67,0
DA:68,0
DA:70,0
DA:79,0
DA:85,0
LF:21
LH:0
BRDA:43,0,0,0
BRDA:43,0,1,0
BRDA:43,1,0,0
BRDA:43,1,1,0
BRDA:46,2,0,0
BRDA:46,2,1,0
BRDA:50,3,0,0
BRDA:50,3,1,0
BRDA:63,4,0,0
BRDA:63,4,1,0
BRDA:69,5,0,0
BRDA:69,5,1,0
BRDA:71,6,0,0
BRDA:71,6,1,0
BRDA:83,7,0,0
BRDA:83,7,1,0
BRDA:87,8,0,0
BRDA:87,8,1,0
BRF:18
BRH:0
end_of_record
TN:
SF:packages/icon-build-helpers/src/metadata/extension.js
FN:31,validate
FN:43,loadExtension
FN:59,load
FN:63,order
FN:64,(anonymous_4)
FNF:5
FNH:5
FNDA:21,validate
FNDA:21,loadExtension
FNDA:5,load
FNDA:21,order
FNDA:34,(anonymous_4)
DA:32,21
DA:33,0
DA:44,21
DA:45,2
DA:46,2
DA:47,2
DA:48,2
DA:50,19
DA:51,19
DA:52,19
DA:60,5
DA:61,5
DA:64,34
DA:65,21
DA:66,0
DA:69,21
DA:70,0
DA:73,21
DA:76,5
DA:78,5
DA:81,5
LF:21
LH:18
BRDA:32,0,0,0
BRDA:32,0,1,21
BRDA:44,1,0,2
BRDA:44,1,1,19
BRDA:59,2,0,0
BRDA:65,3,0,0
BRDA:65,3,1,21
BRDA:69,4,0,0
BRDA:69,4,1,21
BRF:9
BRH:5
end_of_record
TN:
SF:packages/icon-build-helpers/src/metadata/index.js
FN:27,check
FN:50,load
FN:89,build
FN:117,scaffold
FN:131,(anonymous_4)
FN:139,(anonymous_5)
FN:140,(anonymous_6)
FN:152,(anonymous_7)
FNF:8
FNH:1
FNDA:0,check
FNDA:5,load
FNDA:0,build
FNDA:0,scaffold
FNDA:0,(anonymous_4)
FNDA:0,(anonymous_5)
FNDA:0,(anonymous_6)
FNDA:0,(anonymous_7)
DA:10,5
DA:11,5
DA:12,5
DA:13,5
DA:14,5
DA:15,5
DA:16,5
DA:17,5
DA:32,0
DA:33,0
DA:38,0
DA:55,5
DA:56,5
DA:61,5
DA:63,5
DA:64,5
DA:70,5
DA:71,21
DA:72,21
DA:76,5
DA:95,0
DA:97,0
DA:99,0
DA:100,0
DA:104,0
DA:123,0
DA:124,0
DA:130,0
DA:131,0
DA:132,0
DA:133,0
DA:138,0
DA:139,0
DA:141,0
DA:144,0
DA:145,0
DA:148,0
DA:152,0
DA:153,0
DA:156,0
DA:159,5
LF:41
LH:18
BRDA:28,0,0,0
BRDA:30,1,0,0
BRDA:51,2,0,5
BRDA:52,3,0,0
BRDA:71,4,0,21
BRDA:71,4,1,0
BRDA:90,5,0,0
BRDA:91,6,0,0
BRDA:93,7,0,0
BRDA:97,8,0,0
BRDA:97,8,1,0
BRDA:118,9,0,0
BRDA:120,10,0,0
BRDA:121,11,0,0
BRDA:132,12,0,0
BRDA:132,12,1,0
BRDA:144,13,0,0
BRDA:144,13,1,0
BRF:18
BRH:2
end_of_record
TN:
SF:packages/icon-build-helpers/src/metadata/storage.js
FN:18,load
FN:20,(anonymous_1)
FN:44,save
FN:46,(anonymous_3)
FNF:4
FNH:2
FNDA:5,load
FNDA:21,(anonymous_1)
FNDA:0,save
FNDA:0,(anonymous_3)
DA:19,5
DA:23,21
DA:24,11
DA:27,10
DA:28,10
DA:45,0
DA:48,0
DA:49,0
DA:51,0
DA:56,5
LF:10
LH:6
BRDA:18,0,0,0
BRDA:23,1,0,11
BRDA:23,1,1,10
BRDA:44,2,0,0
BRDA:48,3,0,0
BRDA:48,3,1,0
BRF:6
BRH:2
end_of_record
TN:
SF:packages/icon-build-helpers/src/metadata/validate.js
FN:21,validate
FN:26,(anonymous_1)
FN:31,(anonymous_2)
FNF:3
FNH:1
FNDA:5,validate
FNDA:0,(anonymous_1)
FNDA:0,(anonymous_2)
DA:10,5
DA:22,5
DA:23,21
DA:24,10
DA:25,10
DA:26,0
DA:30,0
DA:31,0
DA:32,0
DA:33,0
DA:35,0
DA:39,21
DA:40,10
DA:45,5
LF:14
LH:8
BRDA:21,0,0,0
BRDA:23,1,0,10
BRDA:23,1,1,11
BRDA:25,2,0,0
BRDA:25,2,1,10
BRDA:39,3,0,10
BRDA:39,3,1,11
BRF:7
BRH:5
end_of_record
TN:
SF:packages/icon-build-helpers/src/metadata/__tests__/extension-test.js
FN:14,(anonymous_0)
FN:17,(anonymous_1)
FN:22,(anonymous_2)
FN:28,(anonymous_3)
FN:39,(anonymous_4)
FN:45,(anonymous_5)
FN:46,(anonymous_6)
FN:58,(anonymous_7)
FN:59,(anonymous_8)
FN:68,(anonymous_9)
FN:69,(anonymous_10)
FN:70,(anonymous_11)
FNF:12
FNH:0
FNDA:0,(anonymous_0)
FNDA:0,(anonymous_1)
FNDA:0,(anonymous_2)
FNDA:0,(anonymous_3)
FNDA:0,(anonymous_4)
FNDA:0,(anonymous_5)
FNDA:0,(anonymous_6)
FNDA:0,(anonymous_7)
FNDA:0,(anonymous_8)
FNDA:0,(anonymous_9)
FNDA:0,(anonymous_10)
FNDA:0,(anonymous_11)
DA:12,0
DA:14,0
DA:17,0
DA:18,0
DA:19,0
DA:21,0
DA:22,0
DA:28,0
DA:29,0
DA:30,0
DA:31,0
DA:34,0
DA:35,0
DA:39,0
DA:40,0
DA:41,0
DA:42,0
DA:45,0
DA:46,0
DA:51,0
DA:52,0
DA:53,0
DA:55,0
DA:58,0
DA:59,0
DA:64,0
DA:65,0
DA:68,0
DA:69,0
DA:70,0
LF:30
LH:0
BRF:0
BRH:0
end_of_record
TN:
SF:packages/icon-build-helpers/src/metadata/__tests__/metadata-test.js
FN:12,(anonymous_0)
FN:18,(anonymous_1)
FN:19,(anonymous_2)
FN:35,(anonymous_3)
FN:39,(anonymous_4)
FN:40,(anonymous_5)
FN:48,(anonymous_6)
FN:57,(anonymous_7)
FN:92,(anonymous_8)
FN:93,(anonymous_9)
FN:100,(anonymous_10)
FN:104,(anonymous_11)
FN:136,(anonymous_12)
FN:137,(anonymous_13)
FN:141,(anonymous_14)
FN:144,(anonymous_15)
FNF:16
FNH:0
FNDA:0,(anonymous_0)
FNDA:0,(anonymous_1)
FNDA:0,(anonymous_2)
FNDA:0,(anonymous_3)
FNDA:0,(anonymous_4)
FNDA:0,(anonymous_5)
FNDA:0,(anonymous_6)
FNDA:0,(anonymous_7)
FNDA:0,(anonymous_8)
FNDA:0,(anonymous_9)
FNDA:0,(anonymous_10)
FNDA:0,(anonymous_11)
FNDA:0,(anonymous_12)
FNDA:0,(anonymous_13)
FNDA:0,(anonymous_14)
FNDA:0,(anonymous_15)
DA:12,0
DA:18,0
DA:19,0
DA:20,0
DA:25,0
DA:26,0
DA:27,0
DA:30,0
DA:31,0
DA:32,0
DA:35,0
DA:36,0
DA:39,0
DA:40,0
DA:41,0
DA:44,0
DA:48,0
DA:49,0
DA:50,0
DA:52,0
DA:57,0
DA:58,0
DA:61,0
DA:62,0
DA:64,0
DA:76,0
DA:80,0
DA:84,0
DA:85,0
DA:92,0
DA:93,0
DA:94,0
DA:98,0
DA:101,0
DA:104,0
DA:105,0
DA:108,0
DA:109,0
DA:111,0
DA:120,0
DA:121,0
DA:122,0
DA:136,0
DA:137,0
DA:138,0
DA:141,0
DA:142,0
DA:145,0
DA:146,0
DA:147,0
DA:152,0
DA:153,0
DA:155,0
DA:164,0
DA:165,0
LF:55
LH:0
BRF:0
BRH:0
end_of_record
TN:
SF:packages/icon-build-helpers/src/metadata/__tests__/storage-test.js
FN:12,(anonymous_0)
FN:18,(anonymous_1)
FN:19,(anonymous_2)
FN:35,(anonymous_3)
FN:39,(anonymous_4)
FN:40,(anonymous_5)
FN:47,(anonymous_6)
FN:52,(anonymous_7)
FN:57,(anonymous_8)
FN:79,(anonymous_9)
FN:80,(anonymous_10)
FN:82,(anonymous_11)
FN:87,(anonymous_12)
FN:92,(anonymous_13)
FNF:14
FNH:0
FNDA:0,(anonymous_0)
FNDA:0,(anonymous_1)
FNDA:0,(anonymous_2)
FNDA:0,(anonymous_3)
FNDA:0,(anonymous_4)
FNDA:0,(anonymous_5)
FNDA:0,(anonymous_6)
FNDA:0,(anonymous_7)
FNDA:0,(anonymous_8)
FNDA:0,(anonymous_9)
FNDA:0,(anonymous_10)
FNDA:0,(anonymous_11)
FNDA:0,(anonymous_12)
FNDA:0,(anonymous_13)
DA:12,0
DA:18,0
DA:19,0
DA:20,0
DA:25,0
DA:26,0
DA:27,0
DA:30,0
DA:31,0
DA:32,0
DA:35,0
DA:36,0
DA:39,0
DA:40,0
DA:41,0
DA:42,0
DA:47,0
DA:48,0
DA:52,0
DA:53,0
DA:57,0
DA:58,0
DA:63,0
DA:64,0
DA:70,0
DA:71,0
DA:72,0
DA:74,0
DA:79,0
DA:80,0
DA:81,0
DA:82,0
DA:83,0
DA:87,0
DA:88,0
DA:92,0
DA:93,0
DA:98,0
DA:99,0
DA:100,0
DA:101,0
DA:103,0
DA:106,0
DA:108,0
DA:110,0
DA:111,0
DA:112,0
DA:114,0
LF:48
LH:0
BRDA:71,0,0,0
BRDA:71,0,1,0
BRDA:100,1,0,0
BRDA:100,1,1,0
BRDA:111,2,0,0
BRDA:111,2,1,0
BRF:6
BRH:0
end_of_record
TN:
SF:packages/icon-build-helpers/src/metadata/adapters/index.js
FNF:0
FNH:0
DA:10,5
DA:11,5
DA:22,5
LF:3
LH:3
BRF:0
BRH:0
end_of_record
TN:
SF:packages/icon-build-helpers/src/metadata/adapters/memory.js
FN:19,read
FN:37,write
FNF:2
FNH:0
FNDA:0,read
FNDA:0,write
DA:10,5
DA:12,5
DA:20,0
DA:22,0
DA:23,0
DA:26,0
DA:38,0
DA:39,0
DA:42,5
LF:9
LH:3
BRDA:22,0,0,0
BRDA:22,0,1,0
BRF:2
BRH:0
end_of_record
TN:
SF:packages/icon-build-helpers/src/metadata/adapters/yml.js
FN:21,getFilenameFor
FN:33,serialize
FN:42,deserialize
FN:51,read
FN:71,write
FNF:5
FNH:3
FNDA:10,getFilenameFor
FNDA:0,serialize
FNDA:10,deserialize
FNDA:10,read
FNDA:0,write
DA:10,5
DA:11,5
DA:12,5
DA:22,10
DA:34,0
DA:43,10
DA:52,10
DA:54,10
DA:55,0
DA:62,10
DA:72,0
DA:74,0
DA:75,0
DA:78,5
LF:14
LH:9
BRDA:54,0,0,0
BRDA:54,0,1,10
BRF:2
BRH:1
end_of_record
TN:
SF:packages/icon-build-helpers/src/metadata/adapters/__tests__/memory-test.js
FN:12,(anonymous_0)
FN:15,(anonymous_1)
FN:19,(anonymous_2)
FN:23,(anonymous_3)
FN:31,(anonymous_4)
FN:38,(anonymous_5)
FNF:6
FNH:0
FNDA:0,(anonymous_0)
FNDA:0,(anonymous_1)
FNDA:0,(anonymous_2)
FNDA:0,(anonymous_3)
FNDA:0,(anonymous_4)
FNDA:0,(anonymous_5)
DA:12,0
DA:15,0
DA:16,0
DA:19,0
DA:20,0
DA:23,0
DA:24,0
DA:25,0
DA:27,0
DA:28,0
DA:31,0
DA:32,0
DA:33,0
DA:34,0
DA:35,0
DA:38,0
DA:39,0
LF:17
LH:0
BRF:0
BRH:0
end_of_record
TN:
SF:packages/icon-build-helpers/src/metadata/adapters/__tests__/yml-test.js
FN:12,(anonymous_0)
FN:16,(anonymous_1)
FN:17,(anonymous_2)
FN:31,(anonymous_3)
FN:35,(anonymous_4)
FN:45,(anonymous_5)
FN:52,(anonymous_6)
FN:60,(anonymous_7)
FNF:8
FNH:0
FNDA:0,(anonymous_0)
FNDA:0,(anonymous_1)
FNDA:0,(anonymous_2)
FNDA:0,(anonymous_3)
FNDA:0,(anonymous_4)
FNDA:0,(anonymous_5)
FNDA:0,(anonymous_6)
FNDA:0,(anonymous_7)
DA:12,0
DA:16,0
DA:17,0
DA:18,0
DA:23,0
DA:24,0
DA:25,0
DA:28,0
DA:31,0
DA:32,0
DA:35,0
DA:36,0
DA:37,0
DA:41,0
DA:42,0
DA:45,0
DA:46,0
DA:47,0
DA:48,0
DA:49,0
DA:52,0
DA:53,0
DA:60,0
DA:61,0
LF:24
LH:0
BRF:0
BRH:0
end_of_record
TN:
SF:packages/icon-build-helpers/src/metadata/extensions/assets.js
FN:17,(anonymous_0)
FN:21,(anonymous_1)
FN:24,(anonymous_2)
FNF:3
FNH:3
FNDA:5,(anonymous_0)
FNDA:5,(anonymous_1)
FNDA:10142,(anonymous_2)
DA:10,5
DA:11,5
DA:17,5
DA:18,5
DA:22,5
DA:23,9860
DA:24,9860
DA:25,10142
DA:36,5
LF:9
LH:9
BRF:0
BRH:0
end_of_record
TN:
SF:packages/icon-build-helpers/src/metadata/extensions/categories.js
FN:27,(anonymous_0)
FN:48,(anonymous_1)
FN:59,(anonymous_2)
FN:68,(anonymous_3)
FN:74,(anonymous_4)
FN:103,(anonymous_5)
FN:105,(anonymous_6)
FNF:7
FNH:0
FNDA:0,(anonymous_0)
FNDA:0,(anonymous_1)
FNDA:0,(anonymous_2)
FNDA:0,(anonymous_3)
FNDA:0,(anonymous_4)
FNDA:0,(anonymous_5)
FNDA:0,(anonymous_6)
DA:10,5
DA:27,5
DA:28,0
DA:49,0
DA:51,0
DA:53,0
DA:54,0
DA:56,0
DA:57,0
DA:58,0
DA:59,0
DA:60,0
DA:61,0
DA:64,0
DA:67,0
DA:68,0
DA:69,0
DA:77,0
DA:79,0
DA:80,0
DA:81,0
DA:82,0
DA:83,0
DA:90,0
DA:93,0
DA:94,0
DA:102,0
DA:103,0
DA:104,0
DA:105,0
DA:106,0
DA:115,0
DA:116,0
DA:117,0
DA:118,0
DA:119,0
DA:121,0
DA:132,5
LF:38
LH:3
BRDA:56,0,0,0
BRDA:56,0,1,0
BRDA:80,1,0,0
BRDA:80,1,1,0
BRDA:104,2,0,0
BRDA:104,2,1,0
BRDA:116,3,0,0
BRDA:116,3,1,0
BRDA:118,4,0,0
BRDA:118,4,1,0
BRF:10
BRH:0
end_of_record
TN:
SF:packages/icon-build-helpers/src/metadata/extensions/deprecated.js
FN:20,(anonymous_0)
FN:35,(anonymous_1)
FN:39,(anonymous_2)
FN:49,(anonymous_3)
FNF:4
FNH:4
FNDA:5,(anonymous_0)
FNDA:5,(anonymous_1)
FNDA:85805,(anonymous_2)
FNDA:5,(anonymous_3)
DA:10,5
DA:20,5
DA:21,5
DA:36,5
DA:38,5
DA:39,85805
DA:40,9860
DA:41,40
DA:42,40
DA:43,40
DA:50,5
DA:51,40
DA:52,40
DA:53,0
DA:64,5
LF:15
LH:14
BRDA:40,0,0,40
BRDA:40,0,1,9820
BRDA:42,1,0,40
BRDA:42,1,1,0
BRDA:52,2,0,0
BRDA:52,2,1,40
BRF:6
BRH:4
end_of_record
TN:
SF:packages/icon-build-helpers/src/metadata/extensions/icons.js
FN:17,(anonymous_0)
FN:37,(anonymous_1)
FN:38,(anonymous_2)
FN:65,(anonymous_3)
FN:72,(anonymous_4)
FN:75,(anonymous_5)
FN:87,(anonymous_6)
FN:103,(anonymous_7)
FNF:8
FNH:7
FNDA:3,(anonymous_0)
FNDA:3,(anonymous_1)
FNDA:7332,(anonymous_2)
FNDA:3,(anonymous_3)
FNDA:8963370,(anonymous_4)
FNDA:0,(anonymous_5)
FNDA:7974,(anonymous_6)
FNDA:7974,(anonymous_7)
DA:10,5
DA:17,5
DA:18,3
DA:38,3
DA:39,7332
DA:47,3
DA:48,7332
DA:51,7332
DA:57,7332
DA:58,7614
DA:59,0
DA:71,3
DA:72,8963370
DA:73,7332
DA:74,0
DA:75,0
DA:77,0
DA:86,7332
DA:87,7614
DA:88,7974
DA:89,54
DA:91,7920
DA:93,7614
DA:94,0
DA:102,7332
DA:103,7614
DA:104,7974
DA:106,7614
DA:107,0
DA:116,3
DA:117,7332
DA:118,0
DA:126,3
DA:127,7332
DA:128,7332
DA:129,7614
DA:130,0
DA:136,7614
DA:143,5
LF:39
LH:31
BRDA:51,0,0,7332
BRDA:51,0,1,0
BRDA:58,1,0,0
BRDA:58,1,1,7614
BRDA:58,2,0,7614
BRDA:58,2,1,0
BRDA:73,3,0,0
BRDA:73,3,1,7332
BRDA:88,4,0,54
BRDA:88,4,1,7920
BRDA:93,5,0,0
BRDA:93,5,1,7614
BRDA:106,6,0,0
BRDA:106,6,1,7614
BRDA:117,7,0,0
BRDA:117,7,1,7332
BRDA:129,8,0,0
BRDA:129,8,1,7614
BRF:18
BRH:10
end_of_record
TN:
SF:packages/icon-build-helpers/src/metadata/extensions/index.js
FNF:0
FNH:0
DA:10,5
DA:11,5
DA:12,5
DA:13,5
DA:14,5
DA:15,5
DA:16,5
DA:17,5
DA:30,5
LF:9
LH:9
BRF:0
BRH:0
end_of_record
TN:
SF:packages/icon-build-helpers/src/metadata/extensions/module-info.js
FN:18,(anonymous_0)
FN:22,(anonymous_1)
FN:32,(anonymous_2)
FN:60,getGlobalName
FN:62,(anonymous_4)
FN:79,getLocalName
FN:89,safe
FN:101,parse
FN:104,transform
FN:129,transformAttributes
FNF:10
FNH:10
FNDA:1,(anonymous_0)
FNDA:1,(anonymous_1)
FNDA:2538,(anonymous_2)
FNDA:2444,getGlobalName
FNDA:135,(anonymous_4)
FNDA:4888,getLocalName
FNDA:4888,safe
FNDA:2538,parse
FNDA:7307,transform
FNDA:7307,transformAttributes
DA:10,5
DA:11,5
DA:12,5
DA:13,5
DA:18,5
DA:19,1
DA:23,1
DA:24,2444
DA:25,2444
DA:27,2444
DA:33,2538
DA:36,2538
DA:38,2538
DA:46,2444
DA:61,2444
DA:62,135
DA:66,2444
DA:68,2444
DA:80,4888
DA:90,4888
DA:91,14
DA:93,4874
DA:102,2538
DA:105,7307
DA:106,7307
DA:107,2538
DA:118,4769
DA:126,0
DA:130,7307
DA:131,7307
DA:132,11614
DA:136,11614
DA:139,7307
DA:142,2538
DA:145,5
LF:35
LH:34
BRDA:60,0,0,0
BRDA:90,1,0,14
BRDA:90,1,1,4874
BRDA:105,2,0,7307
BRDA:105,2,1,0
BRDA:106,3,0,2538
BRDA:106,3,1,4769
BRDA:132,4,0,11614
BRDA:132,4,1,0
BRF:9
BRH:6
end_of_record
TN:
SF:packages/icon-build-helpers/src/metadata/extensions/module-name.js
FN:13,(anonymous_0)
FN:17,(anonymous_1)
FN:32,getModuleName
FN:33,(anonymous_3)
FNF:4
FNH:0
FNDA:0,(anonymous_0)
FNDA:0,(anonymous_1)
FNDA:0,getModuleName
FNDA:0,(anonymous_3)
DA:10,5
DA:13,5
DA:14,0
DA:18,0
DA:19,0
DA:20,0
DA:33,0
DA:34,0
DA:35,0
DA:38,0
DA:39,0
DA:42,0
DA:45,5
LF:13
LH:3
BRDA:32,0,0,0
BRDA:34,1,0,0
BRDA:34,1,1,0
BRDA:38,2,0,0
BRDA:38,2,1,0
BRF:5
BRH:0
end_of_record
TN:
SF:packages/icon-build-helpers/src/metadata/extensions/pictograms.js
FN:17,(anonymous_0)
FN:29,(anonymous_1)
FN:30,(anonymous_2)
FN:48,(anonymous_3)
FN:50,(anonymous_4)
FN:53,(anonymous_5)
FNF:6
FNH:5
FNDA:2,(anonymous_0)
FNDA:2,(anonymous_1)
FNDA:2528,(anonymous_2)
FNDA:2,(anonymous_3)
FNDA:1598960,(anonymous_4)
FNDA:0,(anonymous_5)
DA:10,5
DA:17,5
DA:18,2
DA:30,2
DA:31,2528
DA:38,2
DA:39,2528
DA:42,2528
DA:49,2
DA:50,1598960
DA:51,2528
DA:52,0
DA:53,0
DA:55,0
DA:64,2
DA:65,2528
DA:66,0
DA:76,5
LF:18
LH:14
BRDA:42,0,0,2528
BRDA:42,0,1,0
BRDA:51,1,0,0
BRDA:51,1,1,2528
BRDA:65,2,0,0
BRDA:65,2,1,2528
BRF:6
BRH:3
end_of_record
TN:
SF:packages/icon-build-helpers/src/metadata/extensions/__tests__/categories-test.js
FN:12,(anonymous_0)
FN:18,(anonymous_1)
FN:19,(anonymous_2)
FN:34,(anonymous_3)
FN:38,(anonymous_4)
FN:68,(anonymous_5)
FN:103,(anonymous_6)
FN:131,(anonymous_7)
FNF:8
FNH:0
FNDA:0,(anonymous_0)
FNDA:0,(anonymous_1)
FNDA:0,(anonymous_2)
FNDA:0,(anonymous_3)
FNDA:0,(anonymous_4)
FNDA:0,(anonymous_5)
FNDA:0,(anonymous_6)
FNDA:0,(anonymous_7)
DA:12,0
DA:18,0
DA:19,0
DA:20,0
DA:25,0
DA:26,0
DA:27,0
DA:29,0
DA:30,0
DA:31,0
DA:34,0
DA:35,0
DA:38,0
DA:39,0
DA:51,0
DA:53,0
DA:68,0
DA:69,0
DA:86,0
DA:88,0
DA:103,0
DA:104,0
DA:115,0
DA:117,0
DA:131,0
DA:132,0
DA:148,0
DA:150,0
LF:28
LH:0
BRF:0
BRH:0
end_of_record
TN:
SF:packages/icon-build-helpers/src/metadata/extensions/__tests__/deprecated-test.js
FN:12,(anonymous_0)
FN:18,(anonymous_1)
FN:19,(anonymous_2)
FN:35,(anonymous_3)
FN:39,(anonymous_4)
FNF:5
FNH:0
FNDA:0,(anonymous_0)
FNDA:0,(anonymous_1)
FNDA:0,(anonymous_2)
FNDA:0,(anonymous_3)
FNDA:0,(anonymous_4)
DA:12,0
DA:18,0
DA:19,0
DA:20,0
DA:25,0
DA:26,0
DA:27,0
DA:30,0
DA:31,0
DA:32,0
DA:35,0
DA:36,0
DA:39,0
DA:40,0
DA:53,0
DA:55,0
LF:16
LH:0
BRF:0
BRH:0
end_of_record
TN:
SF:packages/icon-build-helpers/src/metadata/extensions/__tests__/icons-test.js
FN:12,(anonymous_0)
FN:18,(anonymous_1)
FN:19,(anonymous_2)
FN:35,(anonymous_3)
FN:39,(anonymous_4)
FN:62,(anonymous_5)
FN:96,(anonymous_6)
FN:126,(anonymous_7)
FNF:8
FNH:0
FNDA:0,(anonymous_0)
FNDA:0,(anonymous_1)
FNDA:0,(anonymous_2)
FNDA:0,(anonymous_3)
FNDA:0,(anonymous_4)
FNDA:0,(anonymous_5)
FNDA:0,(anonymous_6)
FNDA:0,(anonymous_7)
DA:12,0
DA:18,0
DA:19,0
DA:20,0
DA:25,0
DA:26,0
DA:27,0
DA:30,0
DA:31,0
DA:32,0
DA:35,0
DA:36,0
DA:39,0
DA:40,0
DA:44,0
DA:46,0
DA:62,0
DA:63,0
DA:80,0
DA:82,0
DA:96,0
DA:97,0
DA:109,0
DA:111,0
DA:126,0
DA:127,0
DA:138,0
DA:140,0
LF:28
LH:0
BRF:0
BRH:0
end_of_record
TN:
SF:packages/icon-build-helpers/src/metadata/extensions/output/getModuleName.js
FN:18,getModuleName
FN:20,(anonymous_1)
FNF:2
FNH:2
FNDA:31802,getModuleName
FNDA:1620,(anonymous_1)
DA:10,5
DA:19,31802
DA:20,1620
DA:24,31802
DA:26,31802
DA:27,29274
DA:28,54
DA:30,29220
DA:34,31802
DA:35,24
DA:38,31802
DA:41,5
LF:12
LH:12
BRDA:18,0,0,0
BRDA:26,1,0,29274
BRDA:26,1,1,2528
BRDA:27,2,0,54
BRDA:27,2,1,29220
BRDA:34,3,0,24
BRDA:34,3,1,31778
BRF:7
BRH:6
end_of_record
TN:
SF:packages/icon-build-helpers/src/metadata/extensions/output/index.js
FN:29,(anonymous_0)
FN:33,(anonymous_1)
FN:82,(anonymous_2)
FN:85,(anonymous_3)
FN:86,(anonymous_4)
FN:110,(anonymous_5)
FN:112,(anonymous_6)
FN:148,createDescriptor
FN:188,parse
FN:205,svg2jsAsync
FN:206,(anonymous_10)
FN:207,(anonymous_11)
FN:223,convert
FN:227,(anonymous_13)
FNF:14
FNH:14
FNDA:5,(anonymous_0)
FNDA:5,(anonymous_1)
FNDA:7587,(anonymous_2)
FNDA:29220,(anonymous_3)
FNDA:30027,(anonymous_4)
FNDA:7587,(anonymous_5)
FNDA:27,(anonymous_6)
FNDA:31802,createDescriptor
FNDA:31802,parse
FNDA:31802,svg2jsAsync
FNDA:31802,(anonymous_10)
FNDA:31802,(anonymous_11)
FNDA:89740,convert
FNDA:142215,(anonymous_13)
DA:10,5
DA:11,5
DA:12,5
DA:15,5
DA:16,5
DA:22,5
DA:29,5
DA:30,5
DA:34,5
DA:35,9860
DA:36,10142
DA:41,9860
DA:42,2528
DA:43,2528
DA:47,2528
DA:59,2528
DA:62,7332
DA:63,27
DA:64,27
DA:76,27
DA:81,7305
DA:82,7587
DA:84,7305
DA:86,30027
DA:87,29220
DA:95,29220
DA:110,7587
DA:111,7305
DA:112,27
DA:113,27
DA:149,31802
DA:150,31802
DA:151,31802
DA:160,31802
DA:161,29274
DA:162,29274
DA:163,29220
DA:164,29220
DA:165,29220
DA:169,54
DA:170,54
DA:171,54
DA:174,2528
DA:175,2528
DA:178,31802
DA:189,31802
DA:190,31802
DA:191,31802
DA:194,0
DA:196,0
DA:206,31802
DA:207,31802
DA:208,31802
DA:209,0
DA:210,0
DA:212,31802
DA:224,89740
DA:225,89740
DA:228,142215
DA:235,89740
DA:236,32042
DA:239,89740
DA:242,5
LF:63
LH:59
BRDA:29,0,0,3
BRDA:41,1,0,2528
BRDA:41,1,1,7332
BRDA:62,2,0,27
BRDA:62,2,1,7305
BRDA:62,3,0,7332
BRDA:62,3,1,7107
BRDA:87,4,0,7560
BRDA:87,4,1,21660
BRDA:111,5,0,27
BRDA:111,5,1,7278
BRDA:160,6,0,29274
BRDA:160,6,1,2528
BRDA:162,7,0,29220
BRDA:162,7,1,54
BRDA:165,8,0,21660
BRDA:165,8,1,7560
BRDA:208,9,0,0
BRDA:208,9,1,31802
BRDA:224,10,0,0
BRDA:235,11,0,32042
BRDA:235,11,1,57698
BRF:22
BRH:20
end_of_record
TN:
SF:packages/icon-build-helpers/src/metadata/extensions/output/optimizer.js
FN:30,(anonymous_0)
FN:65,(anonymous_1)
FNF:2
FNH:2
FNDA:164806,(anonymous_0)
FNDA:152094,(anonymous_1)
DA:10,5
DA:25,5
DA:36,164806
DA:37,0
DA:40,164806
DA:41,28422
DA:42,12460
DA:46,152346
DA:48,152346
DA:49,761426
DA:54,252
DA:57,152094
DA:66,152094
DA:67,244
DA:68,244
DA:75,152094
DA:214,5
DA:220,5
LF:18
LH:17
BRDA:36,0,0,0
BRDA:36,0,1,164806
BRDA:36,1,0,164806
BRDA:36,1,1,572
BRDA:40,2,0,28422
BRDA:40,2,1,136384
BRDA:41,3,0,12460
BRDA:41,3,1,15962
BRDA:49,4,0,252
BRDA:49,4,1,761174
BRDA:50,5,0,761426
BRDA:50,5,1,39336
BRDA:50,5,2,492
BRDA:66,6,0,244
BRDA:66,6,1,151850
BRF:15
BRH:14
end_of_record
TN:
SF:packages/icon-build-helpers/src/metadata/extensions/output/__tests__/getModuleName-test.js
FN:79,(anonymous_0)
FNF:1
FNH:0
FNDA:0,(anonymous_0)
DA:12,0
DA:14,0
DA:79,0
DA:80,0
LF:4
LH:0
BRF:0
BRH:0
end_of_record
TN:
SF:packages/icon-build-helpers/src/metadata/extensions/output/__tests__/output-test.js
FN:12,(anonymous_0)
FN:22,(anonymous_1)
FN:23,(anonymous_2)
FN:44,(anonymous_3)
FN:49,(anonymous_4)
FN:74,(anonymous_5)
FN:95,(anonymous_6)
FN:111,(anonymous_7)
FN:142,(anonymous_8)
FN:163,(anonymous_9)
FN:169,(anonymous_10)
FN:192,(anonymous_11)
FN:216,(anonymous_12)
FNF:13
FNH:0
FNDA:0,(anonymous_0)
FNDA:0,(anonymous_1)
FNDA:0,(anonymous_2)
FNDA:0,(anonymous_3)
FNDA:0,(anonymous_4)
FNDA:0,(anonymous_5)
FNDA:0,(anonymous_6)
FNDA:0,(anonymous_7)
FNDA:0,(anonymous_8)
FNDA:0,(anonymous_9)
FNDA:0,(anonymous_10)
FNDA:0,(anonymous_11)
FNDA:0,(anonymous_12)
DA:12,0
DA:22,0
DA:23,0
DA:24,0
DA:29,0
DA:30,0
DA:31,0
DA:34,0
DA:35,0
DA:36,0
DA:37,0
DA:38,0
DA:39,0
DA:41,0
DA:44,0
DA:45,0
DA:46,0
DA:49,0
DA:50,0
DA:64,0
DA:66,0
DA:67,0
DA:68,0
DA:72,0
DA:75,0
DA:83,0
DA:85,0
DA:94,0
DA:95,0
DA:96,0
DA:99,0
DA:101,0
DA:103,0
DA:104,0
DA:105,0
DA:106,0
DA:111,0
DA:112,0
DA:132,0
DA:134,0
DA:135,0
DA:136,0
DA:140,0
DA:143,0
DA:151,0
DA:153,0
DA:162,0
DA:163,0
DA:164,0
DA:166,0
DA:169,0
DA:170,0
DA:182,0
DA:184,0
DA:185,0
DA:186,0
DA:190,0
DA:193,0
DA:200,0
DA:202,0
DA:215,0
DA:216,0
DA:217,0
DA:221,0
DA:222,0
DA:223,0
DA:224,0
LF:67
LH:0
BRF:0
BRH:0
end_of_record
TN:
SF:packages/icon-build-helpers/src/metadata/migrations/2020-01-27.js
FN:16,migrate
FN:24,(anonymous_1)
FN:37,(anonymous_2)
FN:66,(anonymous_3)
FNF:4
FNH:0
FNDA:0,migrate
FNDA:0,(anonymous_1)
FNDA:0,(anonymous_2)
FNDA:0,(anonymous_3)
DA:10,0
DA:11,0
DA:12,0
DA:13,0
DA:14,0
DA:17,0
DA:18,0
DA:19,0
DA:21,0
DA:22,0
DA:23,0
DA:24,0
DA:25,0
DA:26,0
DA:36,0
DA:37,0
DA:38,0
DA:39,0
DA:42,0
DA:55,0
DA:66,0
DA:67,0
DA:68,0
LF:23
LH:0
BRDA:23,0,0,0
BRDA:25,1,0,0
BRDA:25,1,1,0
BRDA:38,2,0,0
BRDA:38,2,1,0
BRDA:47,3,0,0
BRDA:47,3,1,0
BRDA:48,4,0,0
BRDA:48,4,1,0
BRF:9
BRH:0
end_of_record
TN:
SF:packages/icon-build-helpers/src/metadata/migrations/2020-02-17-remove-usage-fields.js
FN:15,migrate
FN:33,(anonymous_1)
FNF:2
FNH:0
FNDA:0,migrate
FNDA:0,(anonymous_1)
DA:10,0
DA:11,0
DA:12,0
DA:16,0
DA:17,0
DA:19,0
DA:20,0
DA:21,0
DA:25,0
DA:33,0
DA:34,0
DA:35,0
LF:12
LH:0
BRDA:20,0,0,0
BRDA:20,0,1,0
BRF:2
BRH:0
end_of_record
TN:
SF:packages/icon-build-helpers/src/metadata/migrations/2020-02-17-update-pictogram-files.js
FN:16,migrate
FN:67,(anonymous_1)
FNF:2
FNH:0
FNDA:0,migrate
FNDA:0,(anonymous_1)
DA:10,0
DA:11,0
DA:12,0
DA:13,0
DA:17,0
DA:21,0
DA:22,0
DA:26,0
DA:27,0
DA:28,0
DA:29,0
DA:34,0
DA:35,0
DA:38,0
DA:41,0
DA:42,0
DA:45,0
DA:46,0
DA:47,0
DA:52,0
DA:53,0
DA:56,0
DA:61,0
DA:67,0
DA:68,0
DA:69,0
LF:26
LH:0
BRDA:28,0,0,0
BRDA:28,0,1,0
BRDA:34,1,0,0
BRDA:34,1,1,0
BRDA:41,2,0,0
BRDA:41,2,1,0
BRDA:46,3,0,0
BRDA:46,3,1,0
BRDA:52,4,0,0
BRDA:52,4,1,0
BRF:10
BRH:0
end_of_record
TN:
SF:packages/icon-helpers/src/__tests__/getAttributes-test.js
FN:12,(anonymous_0)
FN:15,(anonymous_1)
FN:19,(anonymous_2)
FN:86,(anonymous_3)
FN:99,(anonymous_4)
FNF:5
FNH:0
FNDA:0,(anonymous_0)
FNDA:0,(anonymous_1)
FNDA:0,(anonymous_2)
FNDA:0,(anonymous_3)
FNDA:0,(anonymous_4)
DA:12,0
DA:15,0
DA:16,0
DA:19,0
DA:20,0
DA:21,0
DA:22,0
DA:23,0
DA:31,0
DA:87,0
DA:93,0
DA:97,0
DA:100,0
DA:103,0
DA:104,0
LF:15
LH:0
BRF:0
BRH:0
end_of_record
TN:
SF:packages/icon-helpers/src/__tests__/toSVG-test.js
FN:37,(anonymous_0)
FN:40,(anonymous_1)
FN:44,(anonymous_2)
FN:45,(anonymous_3)
FNF:4
FNH:0
FNDA:0,(anonymous_0)
FNDA:0,(anonymous_1)
FNDA:0,(anonymous_2)
FNDA:0,(anonymous_3)
DA:12,0
DA:37,0
DA:40,0
DA:41,0
DA:44,0
DA:45,0
DA:46,0
DA:47,0
DA:48,0
LF:9
LH:0
BRF:0
BRH:0
end_of_record
TN:
SF:packages/icon-helpers/src/__tests__/toString-test.js
FN:37,(anonymous_0)
FN:40,(anonymous_1)
FN:44,(anonymous_2)
FN:45,(anonymous_3)
FNF:4
FNH:0
FNDA:0,(anonymous_0)
FNDA:0,(anonymous_1)
FNDA:0,(anonymous_2)
FNDA:0,(anonymous_3)
DA:12,0
DA:37,0
DA:40,0
DA:41,0
DA:44,0
DA:45,0
DA:46,0
DA:48,0
LF:8
LH:0
BRF:0
BRH:0
end_of_record
TN:
SF:packages/layout/src/index.js
FN:21,rem
FN:30,em
FN:39,px
FN:73,breakpointUp
FN:77,breakpointDown
FN:81,breakpoint
FN:88,miniUnits
FNF:7
FNH:0
FNDA:0,rem
FNDA:0,em
FNDA:0,px
FNDA:0,breakpointUp
FNDA:0,breakpointDown
FNDA:0,breakpoint
FNDA:0,miniUnits
DA:14,0
DA:22,0
DA:31,0
DA:40,0
DA:45,0
DA:74,0
DA:78,0
DA:82,0
DA:86,0
DA:89,0
DA:93,0
DA:94,0
DA:95,0
DA:96,0
DA:97,0
DA:98,0
DA:99,0
DA:100,0
DA:101,0
DA:102,0
DA:103,0
DA:104,0
DA:105,0
DA:106,0
DA:123,0
DA:124,0
DA:125,0
DA:126,0
DA:127,0
DA:136,0
DA:137,0
DA:138,0
DA:139,0
DA:140,0
DA:141,0
DA:142,0
DA:143,0
DA:154,0
DA:155,0
DA:156,0
DA:157,0
DA:158,0
DA:159,0
DA:166,0
DA:167,0
DA:168,0
DA:169,0
DA:170,0
DA:171,0
DA:172,0
DA:182,0
DA:183,0
DA:184,0
LF:53
LH:0
BRF:0
BRH:0
end_of_record
TN:
SF:packages/layout/src/tokens.js
FNF:0
FNH:0
DA:8,0
LF:1
LH:0
BRF:0
BRH:0
end_of_record
TN:
SF:packages/layout/src/__tests__/tokens-test.js
FN:13,(anonymous_0)
FN:14,(anonymous_1)
FNF:2
FNH:0
FNDA:0,(anonymous_0)
FNDA:0,(anonymous_1)
DA:13,0
DA:14,0
DA:15,0
LF:3
LH:0
BRF:0
BRH:0
end_of_record
TN:
SF:packages/motion/src/index.js
FN:52,motion
FNF:1
FNH:0
FNDA:0,motion
DA:8,0
DA:9,0
DA:10,0
DA:11,0
DA:12,0
DA:13,0
DA:15,0
DA:16,0
DA:17,0
DA:18,0
DA:19,0
DA:20,0
DA:22,0
DA:37,0
DA:53,0
DA:54,0
DA:60,0
DA:61,0
DA:62,0
DA:67,0
LF:20
LH:0
BRDA:53,0,0,0
BRDA:53,0,1,0
BRDA:61,1,0,0
BRDA:61,1,1,0
BRF:4
BRH:0
end_of_record
TN:
SF:packages/react/src/feature-flags.js
FNF:0
FNH:0
DA:10,0
LF:1
LH:0
BRF:0
BRH:0
end_of_record
TN:
SF:packages/react/src/index.js
FNF:0
FNH:0
LF:0
LH:0
BRF:0
BRH:0
end_of_record
TN:
SF:packages/react/src/__tests__/index-test.js
FN:10,(anonymous_0)
FN:11,(anonymous_1)
FN:15,(anonymous_2)
FNF:3
FNH:0
FNDA:0,(anonymous_0)
FNDA:0,(anonymous_1)
FNDA:0,(anonymous_2)
DA:10,0
DA:11,0
DA:12,0
DA:15,0
DA:16,0
LF:5
LH:0
BRF:0
BRH:0
end_of_record
TN:
SF:packages/react/src/components/AILabel/AILabel.stories.js
FN:27,(anonymous_0)
FN:248,(anonymous_1)
FN:388,(anonymous_2)
FNF:3
FNH:0
FNDA:0,(anonymous_0)
FNDA:0,(anonymous_1)
FNDA:0,(anonymous_2)
DA:27,0
DA:29,0
DA:43,0
DA:248,0
DA:249,0
DA:251,0
DA:289,0
DA:388,0
DA:389,0
DA:392,0
DA:422,0
DA:435,0
LF:12
LH:0
BRDA:249,0,0,0
BRDA:269,1,0,0
BRDA:269,1,1,0
BRDA:389,2,0,0
BRDA:405,3,0,0
BRDA:405,3,1,0
BRF:6
BRH:0
end_of_record
TN:
SF:packages/react/src/components/AILabel/__tests__/AILabel-test.js
FN:16,(anonymous_0)
FN:17,(anonymous_1)
FN:18,(anonymous_2)
FN:27,(anonymous_3)
FN:33,(anonymous_4)
FN:39,(anonymous_5)
FN:45,(anonymous_6)
FN:55,(anonymous_7)
FN:64,(anonymous_8)
FN:77,(anonymous_9)
FN:88,(anonymous_10)
FN:96,(anonymous_11)
FN:105,(anonymous_12)
FN:111,(anonymous_13)
FN:120,(anonymous_14)
FN:125,(anonymous_15)
FN:133,(anonymous_16)
FN:134,(anonymous_17)
FN:145,(anonymous_18)
FN:146,(anonymous_19)
FN:160,(anonymous_20)
FN:161,(anonymous_21)
FN:166,(anonymous_22)
FN:174,(anonymous_23)
FNF:24
FNH:0
FNDA:0,(anonymous_0)
FNDA:0,(anonymous_1)
FNDA:0,(anonymous_2)
FNDA:0,(anonymous_3)
FNDA:0,(anonymous_4)
FNDA:0,(anonymous_5)
FNDA:0,(anonymous_6)
FNDA:0,(anonymous_7)
FNDA:0,(anonymous_8)
FNDA:0,(anonymous_9)
FNDA:0,(anonymous_10)
FNDA:0,(anonymous_11)
FNDA:0,(anonymous_12)
FNDA:0,(anonymous_13)
FNDA:0,(anonymous_14)
FNDA:0,(anonymous_15)
FNDA:0,(anonymous_16)
FNDA:0,(anonymous_17)
FNDA:0,(anonymous_18)
FNDA:0,(anonymous_19)
FNDA:0,(anonymous_20)
FNDA:0,(anonymous_21)
FNDA:0,(anonymous_22)
FNDA:0,(anonymous_23)
DA:14,0
DA:16,0
DA:17,0
DA:18,0
DA:19,0
DA:21,0
DA:27,0
DA:28,0
DA:30,0
DA:33,0
DA:34,0
DA:36,0
DA:39,0
DA:40,0
DA:42,0
DA:45,0
DA:46,0
DA:48,0
DA:51,0
DA:52,0
DA:55,0
DA:56,0
DA:58,0
DA:61,0
DA:64,0
DA:65,0
DA:69,0
DA:72,0
DA:77,0
DA:78,0
DA:80,0
DA:83,0
DA:88,0
DA:89,0
DA:91,0
DA:96,0
DA:97,0
DA:99,0
DA:100,0
DA:105,0
DA:106,0
DA:108,0
DA:111,0
DA:112,0
DA:114,0
DA:120,0
DA:121,0
DA:129,0
DA:133,0
DA:134,0
DA:135,0
DA:141,0
DA:145,0
DA:146,0
DA:147,0
DA:158,0
DA:160,0
DA:161,0
DA:162,0
DA:163,0
DA:166,0
DA:167,0
DA:168,0
DA:174,0
DA:175,0
DA:176,0
LF:66
LH:0
BRF:0
BRH:0
end_of_record
TN:
SF:packages/react/src/components/AISkeleton/AISkeletonIcon.stories.js
FN:39,(anonymous_0)
FNF:1
FNH:0
FNDA:0,(anonymous_0)
DA:25,0
DA:31,0
DA:39,0
DA:40,0
DA:46,0
DA:53,0
LF:6
LH:0
BRF:0
BRH:0
end_of_record
TN:
SF:packages/react/src/components/AISkeleton/AISkeletonPlaceholder.stories.js
FN:19,(anonymous_0)
FNF:1
FNH:0
FNDA:0,(anonymous_0)
DA:19,0
DA:20,0
LF:2
LH:0
BRF:0
BRH:0
end_of_record
TN:
SF:packages/react/src/components/AISkeleton/AISkeletonText.stories.js
FN:19,(anonymous_0)
FNF:1
FNH:0
FNDA:0,(anonymous_0)
DA:19,0
DA:20,0
LF:2
LH:0
BRF:0
BRH:0
end_of_record
TN:
SF:packages/react/src/components/Accordion/Accordion.stories.js
FN:59,(anonymous_0)
FN:108,(anonymous_1)
FN:115,(anonymous_2)
FN:122,(anonymous_3)
FN:176,(anonymous_4)
FN:224,(anonymous_5)
FN:229,(anonymous_6)
FNF:7
FNH:0
FNDA:0,(anonymous_0)
FNDA:0,(anonymous_1)
FNDA:0,(anonymous_2)
FNDA:0,(anonymous_3)
FNDA:0,(anonymous_4)
FNDA:0,(anonymous_5)
FNDA:0,(anonymous_6)
DA:32,0
DA:59,0
DA:60,0
DA:101,0
DA:106,0
DA:108,0
DA:109,0
DA:110,0
DA:116,0
DA:123,0
DA:169,0
DA:174,0
DA:176,0
DA:177,0
DA:217,0
DA:222,0
DA:224,0
DA:225,0
DA:228,0
DA:229,0
DA:232,0
DA:236,0
LF:22
LH:0
BRDA:116,0,0,0
BRDA:116,0,1,0
BRDA:123,1,0,0
BRDA:123,1,1,0
BRDA:123,2,0,0
BRDA:123,2,1,0
BRF:6
BRH:0
end_of_record
TN:
SF:packages/react/src/components/Accordion/__tests__/Accordion-test.js
FN:14,(anonymous_0)
FN:15,(anonymous_1)
FN:33,(anonymous_2)
FN:34,(anonymous_3)
FN:58,(anonymous_4)
FN:89,(anonymous_5)
FN:90,(anonymous_6)
FN:109,(anonymous_7)
FN:133,(anonymous_8)
FN:158,(anonymous_9)
FN:159,(anonymous_10)
FN:179,(anonymous_11)
FN:200,(anonymous_12)
FN:201,(anonymous_13)
FN:205,(anonymous_14)
FN:209,(anonymous_15)
FN:232,(anonymous_16)
FN:239,(anonymous_17)
FN:244,(anonymous_18)
FN:253,(anonymous_19)
FN:258,(anonymous_20)
FN:259,(anonymous_21)
FN:279,(anonymous_22)
FNF:23
FNH:0
FNDA:0,(anonymous_0)
FNDA:0,(anonymous_1)
FNDA:0,(anonymous_2)
FNDA:0,(anonymous_3)
FNDA:0,(anonymous_4)
FNDA:0,(anonymous_5)
FNDA:0,(anonymous_6)
FNDA:0,(anonymous_7)
FNDA:0,(anonymous_8)
FNDA:0,(anonymous_9)
FNDA:0,(anonymous_10)
FNDA:0,(anonymous_11)
FNDA:0,(anonymous_12)
FNDA:0,(anonymous_13)
FNDA:0,(anonymous_14)
FNDA:0,(anonymous_15)
FNDA:0,(anonymous_16)
FNDA:0,(anonymous_17)
FNDA:0,(anonymous_18)
FNDA:0,(anonymous_19)
FNDA:0,(anonymous_20)
FNDA:0,(anonymous_21)
FNDA:0,(anonymous_22)
DA:14,0
DA:15,0
DA:16,0
DA:30,0
DA:33,0
DA:34,0
DA:35,0
DA:49,0
DA:52,0
DA:55,0
DA:58,0
DA:59,0
DA:75,0
DA:80,0
DA:83,0
DA:89,0
DA:90,0
DA:91,0
DA:105,0
DA:106,0
DA:109,0
DA:110,0
DA:126,0
DA:130,0
DA:133,0
DA:134,0
DA:150,0
DA:154,0
DA:158,0
DA:159,0
DA:160,0
DA:174,0
DA:179,0
DA:180,0
DA:194,0
DA:200,0
DA:201,0
DA:202,0
DA:203,0
DA:205,0
DA:210,0
DA:232,0
DA:233,0
DA:235,0
DA:238,0
DA:239,0
DA:240,0
DA:244,0
DA:245,0
DA:247,0
DA:249,0
DA:252,0
DA:253,0
DA:254,0
DA:258,0
DA:259,0
DA:260,0
DA:273,0
DA:274,0
DA:275,0
DA:276,0
DA:279,0
DA:280,0
DA:293,0
DA:294,0
DA:295,0
DA:296,0
LF:67
LH:0
BRDA:210,0,0,0
BRDA:210,0,1,0
BRDA:210,1,0,0
BRDA:210,1,1,0
BRF:4
BRH:0
end_of_record
TN:
SF:packages/react/src/components/Accordion/__tests__/AccordionItem-test.js
FN:13,(anonymous_0)
FN:14,(anonymous_1)
FN:15,(anonymous_2)
FN:21,(anonymous_3)
FN:31,(anonymous_4)
FN:37,(anonymous_5)
FN:43,(anonymous_6)
FN:52,(anonymous_7)
FN:63,(anonymous_8)
FN:72,(anonymous_9)
FN:73,(anonymous_10)
FN:83,(anonymous_11)
FN:90,(anonymous_12)
FN:91,(anonymous_13)
FN:105,(anonymous_14)
FNF:15
FNH:0
FNDA:0,(anonymous_0)
FNDA:0,(anonymous_1)
FNDA:0,(anonymous_2)
FNDA:0,(anonymous_3)
FNDA:0,(anonymous_4)
FNDA:0,(anonymous_5)
FNDA:0,(anonymous_6)
FNDA:0,(anonymous_7)
FNDA:0,(anonymous_8)
FNDA:0,(anonymous_9)
FNDA:0,(anonymous_10)
FNDA:0,(anonymous_11)
FNDA:0,(anonymous_12)
FNDA:0,(anonymous_13)
FNDA:0,(anonymous_14)
DA:13,0
DA:14,0
DA:15,0
DA:16,0
DA:18,0
DA:21,0
DA:22,0
DA:28,0
DA:31,0
DA:32,0
DA:34,0
DA:37,0
DA:38,0
DA:40,0
DA:43,0
DA:44,0
DA:45,0
DA:47,0
DA:49,0
DA:52,0
DA:53,0
DA:54,0
DA:58,0
DA:60,0
DA:63,0
DA:64,0
DA:66,0
DA:72,0
DA:73,0
DA:74,0
DA:78,0
DA:80,0
DA:83,0
DA:84,0
DA:86,0
DA:90,0
DA:91,0
DA:92,0
DA:97,0
DA:99,0
DA:105,0
DA:106,0
DA:111,0
DA:112,0
LF:44
LH:0
BRF:0
BRH:0
end_of_record
TN:
SF:packages/react/src/components/Accordion/__tests__/AccordionSkeleton-test.js
FN:12,(anonymous_0)
FN:13,(anonymous_1)
FN:14,(anonymous_2)
FN:20,(anonymous_3)
FN:26,(anonymous_4)
FN:34,(anonymous_5)
FN:42,(anonymous_6)
FN:48,(anonymous_7)
FN:53,(anonymous_8)
FN:60,(anonymous_9)
FN:69,(anonymous_10)
FNF:11
FNH:0
FNDA:0,(anonymous_0)
FNDA:0,(anonymous_1)
FNDA:0,(anonymous_2)
FNDA:0,(anonymous_3)
FNDA:0,(anonymous_4)
FNDA:0,(anonymous_5)
FNDA:0,(anonymous_6)
FNDA:0,(anonymous_7)
FNDA:0,(anonymous_8)
FNDA:0,(anonymous_9)
FNDA:0,(anonymous_10)
DA:12,0
DA:13,0
DA:14,0
DA:15,0
DA:17,0
DA:20,0
DA:21,0
DA:23,0
DA:26,0
DA:27,0
DA:28,0
DA:30,0
DA:31,0
DA:34,0
DA:35,0
DA:39,0
DA:42,0
DA:43,0
DA:45,0
DA:48,0
DA:49,0
DA:50,0
DA:53,0
DA:54,0
DA:55,0
DA:60,0
DA:61,0
DA:62,0
DA:63,0
DA:64,0
DA:65,0
DA:69,0
LF:32
LH:0
BRF:0
BRH:0
end_of_record
TN:
SF:packages/react/src/components/AccordionItem/AccordionItem.js
FNF:0
FNH:0
LF:0
LH:0
BRF:0
BRH:0
end_of_record
TN:
SF:packages/react/src/components/AccordionItem/index.js
FNF:0
FNH:0
LF:0
LH:0
BRF:0
BRH:0
end_of_record
TN:
SF:packages/react/src/components/AspectRatio/AspectRatio.stories.js
FN:19,(anonymous_0)
FN:32,(anonymous_1)
FNF:2
FNH:0
FNDA:0,(anonymous_0)
FNDA:0,(anonymous_1)
DA:20,0
DA:32,0
DA:33,0
DA:51,0
LF:4
LH:0
BRF:0
BRH:0
end_of_record
TN:
SF:packages/react/src/components/AspectRatio/__tests__/AspectRatio-test.js
FN:12,(anonymous_0)
FN:13,(anonymous_1)
FN:14,(anonymous_2)
FN:20,(anonymous_3)
FN:26,(anonymous_4)
FN:36,(anonymous_5)
FN:42,(anonymous_6)
FN:48,(anonymous_7)
FN:51,(anonymous_8)
FNF:9
FNH:0
FNDA:0,(anonymous_0)
FNDA:0,(anonymous_1)
FNDA:0,(anonymous_2)
FNDA:0,(anonymous_3)
FNDA:0,(anonymous_4)
FNDA:0,(anonymous_5)
FNDA:0,(anonymous_6)
FNDA:0,(anonymous_7)
FNDA:0,(anonymous_8)
DA:12,0
DA:13,0
DA:14,0
DA:15,0
DA:17,0
DA:20,0
DA:21,0
DA:26,0
DA:32,0
DA:33,0
DA:36,0
DA:37,0
DA:39,0
DA:42,0
DA:43,0
DA:45,0
DA:48,0
DA:49,0
DA:51,0
DA:52,0
DA:56,0
LF:21
LH:0
BRF:0
BRH:0
end_of_record
TN:
SF:packages/react/src/components/BadgeIndicator/__tests__/BadgeIndicator.js
FN:12,(anonymous_0)
FN:13,(anonymous_1)
FN:18,(anonymous_2)
FN:23,(anonymous_3)
FN:28,(anonymous_4)
FNF:5
FNH:0
FNDA:0,(anonymous_0)
FNDA:0,(anonymous_1)
FNDA:0,(anonymous_2)
FNDA:0,(anonymous_3)
FNDA:0,(anonymous_4)
DA:12,0
DA:13,0
DA:14,0
DA:15,0
DA:18,0
DA:19,0
DA:20,0
DA:23,0
DA:24,0
DA:25,0
DA:28,0
DA:29,0
DA:30,0
DA:31,0
LF:14
LH:0
BRF:0
BRH:0
end_of_record
TN:
SF:packages/react/src/components/Breadcrumb/Breadcrumb.stories.js
FN:42,(anonymous_0)
FN:61,(anonymous_1)
FN:82,(anonymous_2)
FNF:3
FNH:0
FNDA:0,(anonymous_0)
FNDA:0,(anonymous_1)
FNDA:0,(anonymous_2)
DA:30,0
DA:42,0
DA:43,0
DA:53,0
DA:57,0
DA:61,0
DA:62,0
DA:78,0
DA:82,0
DA:83,0
LF:10
LH:0
BRF:0
BRH:0
end_of_record
TN:
SF:packages/react/src/components/Breadcrumb/__tests__/Breadcrumb-test.js
FN:16,(anonymous_0)
FN:17,(anonymous_1)
FN:22,(anonymous_2)
FN:27,(anonymous_3)
FN:40,(anonymous_4)
FN:59,(anonymous_5)
FN:65,(anonymous_6)
FN:71,(anonymous_7)
FN:77,(anonymous_8)
FN:84,(anonymous_9)
FN:85,(anonymous_10)
FN:96,(anonymous_11)
FNF:12
FNH:0
FNDA:0,(anonymous_0)
FNDA:0,(anonymous_1)
FNDA:0,(anonymous_2)
FNDA:0,(anonymous_3)
FNDA:0,(anonymous_4)
FNDA:0,(anonymous_5)
FNDA:0,(anonymous_6)
FNDA:0,(anonymous_7)
FNDA:0,(anonymous_8)
FNDA:0,(anonymous_9)
FNDA:0,(anonymous_10)
FNDA:0,(anonymous_11)
DA:14,0
DA:16,0
DA:17,0
DA:18,0
DA:19,0
DA:22,0
DA:23,0
DA:24,0
DA:27,0
DA:28,0
DA:35,0
DA:36,0
DA:37,0
DA:40,0
DA:41,0
DA:54,0
DA:59,0
DA:60,0
DA:62,0
DA:65,0
DA:66,0
DA:68,0
DA:71,0
DA:72,0
DA:74,0
DA:77,0
DA:78,0
DA:79,0
DA:81,0
DA:84,0
DA:85,0
DA:86,0
DA:93,0
DA:96,0
DA:97,0
DA:104,0
LF:36
LH:0
BRF:0
BRH:0
end_of_record
TN:
SF:packages/react/src/components/Breadcrumb/__tests__/Breadcrumb.Skeleton-test.js
FN:12,(anonymous_0)
FN:13,(anonymous_1)
FN:18,(anonymous_2)
FNF:3
FNH:0
FNDA:0,(anonymous_0)
FNDA:0,(anonymous_1)
FNDA:0,(anonymous_2)
DA:12,0
DA:13,0
DA:14,0
DA:15,0
DA:18,0
DA:19,0
DA:20,0
LF:7
LH:0
BRF:0
BRH:0
end_of_record
TN:
SF:packages/react/src/components/Breadcrumb/__tests__/BreadcrumbItem-test.js
FN:12,(anonymous_0)
FN:13,(anonymous_1)
FN:14,(anonymous_2)
FN:15,(anonymous_3)
FNF:4
FNH:0
FNDA:0,(anonymous_0)
FNDA:0,(anonymous_1)
FNDA:0,(anonymous_2)
FNDA:0,(anonymous_3)
DA:12,0
DA:13,0
DA:14,0
DA:15,0
DA:16,0
DA:21,0
DA:22,0
LF:7
LH:0
BRF:0
BRH:0
end_of_record
TN:
SF:packages/react/src/components/Button/Button.stories.js
FN:63,(anonymous_0)
FN:74,(anonymous_1)
FN:87,(anonymous_2)
FN:100,(anonymous_3)
FN:118,(anonymous_4)
FN:131,(anonymous_5)
FN:141,(anonymous_6)
FN:163,(anonymous_7)
FN:176,(anonymous_8)
FNF:9
FNH:0
FNDA:0,(anonymous_0)
FNDA:0,(anonymous_1)
FNDA:0,(anonymous_2)
FNDA:0,(anonymous_3)
FNDA:0,(anonymous_4)
FNDA:0,(anonymous_5)
FNDA:0,(anonymous_6)
FNDA:0,(anonymous_7)
FNDA:0,(anonymous_8)
DA:63,0
DA:64,0
DA:74,0
DA:75,0
DA:87,0
DA:88,0
DA:100,0
DA:101,0
DA:118,0
DA:119,0
DA:131,0
DA:132,0
DA:141,0
DA:142,0
DA:144,0
DA:159,0
DA:163,0
DA:164,0
DA:176,0
DA:177,0
LF:20
LH:0
BRF:0
BRH:0
end_of_record
TN:
SF:packages/react/src/components/Button/__tests__/Button-test.js
FN:13,(anonymous_0)
FN:14,(anonymous_1)
FN:23,(anonymous_2)
FN:28,(anonymous_3)
FN:35,(anonymous_4)
FN:40,(anonymous_5)
FN:48,(anonymous_6)
FN:55,(anonymous_7)
FN:61,(anonymous_8)
FN:66,(anonymous_9)
FN:67,CustomComponent
FN:83,(anonymous_11)
FN:99,(anonymous_12)
FN:113,(anonymous_13)
FN:119,(anonymous_14)
FN:120,(anonymous_15)
FN:124,(anonymous_16)
FN:133,(anonymous_17)
FN:134,(anonymous_18)
FN:146,(anonymous_19)
FN:147,(anonymous_20)
FN:152,(anonymous_21)
FN:166,(anonymous_22)
FN:180,(anonymous_23)
FN:181,CustomComponent
FNF:25
FNH:0
FNDA:0,(anonymous_0)
FNDA:0,(anonymous_1)
FNDA:0,(anonymous_2)
FNDA:0,(anonymous_3)
FNDA:0,(anonymous_4)
FNDA:0,(anonymous_5)
FNDA:0,(anonymous_6)
FNDA:0,(anonymous_7)
FNDA:0,(anonymous_8)
FNDA:0,(anonymous_9)
FNDA:0,CustomComponent
FNDA:0,(anonymous_11)
FNDA:0,(anonymous_12)
FNDA:0,(anonymous_13)
FNDA:0,(anonymous_14)
FNDA:0,(anonymous_15)
FNDA:0,(anonymous_16)
FNDA:0,(anonymous_17)
FNDA:0,(anonymous_18)
FNDA:0,(anonymous_19)
FNDA:0,(anonymous_20)
FNDA:0,(anonymous_21)
FNDA:0,(anonymous_22)
FNDA:0,(anonymous_23)
FNDA:0,CustomComponent
DA:13,0
DA:14,0
DA:15,0
DA:20,0
DA:23,0
DA:24,0
DA:25,0
DA:28,0
DA:29,0
DA:32,0
DA:35,0
DA:36,0
DA:37,0
DA:40,0
DA:41,0
DA:42,0
DA:44,0
DA:45,0
DA:48,0
DA:49,0
DA:50,0
DA:53,0
DA:56,0
DA:57,0
DA:61,0
DA:62,0
DA:63,0
DA:66,0
DA:68,0
DA:71,0
DA:76,0
DA:77,0
DA:83,0
DA:84,0
DA:85,0
DA:88,0
DA:100,0
DA:101,0
DA:105,0
DA:114,0
DA:115,0
DA:119,0
DA:120,0
DA:121,0
DA:124,0
DA:128,0
DA:133,0
DA:134,0
DA:136,0
DA:138,0
DA:139,0
DA:141,0
DA:146,0
DA:147,0
DA:148,0
DA:149,0
DA:152,0
DA:153,0
DA:163,0
DA:166,0
DA:167,0
DA:177,0
DA:180,0
DA:182,0
DA:185,0
DA:193,0
DA:194,0
LF:67
LH:0
BRF:0
BRH:0
end_of_record
TN:
SF:packages/react/src/components/Button/__tests__/ButtonSkeleton-test.js
FN:12,(anonymous_0)
FN:21,(anonymous_1)
FN:27,(anonymous_2)
FN:28,(anonymous_3)
FN:33,(anonymous_4)
FN:40,(anonymous_5)
FN:41,(anonymous_6)
FNF:7
FNH:0
FNDA:0,(anonymous_0)
FNDA:0,(anonymous_1)
FNDA:0,(anonymous_2)
FNDA:0,(anonymous_3)
FNDA:0,(anonymous_4)
FNDA:0,(anonymous_5)
FNDA:0,(anonymous_6)
DA:12,0
DA:13,0
DA:22,0
DA:23,0
DA:27,0
DA:28,0
DA:29,0
DA:30,0
DA:33,0
DA:34,0
DA:35,0
DA:36,0
DA:40,0
DA:41,0
DA:42,0
DA:43,0
LF:16
LH:0
BRF:0
BRH:0
end_of_record
TN:
SF:packages/react/src/components/ButtonSet/ButtonSet-test.js
FN:12,(anonymous_0)
FN:13,(anonymous_1)
FN:24,(anonymous_2)
FN:29,(anonymous_3)
FN:34,(anonymous_4)
FN:40,(anonymous_5)
FN:41,(anonymous_6)
FNF:7
FNH:0
FNDA:0,(anonymous_0)
FNDA:0,(anonymous_1)
FNDA:0,(anonymous_2)
FNDA:0,(anonymous_3)
FNDA:0,(anonymous_4)
FNDA:0,(anonymous_5)
FNDA:0,(anonymous_6)
DA:12,0
DA:13,0
DA:14,0
DA:19,0
DA:24,0
DA:25,0
DA:26,0
DA:29,0
DA:30,0
DA:31,0
DA:34,0
DA:35,0
DA:36,0
DA:37,0
DA:40,0
DA:41,0
DA:42,0
DA:43,0
LF:18
LH:0
BRF:0
BRH:0
end_of_record
TN:
SF:packages/react/src/components/ChatButton/ChatButton.stories.js
FN:52,(anonymous_0)
FNF:1
FNH:0
FNDA:0,(anonymous_0)
DA:52,0
DA:53,0
LF:2
LH:0
BRF:0
BRH:0
end_of_record
TN:
SF:packages/react/src/components/ChatButton/__tests__/ChatButton-test.js
FN:12,(anonymous_0)
FN:13,(anonymous_1)
FN:22,(anonymous_2)
FN:29,(anonymous_3)
FN:45,(anonymous_4)
FN:61,(anonymous_5)
FN:71,(anonymous_6)
FN:77,(anonymous_7)
FN:78,(anonymous_8)
FNF:9
FNH:0
FNDA:0,(anonymous_0)
FNDA:0,(anonymous_1)
FNDA:0,(anonymous_2)
FNDA:0,(anonymous_3)
FNDA:0,(anonymous_4)
FNDA:0,(anonymous_5)
FNDA:0,(anonymous_6)
FNDA:0,(anonymous_7)
FNDA:0,(anonymous_8)
DA:12,0
DA:13,0
DA:14,0
DA:19,0
DA:22,0
DA:23,0
DA:26,0
DA:29,0
DA:30,0
DA:31,0
DA:33,0
DA:34,0
DA:37,0
DA:46,0
DA:51,0
DA:55,0
DA:62,0
DA:67,0
DA:71,0
DA:72,0
DA:73,0
DA:74,0
DA:77,0
DA:78,0
DA:80,0
DA:82,0
DA:83,0
DA:85,0
LF:28
LH:0
BRF:0
BRH:0
end_of_record
TN:
SF:packages/react/src/components/ChatButton/__tests__/ChatButtonSkeleton-test.js
FN:12,(anonymous_0)
FN:19,(anonymous_1)
FN:25,(anonymous_2)
FN:30,(anonymous_3)
FNF:4
FNH:0
FNDA:0,(anonymous_0)
FNDA:0,(anonymous_1)
FNDA:0,(anonymous_2)
FNDA:0,(anonymous_3)
DA:12,0
DA:13,0
DA:20,0
DA:21,0
DA:25,0
DA:26,0
DA:27,0
DA:30,0
DA:31,0
DA:32,0
LF:10
LH:0
BRF:0
BRH:0
end_of_record
TN:
SF:packages/react/src/components/Checkbox/Checkbox.stories.js
FN:138,(anonymous_0)
FN:151,(anonymous_1)
FN:170,(anonymous_2)
FN:202,(anonymous_3)
FN:206,(anonymous_4)
FN:207,(anonymous_5)
FNF:6
FNH:0
FNDA:0,(anonymous_0)
FNDA:0,(anonymous_1)
FNDA:0,(anonymous_2)
FNDA:0,(anonymous_3)
FNDA:0,(anonymous_4)
FNDA:0,(anonymous_5)
DA:32,0
DA:40,0
DA:138,0
DA:139,0
DA:145,0
DA:149,0
DA:151,0
DA:152,0
DA:166,0
DA:168,0
DA:170,0
DA:171,0
DA:175,0
DA:202,0
DA:203,0
DA:206,0
DA:207,0
DA:208,0
DA:238,0
DA:280,0
DA:288,0
LF:21
LH:0
BRF:0
BRH:0
end_of_record
TN:
SF:packages/react/src/components/Checkbox/__tests__/Checkbox-test.js
FN:16,(anonymous_0)
FN:17,(anonymous_1)
FN:22,(anonymous_2)
FN:27,(anonymous_3)
FN:32,(anonymous_4)
FN:39,(anonymous_5)
FN:45,(anonymous_6)
FN:53,(anonymous_7)
FN:61,(anonymous_8)
FN:68,(anonymous_9)
FN:81,(anonymous_10)
FN:97,(anonymous_11)
FN:111,(anonymous_12)
FN:126,(anonymous_13)
FN:147,(anonymous_14)
FN:164,(anonymous_15)
FN:182,(anonymous_16)
FN:202,(anonymous_17)
FN:203,(anonymous_18)
FN:219,(anonymous_19)
FN:234,(anonymous_20)
FNF:21
FNH:0
FNDA:0,(anonymous_0)
FNDA:0,(anonymous_1)
FNDA:0,(anonymous_2)
FNDA:0,(anonymous_3)
FNDA:0,(anonymous_4)
FNDA:0,(anonymous_5)
FNDA:0,(anonymous_6)
FNDA:0,(anonymous_7)
FNDA:0,(anonymous_8)
FNDA:0,(anonymous_9)
FNDA:0,(anonymous_10)
FNDA:0,(anonymous_11)
FNDA:0,(anonymous_12)
FNDA:0,(anonymous_13)
FNDA:0,(anonymous_14)
FNDA:0,(anonymous_15)
FNDA:0,(anonymous_16)
FNDA:0,(anonymous_17)
FNDA:0,(anonymous_18)
FNDA:0,(anonymous_19)
FNDA:0,(anonymous_20)
DA:14,0
DA:16,0
DA:17,0
DA:18,0
DA:19,0
DA:22,0
DA:23,0
DA:24,0
DA:27,0
DA:28,0
DA:29,0
DA:32,0
DA:33,0
DA:36,0
DA:39,0
DA:40,0
DA:41,0
DA:42,0
DA:45,0
DA:46,0
DA:47,0
DA:49,0
DA:50,0
DA:53,0
DA:54,0
DA:55,0
DA:57,0
DA:58,0
DA:61,0
DA:62,0
DA:63,0
DA:68,0
DA:69,0
DA:78,0
DA:81,0
DA:82,0
DA:91,0
DA:97,0
DA:98,0
DA:108,0
DA:111,0
DA:112,0
DA:121,0
DA:126,0
DA:127,0
DA:137,0
DA:141,0
DA:144,0
DA:147,0
DA:148,0
DA:158,0
DA:159,0
DA:164,0
DA:165,0
DA:166,0
DA:168,0
DA:170,0
DA:171,0
DA:182,0
DA:183,0
DA:184,0
DA:185,0
DA:196,0
DA:197,0
DA:198,0
DA:199,0
DA:202,0
DA:203,0
DA:204,0
DA:213,0
DA:216,0
DA:219,0
DA:220,0
DA:229,0
DA:234,0
DA:235,0
DA:244,0
LF:77
LH:0
BRF:0
BRH:0
end_of_record
TN:
SF:packages/react/src/components/Checkbox/__tests__/CheckboxSkeleton-test.js
FN:12,(anonymous_0)
FN:13,(anonymous_1)
FN:18,(anonymous_2)
FNF:3
FNH:0
FNDA:0,(anonymous_0)
FNDA:0,(anonymous_1)
FNDA:0,(anonymous_2)
DA:12,0
DA:13,0
DA:14,0
DA:15,0
DA:18,0
DA:19,0
DA:20,0
LF:7
LH:0
BRF:0
BRH:0
end_of_record
TN:
SF:packages/react/src/components/CheckboxGroup/CheckboxGroup-test.js
FN:16,(anonymous_0)
FN:17,(anonymous_1)
FN:24,(anonymous_2)
FN:36,(anonymous_3)
FN:54,(anonymous_4)
FN:73,(anonymous_5)
FN:79,(anonymous_6)
FN:88,(anonymous_7)
FN:108,(anonymous_8)
FN:131,(anonymous_9)
FN:153,(anonymous_10)
FN:154,(anonymous_11)
FN:167,(anonymous_12)
FN:181,(anonymous_13)
FNF:14
FNH:0
FNDA:0,(anonymous_0)
FNDA:0,(anonymous_1)
FNDA:0,(anonymous_2)
FNDA:0,(anonymous_3)
FNDA:0,(anonymous_4)
FNDA:0,(anonymous_5)
FNDA:0,(anonymous_6)
FNDA:0,(anonymous_7)
FNDA:0,(anonymous_8)
FNDA:0,(anonymous_9)
FNDA:0,(anonymous_10)
FNDA:0,(anonymous_11)
FNDA:0,(anonymous_12)
FNDA:0,(anonymous_13)
DA:14,0
DA:16,0
DA:17,0
DA:18,0
DA:21,0
DA:24,0
DA:25,0
DA:33,0
DA:36,0
DA:37,0
DA:51,0
DA:54,0
DA:55,0
DA:70,0
DA:73,0
DA:74,0
DA:76,0
DA:79,0
DA:80,0
DA:82,0
DA:88,0
DA:89,0
DA:103,0
DA:108,0
DA:109,0
DA:121,0
DA:125,0
DA:128,0
DA:131,0
DA:132,0
DA:147,0
DA:148,0
DA:153,0
DA:154,0
DA:155,0
DA:163,0
DA:164,0
DA:167,0
DA:168,0
DA:176,0
DA:181,0
DA:182,0
DA:190,0
LF:43
LH:0
BRF:0
BRH:0
end_of_record
TN:
SF:packages/react/src/components/ClassPrefix/ClassPrefix.stories.js
FN:23,(anonymous_0)
FN:24,ExampleComponent
FNF:2
FNH:0
FNDA:0,(anonymous_0)
FNDA:0,ExampleComponent
DA:23,0
DA:25,0
DA:26,0
DA:28,0
LF:4
LH:0
BRF:0
BRH:0
end_of_record
TN:
SF:packages/react/src/components/ClassPrefix/__tests__/ClassPrefix-test.js
FN:13,(anonymous_0)
FN:14,(anonymous_1)
FN:17,TestComponent
FNF:3
FNH:0
FNDA:0,(anonymous_0)
FNDA:0,(anonymous_1)
FNDA:0,TestComponent
DA:13,0
DA:14,0
DA:15,0
DA:18,0
DA:19,0
DA:20,0
DA:23,0
DA:29,0
LF:8
LH:0
BRF:0
BRH:0
end_of_record
TN:
SF:packages/react/src/components/CodeSnippet/CodeSnippet.stories.js
FN:32,(anonymous_0)
FN:40,(anonymous_1)
FN:76,(anonymous_2)
FN:85,(anonymous_3)
FN:95,(anonymous_4)
FN:133,(anonymous_5)
FN:144,(anonymous_6)
FNF:7
FNH:0
FNDA:0,(anonymous_0)
FNDA:0,(anonymous_1)
FNDA:0,(anonymous_2)
FNDA:0,(anonymous_3)
FNDA:0,(anonymous_4)
FNDA:0,(anonymous_5)
FNDA:0,(anonymous_6)
DA:32,0
DA:33,0
DA:40,0
DA:41,0
DA:76,0
DA:77,0
DA:85,0
DA:86,0
DA:95,0
DA:96,0
DA:133,0
DA:134,0
DA:144,0
DA:145,0
LF:14
LH:0
BRF:0
BRH:0
end_of_record
TN:
SF:packages/react/src/components/CodeSnippet/__tests__/CodeSnippet-test.js
FN:13,(anonymous_0)
FN:72,(anonymous_1)
FN:73,(anonymous_2)
FN:82,(anonymous_3)
FN:92,(anonymous_4)
FN:102,(anonymous_5)
FN:112,(anonymous_6)
FN:122,(anonymous_7)
FN:132,(anonymous_8)
FN:143,(anonymous_9)
FN:144,(anonymous_10)
FN:156,(anonymous_11)
FN:170,(anonymous_12)
FN:171,(anonymous_13)
FN:177,(anonymous_14)
FNF:15
FNH:0
FNDA:0,(anonymous_0)
FNDA:0,(anonymous_1)
FNDA:0,(anonymous_2)
FNDA:0,(anonymous_3)
FNDA:0,(anonymous_4)
FNDA:0,(anonymous_5)
FNDA:0,(anonymous_6)
FNDA:0,(anonymous_7)
FNDA:0,(anonymous_8)
FNDA:0,(anonymous_9)
FNDA:0,(anonymous_10)
FNDA:0,(anonymous_11)
FNDA:0,(anonymous_12)
FNDA:0,(anonymous_13)
FNDA:0,(anonymous_14)
DA:13,0
DA:14,0
DA:17,0
DA:19,0
DA:21,0
DA:42,0
DA:56,0
DA:72,0
DA:73,0
DA:74,0
DA:79,0
DA:82,0
DA:83,0
DA:89,0
DA:92,0
DA:93,0
DA:99,0
DA:102,0
DA:103,0
DA:109,0
DA:112,0
DA:113,0
DA:119,0
DA:122,0
DA:123,0
DA:129,0
DA:132,0
DA:133,0
DA:139,0
DA:143,0
DA:144,0
DA:145,0
DA:146,0
DA:152,0
DA:153,0
DA:156,0
DA:157,0
DA:158,0
DA:164,0
DA:165,0
DA:166,0
DA:170,0
DA:171,0
DA:172,0
DA:174,0
DA:177,0
DA:178,0
DA:180,0
LF:48
LH:0
BRF:0
BRH:0
end_of_record
TN:
SF:packages/react/src/components/CodeSnippet/__tests__/CodeSnippet.Skeleton-test.js
FN:15,(anonymous_0)
FN:16,(anonymous_1)
FN:19,(anonymous_2)
FN:27,(anonymous_3)
FN:36,(anonymous_4)
FN:43,(anonymous_5)
FNF:6
FNH:0
FNDA:0,(anonymous_0)
FNDA:0,(anonymous_1)
FNDA:0,(anonymous_2)
FNDA:0,(anonymous_3)
FNDA:0,(anonymous_4)
FNDA:0,(anonymous_5)
DA:12,0
DA:13,0
DA:15,0
DA:16,0
DA:17,0
DA:20,0
DA:21,0
DA:25,0
DA:28,0
DA:29,0
DA:36,0
DA:37,0
DA:38,0
DA:43,0
DA:44,0
DA:45,0
DA:46,0
LF:17
LH:0
BRF:0
BRH:0
end_of_record
TN:
SF:packages/react/src/components/ComboBox/ComboBox-test.js
FN:25,(anonymous_0)
FN:26,(anonymous_1)
FN:32,(anonymous_2)
FN:39,(anonymous_3)
FN:41,(anonymous_4)
FN:43,(anonymous_5)
FN:44,(anonymous_6)
FN:61,(anonymous_7)
FN:62,(anonymous_8)
FN:67,(anonymous_9)
FN:69,(anonymous_10)
FN:70,(anonymous_11)
FN:80,(anonymous_12)
FN:88,(anonymous_13)
FN:104,(anonymous_14)
FN:116,(anonymous_15)
FN:117,(anonymous_16)
FN:142,(anonymous_17)
FN:148,(anonymous_18)
FN:157,(anonymous_19)
FN:175,(anonymous_20)
FN:195,(anonymous_21)
FN:197,(anonymous_22)
FN:200,(anonymous_23)
FN:206,(anonymous_24)
FN:212,(anonymous_25)
FN:220,(anonymous_26)
FN:235,(anonymous_27)
FN:249,(anonymous_28)
FN:265,(anonymous_29)
FN:266,(anonymous_30)
FN:275,(anonymous_31)
FN:299,(anonymous_32)
FN:310,(anonymous_33)
FN:322,(anonymous_34)
FN:337,(anonymous_35)
FN:344,(anonymous_36)
FN:358,(anonymous_37)
FN:359,(anonymous_38)
FN:370,(anonymous_39)
FN:380,(anonymous_40)
FN:400,(anonymous_41)
FN:418,(anonymous_42)
FN:419,(anonymous_43)
FN:427,(anonymous_44)
FN:441,(anonymous_45)
FN:459,(anonymous_46)
FN:476,(anonymous_47)
FN:477,(anonymous_48)
FN:482,(anonymous_49)
FN:487,(anonymous_50)
FN:492,(anonymous_51)
FN:499,(anonymous_52)
FN:512,(anonymous_53)
FN:523,(anonymous_54)
FN:533,(anonymous_55)
FN:543,(anonymous_56)
FN:554,(anonymous_57)
FN:567,(anonymous_58)
FN:582,(anonymous_59)
FN:603,(anonymous_60)
FN:612,(anonymous_61)
FN:622,(anonymous_62)
FN:633,(anonymous_63)
FN:669,(anonymous_64)
FN:670,(anonymous_65)
FN:682,(anonymous_66)
FN:692,(anonymous_67)
FN:693,(anonymous_68)
FN:705,(anonymous_69)
FN:715,(anonymous_70)
FN:716,(anonymous_71)
FN:722,(anonymous_72)
FN:740,firstListBox
FN:744,secondListBox
FN:766,(anonymous_75)
FN:769,(anonymous_76)
FN:776,(anonymous_77)
FN:785,(anonymous_78)
FN:786,(anonymous_79)
FN:794,(anonymous_80)
FN:805,(anonymous_81)
FN:831,(anonymous_82)
FN:850,(anonymous_83)
FN:870,(anonymous_84)
FN:883,(anonymous_85)
FN:909,(anonymous_86)
FN:922,(anonymous_87)
FN:946,(anonymous_88)
FN:960,(anonymous_89)
FN:964,(anonymous_90)
FN:970,(anonymous_91)
FN:992,(anonymous_92)
FN:1017,(anonymous_93)
FN:1029,(anonymous_94)
FN:1044,(anonymous_95)
FN:1058,(anonymous_96)
FN:1075,(anonymous_97)
FN:1088,(anonymous_98)
FN:1100,(anonymous_99)
FNF:100
FNH:0
FNDA:0,(anonymous_0)
FNDA:0,(anonymous_1)
FNDA:0,(anonymous_2)
FNDA:0,(anonymous_3)
FNDA:0,(anonymous_4)
FNDA:0,(anonymous_5)
FNDA:0,(anonymous_6)
FNDA:0,(anonymous_7)
FNDA:0,(anonymous_8)
FNDA:0,(anonymous_9)
FNDA:0,(anonymous_10)
FNDA:0,(anonymous_11)
FNDA:0,(anonymous_12)
FNDA:0,(anonymous_13)
FNDA:0,(anonymous_14)
FNDA:0,(anonymous_15)
FNDA:0,(anonymous_16)
FNDA:0,(anonymous_17)
FNDA:0,(anonymous_18)
FNDA:0,(anonymous_19)
FNDA:0,(anonymous_20)
FNDA:0,(anonymous_21)
FNDA:0,(anonymous_22)
FNDA:0,(anonymous_23)
FNDA:0,(anonymous_24)
FNDA:0,(anonymous_25)
FNDA:0,(anonymous_26)
FNDA:0,(anonymous_27)
FNDA:0,(anonymous_28)
FNDA:0,(anonymous_29)
FNDA:0,(anonymous_30)
FNDA:0,(anonymous_31)
FNDA:0,(anonymous_32)
FNDA:0,(anonymous_33)
FNDA:0,(anonymous_34)
FNDA:0,(anonymous_35)
FNDA:0,(anonymous_36)
FNDA:0,(anonymous_37)
FNDA:0,(anonymous_38)
FNDA:0,(anonymous_39)
FNDA:0,(anonymous_40)
FNDA:0,(anonymous_41)
FNDA:0,(anonymous_42)
FNDA:0,(anonymous_43)
FNDA:0,(anonymous_44)
FNDA:0,(anonymous_45)
FNDA:0,(anonymous_46)
FNDA:0,(anonymous_47)
FNDA:0,(anonymous_48)
FNDA:0,(anonymous_49)
FNDA:0,(anonymous_50)
FNDA:0,(anonymous_51)
FNDA:0,(anonymous_52)
FNDA:0,(anonymous_53)
FNDA:0,(anonymous_54)
FNDA:0,(anonymous_55)
FNDA:0,(anonymous_56)
FNDA:0,(anonymous_57)
FNDA:0,(anonymous_58)
FNDA:0,(anonymous_59)
FNDA:0,(anonymous_60)
FNDA:0,(anonymous_61)
FNDA:0,(anonymous_62)
FNDA:0,(anonymous_63)
FNDA:0,(anonymous_64)
FNDA:0,(anonymous_65)
FNDA:0,(anonymous_66)
FNDA:0,(anonymous_67)
FNDA:0,(anonymous_68)
FNDA:0,(anonymous_69)
FNDA:0,(anonymous_70)
FNDA:0,(anonymous_71)
FNDA:0,(anonymous_72)
FNDA:0,firstListBox
FNDA:0,secondListBox
FNDA:0,(anonymous_75)
FNDA:0,(anonymous_76)
FNDA:0,(anonymous_77)
FNDA:0,(anonymous_78)
FNDA:0,(anonymous_79)
FNDA:0,(anonymous_80)
FNDA:0,(anonymous_81)
FNDA:0,(anonymous_82)
FNDA:0,(anonymous_83)
FNDA:0,(anonymous_84)
FNDA:0,(anonymous_85)
FNDA:0,(anonymous_86)
FNDA:0,(anonymous_87)
FNDA:0,(anonymous_88)
FNDA:0,(anonymous_89)
FNDA:0,(anonymous_90)
FNDA:0,(anonymous_91)
FNDA:0,(anonymous_92)
FNDA:0,(anonymous_93)
FNDA:0,(anonymous_94)
FNDA:0,(anonymous_95)
FNDA:0,(anonymous_96)
FNDA:0,(anonymous_97)
FNDA:0,(anonymous_98)
FNDA:0,(anonymous_99)
DA:25,0
DA:26,0
DA:27,0
DA:30,0
DA:32,0
DA:33,0
DA:34,0
DA:37,0
DA:38,0
DA:39,0
DA:40,0
DA:41,0
DA:43,0
DA:44,0
DA:47,0
DA:61,0
DA:62,0
DA:67,0
DA:69,0
DA:70,0
DA:71,0
DA:80,0
DA:81,0
DA:83,0
DA:85,0
DA:88,0
DA:89,0
DA:90,0
DA:92,0
DA:93,0
DA:95,0
DA:97,0
DA:98,0
DA:104,0
DA:105,0
DA:106,0
DA:107,0
DA:108,0
DA:109,0
DA:110,0
DA:113,0
DA:116,0
DA:117,0
DA:118,0
DA:122,0
DA:124,0
DA:132,0
DA:133,0
DA:135,0
DA:136,0
DA:137,0
DA:142,0
DA:143,0
DA:145,0
DA:148,0
DA:149,0
DA:151,0
DA:157,0
DA:158,0
DA:160,0
DA:162,0
DA:164,0
DA:166,0
DA:167,0
DA:175,0
DA:176,0
DA:178,0
DA:180,0
DA:182,0
DA:183,0
DA:184,0
DA:186,0
DA:187,0
DA:195,0
DA:197,0
DA:198,0
DA:200,0
DA:201,0
DA:202,0
DA:203,0
DA:206,0
DA:207,0
DA:208,0
DA:209,0
DA:212,0
DA:213,0
DA:214,0
DA:215,0
DA:216,0
DA:217,0
DA:220,0
DA:221,0
DA:228,0
DA:229,0
DA:232,0
DA:235,0
DA:236,0
DA:243,0
DA:244,0
DA:245,0
DA:246,0
DA:249,0
DA:250,0
DA:257,0
DA:258,0
DA:259,0
DA:260,0
DA:261,0
DA:265,0
DA:266,0
DA:267,0
DA:269,0
DA:270,0
DA:272,0
DA:275,0
DA:276,0
DA:277,0
DA:279,0
DA:281,0
DA:282,0
DA:285,0
DA:287,0
DA:289,0
DA:291,0
DA:292,0
DA:293,0
DA:296,0
DA:299,0
DA:300,0
DA:302,0
DA:303,0
DA:305,0
DA:307,0
DA:310,0
DA:311,0
DA:313,0
DA:314,0
DA:315,0
DA:317,0
DA:319,0
DA:322,0
DA:323,0
DA:325,0
DA:327,0
DA:329,0
DA:330,0
DA:331,0
DA:333,0
DA:334,0
DA:337,0
DA:338,0
DA:339,0
DA:340,0
DA:341,0
DA:344,0
DA:345,0
DA:347,0
DA:349,0
DA:350,0
DA:351,0
DA:352,0
DA:358,0
DA:359,0
DA:360,0
DA:363,0
DA:364,0
DA:367,0
DA:370,0
DA:371,0
DA:374,0
DA:375,0
DA:380,0
DA:381,0
DA:383,0
DA:385,0
DA:387,0
DA:388,0
DA:389,0
DA:391,0
DA:393,0
DA:394,0
DA:395,0
DA:397,0
DA:400,0
DA:401,0
DA:402,0
DA:404,0
DA:406,0
DA:407,0
DA:408,0
DA:410,0
DA:412,0
DA:413,0
DA:415,0
DA:418,0
DA:419,0
DA:420,0
DA:423,0
DA:424,0
DA:427,0
DA:429,0
DA:434,0
DA:437,0
DA:438,0
DA:441,0
DA:443,0
DA:446,0
DA:448,0
DA:451,0
DA:456,0
DA:459,0
DA:461,0
DA:464,0
DA:465,0
DA:468,0
DA:472,0
DA:476,0
DA:477,0
DA:478,0
DA:479,0
DA:480,0
DA:482,0
DA:483,0
DA:484,0
DA:485,0
DA:487,0
DA:488,0
DA:489,0
DA:490,0
DA:492,0
DA:493,0
DA:494,0
DA:497,0
DA:499,0
DA:500,0
DA:505,0
DA:508,0
DA:509,0
DA:512,0
DA:514,0
DA:519,0
DA:520,0
DA:521,0
DA:523,0
DA:524,0
DA:525,0
DA:526,0
DA:527,0
DA:528,0
DA:529,0
DA:533,0
DA:534,0
DA:535,0
DA:536,0
DA:537,0
DA:538,0
DA:539,0
DA:543,0
DA:544,0
DA:545,0
DA:546,0
DA:547,0
DA:548,0
DA:549,0
DA:550,0
DA:554,0
DA:555,0
DA:556,0
DA:557,0
DA:558,0
DA:559,0
DA:560,0
DA:563,0
DA:564,0
DA:565,0
DA:567,0
DA:568,0
DA:569,0
DA:570,0
DA:571,0
DA:574,0
DA:575,0
DA:578,0
DA:579,0
DA:580,0
DA:582,0
DA:583,0
DA:584,0
DA:585,0
DA:588,0
DA:589,0
DA:590,0
DA:591,0
DA:592,0
DA:593,0
DA:594,0
DA:595,0
DA:596,0
DA:599,0
DA:600,0
DA:601,0
DA:603,0
DA:604,0
DA:607,0
DA:608,0
DA:609,0
DA:610,0
DA:612,0
DA:613,0
DA:614,0
DA:615,0
DA:616,0
DA:617,0
DA:618,0
DA:619,0
DA:620,0
DA:622,0
DA:623,0
DA:626,0
DA:627,0
DA:628,0
DA:629,0
DA:630,0
DA:631,0
DA:633,0
DA:634,0
DA:637,0
DA:644,0
DA:645,0
DA:646,0
DA:647,0
DA:648,0
DA:649,0
DA:650,0
DA:651,0
DA:659,0
DA:663,0
DA:669,0
DA:670,0
DA:671,0
DA:672,0
DA:673,0
DA:675,0
DA:677,0
DA:679,0
DA:682,0
DA:683,0
DA:684,0
DA:685,0
DA:686,0
DA:692,0
DA:693,0
DA:694,0
DA:695,0
DA:696,0
DA:698,0
DA:700,0
DA:702,0
DA:705,0
DA:706,0
DA:707,0
DA:708,0
DA:709,0
DA:715,0
DA:716,0
DA:717,0
DA:718,0
DA:719,0
DA:722,0
DA:723,0
DA:733,0
DA:734,0
DA:735,0
DA:737,0
DA:738,0
DA:741,0
DA:745,0
DA:748,0
DA:749,0
DA:751,0
DA:753,0
DA:754,0
DA:756,0
DA:758,0
DA:759,0
DA:761,0
DA:763,0
DA:764,0
DA:766,0
DA:767,0
DA:768,0
DA:769,0
DA:770,0
DA:772,0
DA:773,0
DA:776,0
DA:777,0
DA:778,0
DA:779,0
DA:780,0
DA:781,0
DA:785,0
DA:786,0
DA:787,0
DA:788,0
DA:789,0
DA:794,0
DA:795,0
DA:796,0
DA:797,0
DA:798,0
DA:799,0
DA:800,0
DA:805,0
DA:806,0
DA:807,0
DA:808,0
DA:809,0
DA:810,0
DA:811,0
DA:815,0
DA:816,0
DA:818,0
DA:822,0
DA:823,0
DA:825,0
DA:826,0
DA:831,0
DA:832,0
DA:835,0
DA:838,0
DA:841,0
DA:844,0
DA:847,0
DA:850,0
DA:851,0
DA:853,0
DA:855,0
DA:856,0
DA:858,0
DA:859,0
DA:865,0
DA:866,0
DA:867,0
DA:870,0
DA:871,0
DA:873,0
DA:874,0
DA:875,0
DA:877,0
DA:878,0
DA:879,0
DA:880,0
DA:883,0
DA:884,0
DA:885,0
DA:888,0
DA:889,0
DA:891,0
DA:892,0
DA:897,0
DA:898,0
DA:899,0
DA:902,0
DA:906,0
DA:909,0
DA:910,0
DA:911,0
DA:914,0
DA:915,0
DA:918,0
DA:919,0
DA:922,0
DA:923,0
DA:924,0
DA:927,0
DA:928,0
DA:929,0
DA:932,0
DA:933,0
DA:934,0
DA:937,0
DA:942,0
DA:946,0
DA:947,0
DA:957,0
DA:960,0
DA:964,0
DA:965,0
DA:966,0
DA:967,0
DA:968,0
DA:970,0
DA:971,0
DA:972,0
DA:975,0
DA:976,0
DA:979,0
DA:980,0
DA:983,0
DA:984,0
DA:987,0
DA:988,0
DA:989,0
DA:992,0
DA:993,0
DA:994,0
DA:997,0
DA:998,0
DA:1001,0
DA:1002,0
DA:1005,0
DA:1006,0
DA:1009,0
DA:1010,0
DA:1013,0
DA:1014,0
DA:1017,0
DA:1018,0
DA:1019,0
DA:1021,0
DA:1022,0
DA:1024,0
DA:1025,0
DA:1027,0
DA:1029,0
DA:1030,0
DA:1031,0
DA:1034,0
DA:1035,0
DA:1038,0
DA:1040,0
DA:1042,0
DA:1044,0
DA:1045,0
DA:1046,0
DA:1048,0
DA:1049,0
DA:1051,0
DA:1052,0
DA:1054,0
DA:1056,0
DA:1058,0
DA:1059,0
DA:1063,0
DA:1064,0
DA:1066,0
DA:1067,0
DA:1069,0
DA:1070,0
DA:1072,0
DA:1075,0
DA:1076,0
DA:1077,0
DA:1079,0
DA:1080,0
DA:1082,0
DA:1083,0
DA:1085,0
DA:1088,0
DA:1089,0
DA:1090,0
DA:1092,0
DA:1093,0
DA:1095,0
DA:1097,0
DA:1100,0
DA:1101,0
DA:1103,0
DA:1105,0
DA:1106,0
DA:1107,0
DA:1110,0
DA:1111,0
DA:1112,0
DA:1113,0
DA:1114,0
DA:1116,0
DA:1119,0
DA:1120,0
DA:1123,0
DA:1124,0
DA:1127,0
DA:1128,0
DA:1129,0
LF:585
LH:0
BRDA:35,0,0,0
BRDA:35,0,1,0
BRDA:58,1,0,0
BRDA:58,1,1,0
BRDA:960,2,0,0
BRDA:960,2,1,0
BRF:6
BRH:0
end_of_record
TN:
SF:packages/react/src/components/ComboBox/ComboBox.featureflag.stories.js
FN:17,(anonymous_0)
FN:28,(anonymous_1)
FN:58,(anonymous_2)
FN:61,(anonymous_3)
FNF:4
FNH:0
FNDA:0,(anonymous_0)
FNDA:0,(anonymous_1)
FNDA:0,(anonymous_2)
FNDA:0,(anonymous_3)
DA:18,0
DA:28,0
DA:29,0
DA:56,0
DA:61,0
DA:69,0
DA:73,0
LF:7
LH:0
BRDA:61,0,0,0
BRDA:61,0,1,0
BRF:2
BRH:0
end_of_record
TN:
SF:packages/react/src/components/ComboBox/ComboBox.stories.js
FN:158,(anonymous_0)
FN:191,(anonymous_1)
FN:203,(anonymous_2)
FN:204,(anonymous_3)
FN:222,(anonymous_4)
FN:245,(anonymous_5)
FN:249,(anonymous_6)
FN:252,(anonymous_7)
FN:268,(anonymous_8)
FN:270,(anonymous_9)
FN:273,(anonymous_10)
FN:276,(anonymous_11)
FN:288,(anonymous_12)
FN:352,(anonymous_13)
FN:364,(anonymous_14)
FN:380,(anonymous_15)
FN:392,(anonymous_16)
FN:402,(anonymous_17)
FN:403,(anonymous_18)
FN:404,(anonymous_19)
FN:405,(anonymous_20)
FNF:21
FNH:0
FNDA:0,(anonymous_0)
FNDA:0,(anonymous_1)
FNDA:0,(anonymous_2)
FNDA:0,(anonymous_3)
FNDA:0,(anonymous_4)
FNDA:0,(anonymous_5)
FNDA:0,(anonymous_6)
FNDA:0,(anonymous_7)
FNDA:0,(anonymous_8)
FNDA:0,(anonymous_9)
FNDA:0,(anonymous_10)
FNDA:0,(anonymous_11)
FNDA:0,(anonymous_12)
FNDA:0,(anonymous_13)
FNDA:0,(anonymous_14)
FNDA:0,(anonymous_15)
FNDA:0,(anonymous_16)
FNDA:0,(anonymous_17)
FNDA:0,(anonymous_18)
FNDA:0,(anonymous_19)
FNDA:0,(anonymous_20)
DA:19,0
DA:68,0
DA:158,0
DA:159,0
DA:186,0
DA:191,0
DA:201,0
DA:203,0
DA:204,0
DA:205,0
DA:207,0
DA:222,0
DA:223,0
DA:245,0
DA:246,0
DA:252,0
DA:262,0
DA:264,0
DA:268,0
DA:269,0
DA:271,0
DA:276,0
DA:286,0
DA:288,0
DA:290,0
DA:319,0
DA:346,0
DA:352,0
DA:362,0
DA:364,0
DA:365,0
DA:379,0
DA:380,0
DA:381,0
DA:384,0
DA:392,0
DA:402,0
DA:403,0
DA:404,0
DA:405,0
DA:411,0
DA:413,0
LF:42
LH:0
BRDA:191,0,0,0
BRDA:191,0,1,0
BRDA:252,1,0,0
BRDA:252,1,1,0
BRDA:276,2,0,0
BRDA:276,2,1,0
BRDA:352,3,0,0
BRDA:352,3,1,0
BRDA:392,4,0,0
BRDA:392,4,1,0
BRF:10
BRH:0
end_of_record
TN:
SF:packages/react/src/components/ComboBox/tools/filter.js
FN:8,(anonymous_0)
FN:9,(anonymous_1)
FNF:2
FNH:0
FNDA:0,(anonymous_0)
FNDA:0,(anonymous_1)
DA:8,0
DA:9,0
DA:10,0
DA:11,0
DA:13,0
LF:5
LH:0
BRDA:10,0,0,0
BRDA:10,0,1,0
BRF:2
BRH:0
end_of_record
TN:
SF:packages/react/src/components/ComboButton/ComboButton-test.js
FN:20,(anonymous_0)
FN:21,(anonymous_1)
FN:22,(anonymous_2)
FN:32,(anonymous_3)
FN:41,(anonymous_4)
FN:50,(anonymous_5)
FN:59,(anonymous_6)
FN:73,(anonymous_7)
FN:76,(anonymous_8)
FN:77,(anonymous_9)
FN:91,(anonymous_10)
FN:103,(anonymous_11)
FN:104,(anonymous_12)
FN:118,(anonymous_13)
FN:128,(anonymous_14)
FN:129,(anonymous_15)
FN:144,(anonymous_16)
FN:145,(anonymous_17)
FN:161,(anonymous_18)
FN:162,(anonymous_19)
FN:175,(anonymous_20)
FN:190,(anonymous_21)
FNF:22
FNH:0
FNDA:0,(anonymous_0)
FNDA:0,(anonymous_1)
FNDA:0,(anonymous_2)
FNDA:0,(anonymous_3)
FNDA:0,(anonymous_4)
FNDA:0,(anonymous_5)
FNDA:0,(anonymous_6)
FNDA:0,(anonymous_7)
FNDA:0,(anonymous_8)
FNDA:0,(anonymous_9)
FNDA:0,(anonymous_10)
FNDA:0,(anonymous_11)
FNDA:0,(anonymous_12)
FNDA:0,(anonymous_13)
FNDA:0,(anonymous_14)
FNDA:0,(anonymous_15)
FNDA:0,(anonymous_16)
FNDA:0,(anonymous_17)
FNDA:0,(anonymous_18)
FNDA:0,(anonymous_19)
FNDA:0,(anonymous_20)
FNDA:0,(anonymous_21)
DA:18,0
DA:20,0
DA:21,0
DA:22,0
DA:23,0
DA:24,0
DA:29,0
DA:32,0
DA:33,0
DA:38,0
DA:41,0
DA:42,0
DA:47,0
DA:50,0
DA:51,0
DA:56,0
DA:59,0
DA:60,0
DA:67,0
DA:70,0
DA:73,0
DA:74,0
DA:76,0
DA:77,0
DA:78,0
DA:84,0
DA:91,0
DA:92,0
DA:103,0
DA:104,0
DA:105,0
DA:111,0
DA:118,0
DA:119,0
DA:128,0
DA:129,0
DA:130,0
DA:136,0
DA:137,0
DA:144,0
DA:145,0
DA:147,0
DA:153,0
DA:154,0
DA:155,0
DA:157,0
DA:161,0
DA:162,0
DA:163,0
DA:164,0
DA:170,0
DA:171,0
DA:172,0
DA:175,0
DA:176,0
DA:182,0
DA:184,0
DA:185,0
DA:190,0
DA:191,0
DA:199,0
LF:61
LH:0
BRF:0
BRH:0
end_of_record
TN:
SF:packages/react/src/components/ComboButton/ComboButton.featureflag.stories.js
FN:18,(anonymous_0)
FN:29,(anonymous_1)
FNF:2
FNH:0
FNDA:0,(anonymous_0)
FNDA:0,(anonymous_1)
DA:19,0
DA:29,0
DA:30,0
DA:39,0
DA:43,0
LF:5
LH:0
BRF:0
BRH:0
end_of_record
TN:
SF:packages/react/src/components/ComboButton/ComboButton.stories.js
FN:49,(anonymous_0)
FN:70,(anonymous_1)
FN:88,(anonymous_2)
FN:102,(anonymous_3)
FN:113,(anonymous_4)
FNF:5
FNH:0
FNDA:0,(anonymous_0)
FNDA:0,(anonymous_1)
FNDA:0,(anonymous_2)
FNDA:0,(anonymous_3)
FNDA:0,(anonymous_4)
DA:31,0
DA:49,0
DA:50,0
DA:68,0
DA:70,0
DA:71,0
DA:86,0
DA:88,0
DA:89,0
DA:100,0
DA:102,0
DA:103,0
DA:111,0
DA:113,0
DA:114,0
LF:15
LH:0
BRF:0
BRH:0
end_of_record
TN:
SF:packages/react/src/components/ComposedModal/ComposedModal-test.js
FN:21,(anonymous_0)
FN:22,(anonymous_1)
FN:23,(anonymous_2)
FN:31,(anonymous_3)
FN:39,(anonymous_4)
FN:49,(anonymous_5)
FN:57,(anonymous_6)
FN:66,(anonymous_7)
FN:84,(anonymous_8)
FN:102,(anonymous_9)
FN:116,(anonymous_10)
FN:117,(anonymous_11)
FN:132,(anonymous_12)
FN:146,(anonymous_13)
FN:167,(anonymous_14)
FN:168,ComposedModalExample
FN:172,(anonymous_16)
FN:203,(anonymous_17)
FN:204,ComposedModalExample
FN:208,(anonymous_19)
FN:240,(anonymous_20)
FN:241,ComposedModalExample
FN:245,(anonymous_22)
FN:281,(anonymous_23)
FN:282,ComposedModalExample
FN:286,(anonymous_25)
FN:314,(anonymous_26)
FN:327,(anonymous_27)
FN:347,(anonymous_28)
FN:364,(anonymous_29)
FN:365,(anonymous_30)
FN:384,(anonymous_31)
FN:400,(anonymous_32)
FN:412,(anonymous_33)
FNF:34
FNH:0
FNDA:0,(anonymous_0)
FNDA:0,(anonymous_1)
FNDA:0,(anonymous_2)
FNDA:0,(anonymous_3)
FNDA:0,(anonymous_4)
FNDA:0,(anonymous_5)
FNDA:0,(anonymous_6)
FNDA:0,(anonymous_7)
FNDA:0,(anonymous_8)
FNDA:0,(anonymous_9)
FNDA:0,(anonymous_10)
FNDA:0,(anonymous_11)
FNDA:0,(anonymous_12)
FNDA:0,(anonymous_13)
FNDA:0,(anonymous_14)
FNDA:0,ComposedModalExample
FNDA:0,(anonymous_16)
FNDA:0,(anonymous_17)
FNDA:0,ComposedModalExample
FNDA:0,(anonymous_19)
FNDA:0,(anonymous_20)
FNDA:0,ComposedModalExample
FNDA:0,(anonymous_22)
FNDA:0,(anonymous_23)
FNDA:0,ComposedModalExample
FNDA:0,(anonymous_25)
FNDA:0,(anonymous_26)
FNDA:0,(anonymous_27)
FNDA:0,(anonymous_28)
FNDA:0,(anonymous_29)
FNDA:0,(anonymous_30)
FNDA:0,(anonymous_31)
FNDA:0,(anonymous_32)
FNDA:0,(anonymous_33)
DA:19,0
DA:21,0
DA:22,0
DA:23,0
DA:24,0
DA:26,0
DA:31,0
DA:32,0
DA:34,0
DA:39,0
DA:40,0
DA:46,0
DA:49,0
DA:50,0
DA:52,0
DA:57,0
DA:58,0
DA:60,0
DA:66,0
DA:67,0
DA:78,0
DA:84,0
DA:85,0
DA:97,0
DA:102,0
DA:103,0
DA:104,0
DA:111,0
DA:113,0
DA:116,0
DA:117,0
DA:118,0
DA:125,0
DA:127,0
DA:132,0
DA:133,0
DA:140,0
DA:141,0
DA:146,0
DA:147,0
DA:156,0
DA:160,0
DA:162,0
DA:167,0
DA:169,0
DA:170,0
DA:172,0
DA:192,0
DA:194,0
DA:196,0
DA:197,0
DA:199,0
DA:200,0
DA:203,0
DA:205,0
DA:206,0
DA:208,0
DA:229,0
DA:231,0
DA:233,0
DA:234,0
DA:236,0
DA:237,0
DA:240,0
DA:242,0
DA:243,0
DA:245,0
DA:270,0
DA:272,0
DA:274,0
DA:275,0
DA:277,0
DA:278,0
DA:281,0
DA:283,0
DA:284,0
DA:286,0
DA:303,0
DA:305,0
DA:307,0
DA:308,0
DA:310,0
DA:311,0
DA:314,0
DA:315,0
DA:322,0
DA:327,0
DA:328,0
DA:340,0
DA:341,0
DA:344,0
DA:347,0
DA:348,0
DA:360,0
DA:364,0
DA:365,0
DA:366,0
DA:378,0
DA:381,0
DA:384,0
DA:385,0
DA:386,0
DA:395,0
DA:396,0
DA:397,0
DA:400,0
DA:401,0
DA:402,0
DA:407,0
DA:408,0
DA:409,0
DA:412,0
DA:413,0
DA:414,0
DA:422,0
DA:423,0
DA:425,0
DA:426,0
DA:428,0
LF:119
LH:0
BRF:0
BRH:0
end_of_record
TN:
SF:packages/react/src/components/ComposedModal/ComposedModal.featureflag.stories.js
FN:40,(anonymous_0)
FN:48,(anonymous_1)
FN:52,(anonymous_2)
FN:53,(anonymous_3)
FNF:4
FNH:0
FNDA:0,(anonymous_0)
FNDA:0,(anonymous_1)
FNDA:0,(anonymous_2)
FNDA:0,(anonymous_3)
DA:41,0
DA:48,0
DA:49,0
DA:50,0
DA:52,0
DA:53,0
DA:87,0
LF:7
LH:0
BRF:0
BRH:0
end_of_record
TN:
SF:packages/react/src/components/ComposedModal/ComposedModal.stories.js
FN:81,(anonymous_0)
FN:85,(anonymous_1)
FN:86,(anonymous_2)
FN:122,(anonymous_3)
FN:126,(anonymous_4)
FN:127,(anonymous_5)
FN:187,(anonymous_6)
FN:191,(anonymous_7)
FN:192,(anonymous_8)
FN:200,(anonymous_9)
FN:206,(anonymous_10)
FN:225,(anonymous_11)
FN:226,(anonymous_12)
FN:230,(anonymous_13)
FN:233,(anonymous_14)
FN:263,(anonymous_15)
FN:267,(anonymous_16)
FN:268,(anonymous_17)
FN:327,(anonymous_18)
FN:336,(anonymous_19)
FN:341,(anonymous_20)
FN:342,(anonymous_21)
FN:343,(anonymous_22)
FN:349,(anonymous_23)
FN:358,(anonymous_24)
FN:365,(anonymous_25)
FN:366,(anonymous_26)
FN:431,(anonymous_27)
FN:435,(anonymous_28)
FN:438,(anonymous_29)
FNF:30
FNH:0
FNDA:0,(anonymous_0)
FNDA:0,(anonymous_1)
FNDA:0,(anonymous_2)
FNDA:0,(anonymous_3)
FNDA:0,(anonymous_4)
FNDA:0,(anonymous_5)
FNDA:0,(anonymous_6)
FNDA:0,(anonymous_7)
FNDA:0,(anonymous_8)
FNDA:0,(anonymous_9)
FNDA:0,(anonymous_10)
[...]
DA:35,0
DA:37,0
DA:38,0
DA:39,0
DA:40,0
DA:41,0
DA:42,0
DA:45,0
DA:46,0
DA:49,0
DA:51,0
DA:53,0
DA:55,0
DA:56,0
DA:57,0
DA:58,0
DA:61,0
DA:62,0
DA:63,0
DA:64,0
DA:65,0
DA:66,0
DA:68,0
DA:70,0
DA:71,0
DA:74,0
DA:75,0
DA:76,0
DA:77,0
DA:78,0
DA:80,0
LF:40
LH:0
BRDA:46,0,0,0
BRDA:46,0,1,0
BRDA:46,0,2,0
BRDA:70,1,0,0
BRDA:70,1,1,0
BRF:5
BRH:0
end_of_record
TN:
SF:packages/upgrade/src/jscodeshift.js
FN:10,run
FNF:1
FNH:0
FNDA:0,run
DA:18,0
DA:19,0
LF:2
LH:0
BRDA:13,0,0,0
BRDA:15,1,0,0
BRDA:65,2,0,0
BRDA:65,2,1,0
BRF:4
BRH:0
end_of_record
TN:
SF:packages/upgrade/src/logger.js
FN:23,getColor
FN:58,(anonymous_1)
FN:61,(anonymous_2)
FN:64,(anonymous_3)
FN:69,log
FN:77,(anonymous_5)
FNF:6
FNH:0
FNDA:0,getColor
FNDA:0,(anonymous_1)
FNDA:0,(anonymous_2)
FNDA:0,(anonymous_3)
FNDA:0,log
FNDA:0,(anonymous_5)
DA:10,0
DA:24,0
DA:26,0
DA:28,0
DA:31,0
DA:34,0
DA:36,0
DA:40,0
DA:53,0
DA:59,0
DA:60,0
DA:62,0
DA:65,0
DA:70,0
DA:71,0
DA:72,0
DA:76,0
DA:77,0
DA:78,0
DA:82,0
DA:86,0
LF:21
LH:0
BRDA:24,0,0,0
BRDA:24,0,1,0
BRDA:24,0,2,0
BRDA:24,0,3,0
BRDA:24,0,4,0
BRDA:24,0,5,0
BRDA:24,0,6,0
BRDA:40,1,0,0
BRDA:40,1,1,0
BRDA:58,2,0,0
BRDA:70,3,0,0
BRDA:70,3,1,0
BRF:12
BRH:0
end_of_record
TN:
SF:packages/upgrade/src/upgrades.js
FN:40,(anonymous_0)
FN:59,(anonymous_1)
FN:151,(anonymous_2)
FN:181,(anonymous_3)
FN:208,(anonymous_4)
FN:236,(anonymous_5)
FN:267,(anonymous_6)
FN:307,(anonymous_7)
FN:348,(anonymous_8)
FN:391,(anonymous_9)
FN:433,(anonymous_10)
FN:488,(anonymous_11)
FN:524,(anonymous_12)
FN:574,(anonymous_13)
FN:610,(anonymous_14)
FN:640,(anonymous_15)
FN:708,(anonymous_16)
FNF:17
FNH:0
FNDA:0,(anonymous_0)
FNDA:0,(anonymous_1)
FNDA:0,(anonymous_2)
FNDA:0,(anonymous_3)
FNDA:0,(anonymous_4)
FNDA:0,(anonymous_5)
FNDA:0,(anonymous_6)
FNDA:0,(anonymous_7)
FNDA:0,(anonymous_8)
FNDA:0,(anonymous_9)
FNDA:0,(anonymous_10)
FNDA:0,(anonymous_11)
FNDA:0,(anonymous_12)
FNDA:0,(anonymous_13)
FNDA:0,(anonymous_14)
FNDA:0,(anonymous_15)
FNDA:0,(anonymous_16)
DA:12,0
DA:33,0
DA:41,0
DA:60,0
DA:72,0
DA:152,0
DA:157,0
DA:170,0
DA:182,0
DA:184,0
DA:197,0
DA:209,0
DA:211,0
DA:224,0
DA:237,0
DA:242,0
DA:255,0
DA:268,0
DA:273,0
DA:286,0
DA:308,0
DA:313,0
DA:326,0
DA:349,0
DA:354,0
DA:367,0
DA:392,0
DA:397,0
DA:414,0
DA:434,0
DA:439,0
DA:452,0
DA:489,0
DA:494,0
DA:511,0
DA:525,0
DA:527,0
DA:540,0
DA:575,0
DA:580,0
DA:597,0
DA:611,0
DA:616,0
DA:629,0
DA:641,0
DA:646,0
DA:659,0
DA:709,0
DA:714,0
DA:731,0
LF:50
LH:0
BRDA:157,0,0,0
BRDA:157,0,1,0
BRDA:157,1,0,0
BRDA:157,1,1,0
BRDA:184,2,0,0
BRDA:184,2,1,0
BRDA:184,3,0,0
BRDA:184,3,1,0
BRDA:211,4,0,0
BRDA:211,4,1,0
BRDA:211,5,0,0
BRDA:211,5,1,0
BRDA:242,6,0,0
BRDA:242,6,1,0
BRDA:242,7,0,0
BRDA:242,7,1,0
BRDA:273,8,0,0
BRDA:273,8,1,0
BRDA:273,9,0,0
BRDA:273,9,1,0
BRDA:313,10,0,0
BRDA:313,10,1,0
BRDA:313,11,0,0
BRDA:313,11,1,0
BRDA:354,12,0,0
BRDA:354,12,1,0
BRDA:354,13,0,0
BRDA:354,13,1,0
BRDA:397,14,0,0
BRDA:397,14,1,0
BRDA:397,15,0,0
BRDA:397,15,1,0
BRDA:439,16,0,0
BRDA:439,16,1,0
BRDA:439,17,0,0
BRDA:439,17,1,0
BRDA:494,18,0,0
BRDA:494,18,1,0
BRDA:494,19,0,0
BRDA:494,19,1,0
BRDA:527,20,0,0
BRDA:527,20,1,0
BRDA:527,21,0,0
BRDA:527,21,1,0
BRDA:580,22,0,0
BRDA:580,22,1,0
BRDA:580,23,0,0
BRDA:580,23,1,0
BRDA:616,24,0,0
BRDA:616,24,1,0
BRDA:616,25,0,0
BRDA:616,25,1,0
BRDA:646,26,0,0
BRDA:646,26,1,0
BRDA:646,27,0,0
BRDA:646,27,1,0
BRDA:714,28,0,0
BRDA:714,28,1,0
BRDA:714,29,0,0
BRDA:714,29,1,0
BRF:60
BRH:0
end_of_record
TN:
SF:packages/upgrade/src/workspace.js
FN:22,(anonymous_0)
FN:27,visit
FN:37,(anonymous_2)
FN:61,(anonymous_3)
FN:65,(anonymous_4)
FN:74,(anonymous_5)
FN:78,(anonymous_6)
FN:79,(anonymous_7)
FN:84,(anonymous_8)
FN:92,(anonymous_9)
FN:102,(anonymous_10)
FN:107,loadWorkspace
FN:146,(anonymous_12)
FN:150,(anonymous_13)
FN:152,(anonymous_14)
FN:184,ancestors
FN:205,getAvailableWorkspaces
FN:206,(anonymous_17)
FN:216,(anonymous_18)
FN:226,(anonymous_19)
FN:232,(anonymous_20)
FN:233,(anonymous_21)
FN:253,(anonymous_22)
FN:254,(anonymous_23)
FN:266,(anonymous_24)
FN:267,(anonymous_25)
FN:284,(anonymous_26)
FN:288,(anonymous_27)
FNF:28
FNH:0
FNDA:0,(anonymous_0)
FNDA:0,visit
FNDA:0,(anonymous_2)
FNDA:0,(anonymous_3)
FNDA:0,(anonymous_4)
FNDA:0,(anonymous_5)
FNDA:0,(anonymous_6)
FNDA:0,(anonymous_7)
FNDA:0,(anonymous_8)
FNDA:0,(anonymous_9)
FNDA:0,(anonymous_10)
FNDA:0,loadWorkspace
FNDA:0,(anonymous_12)
FNDA:0,(anonymous_13)
FNDA:0,(anonymous_14)
FNDA:0,ancestors
FNDA:0,getAvailableWorkspaces
FNDA:0,(anonymous_17)
FNDA:0,(anonymous_18)
FNDA:0,(anonymous_19)
FNDA:0,(anonymous_20)
FNDA:0,(anonymous_21)
FNDA:0,(anonymous_22)
FNDA:0,(anonymous_23)
FNDA:0,(anonymous_24)
FNDA:0,(anonymous_25)
FNDA:0,(anonymous_26)
FNDA:0,(anonymous_27)
DA:23,0
DA:24,0
DA:25,0
DA:28,0
DA:30,0
DA:31,0
DA:34,0
DA:36,0
DA:37,0
DA:38,0
DA:39,0
DA:43,0
DA:46,0
DA:47,0
DA:48,0
DA:49,0
DA:51,0
DA:52,0
DA:53,0
DA:58,0
DA:62,0
DA:66,0
DA:67,0
DA:68,0
DA:69,0
DA:70,0
DA:71,0
DA:75,0
DA:79,0
DA:80,0
DA:85,0
DA:86,0
DA:87,0
DA:89,0
DA:93,0
DA:94,0
DA:95,0
DA:98,0
DA:103,0
DA:108,0
DA:110,0
DA:111,0
DA:114,0
DA:115,0
DA:116,0
DA:118,0
DA:119,0
DA:120,0
DA:123,0
DA:124,0
DA:132,0
DA:133,0
DA:137,0
DA:142,0
DA:145,0
DA:146,0
DA:151,0
DA:153,0
DA:158,0
DA:168,0
DA:177,0
DA:185,0
DA:186,0
DA:188,0
DA:189,0
DA:191,0
DA:192,0
DA:194,0
DA:198,0
DA:206,0
DA:207,0
DA:217,0
DA:220,0
DA:227,0
DA:228,0
DA:229,0
DA:233,0
DA:234,0
DA:235,0
DA:237,0
DA:240,0
DA:241,0
DA:246,0
DA:247,0
DA:248,0
DA:250,0
DA:254,0
DA:255,0
DA:258,0
DA:259,0
DA:260,0
DA:262,0
DA:267,0
DA:268,0
DA:269,0
DA:271,0
DA:274,0
DA:275,0
DA:278,0
DA:279,0
DA:280,0
DA:285,0
DA:289,0
LF:103
LH:0
BRDA:30,0,0,0
BRDA:30,0,1,0
BRDA:36,1,0,0
BRDA:36,1,1,0
BRDA:48,2,0,0
BRDA:48,2,1,0
BRDA:52,3,0,0
BRDA:52,3,1,0
BRDA:85,4,0,0
BRDA:85,4,1,0
BRDA:93,5,0,0
BRDA:93,5,1,0
BRDA:110,6,0,0
BRDA:110,6,1,0
BRDA:119,7,0,0
BRDA:119,7,1,0
BRDA:132,8,0,0
BRDA:132,8,1,0
BRDA:133,9,0,0
BRDA:133,9,1,0
BRDA:134,10,0,0
BRDA:134,10,1,0
BRDA:142,11,0,0
BRDA:142,11,1,0
BRDA:191,12,0,0
BRDA:191,12,1,0
BRDA:232,13,0,0
BRDA:234,14,0,0
BRDA:234,14,1,0
BRDA:240,15,0,0
BRDA:240,15,1,0
BRDA:247,16,0,0
BRDA:247,16,1,0
BRDA:258,17,0,0
BRDA:258,17,1,0
BRDA:268,18,0,0
BRDA:268,18,1,0
BRDA:274,19,0,0
BRDA:274,19,1,0
BRF:39
BRH:0
end_of_record
TN:
SF:packages/upgrade/src/__tests__/workspace-test.js
FN:14,setupWorkspace
FN:15,(anonymous_1)
FN:32,(anonymous_2)
FN:33,(anonymous_3)
FN:37,(anonymous_4)
FN:50,(anonymous_5)
FN:77,(anonymous_6)
FNF:7
FNH:0
FNDA:0,setupWorkspace
FNDA:0,(anonymous_1)
FNDA:0,(anonymous_2)
FNDA:0,(anonymous_3)
FNDA:0,(anonymous_4)
FNDA:0,(anonymous_5)
FNDA:0,(anonymous_6)
DA:12,0
DA:15,0
DA:16,0
DA:17,0
DA:21,0
DA:27,0
DA:29,0
DA:32,0
DA:33,0
DA:34,0
DA:37,0
DA:38,0
DA:39,0
DA:47,0
DA:50,0
DA:51,0
DA:52,0
DA:75,0
DA:76,0
DA:77,0
LF:20
LH:0
BRF:0
BRH:0
end_of_record
TN:
SF:packages/upgrade/src/commands/migrate.js
FN:13,migrate
FN:17,(anonymous_1)
FN:20,(anonymous_2)
FN:42,(anonymous_3)
FN:66,listMigrations
FN:78,runMigration
FN:94,(anonymous_6)
FN:98,(anonymous_7)
FN:108,getSelectedWorkspace
FNF:9
FNH:0
FNDA:0,migrate
FNDA:0,(anonymous_1)
FNDA:0,(anonymous_2)
FNDA:0,(anonymous_3)
FNDA:0,listMigrations
FNDA:0,runMigration
FNDA:0,(anonymous_6)
FNDA:0,(anonymous_7)
FNDA:0,getSelectedWorkspace
DA:14,0
DA:16,0
DA:18,0
DA:21,0
DA:24,0
DA:25,0
DA:26,0
DA:30,0
DA:31,0
DA:32,0
DA:35,0
DA:36,0
DA:37,0
DA:41,0
DA:42,0
DA:43,0
DA:46,0
DA:47,0
DA:51,0
DA:53,0
DA:56,0
DA:58,0
DA:67,0
DA:68,0
DA:69,0
DA:79,0
DA:81,0
DA:87,0
DA:89,0
DA:90,0
DA:91,0
DA:92,0
DA:94,0
DA:95,0
DA:98,0
DA:99,0
DA:110,0
DA:111,0
DA:116,0
DA:125,0
LF:40
LH:0
BRDA:13,0,0,0
BRDA:18,1,0,0
BRDA:18,1,1,0
BRDA:24,2,0,0
BRDA:24,2,1,0
BRDA:24,3,0,0
BRDA:24,3,1,0
BRDA:30,4,0,0
BRDA:30,4,1,0
BRDA:36,5,0,0
BRDA:36,5,1,0
BRDA:41,6,0,0
BRDA:41,6,1,0
BRDA:46,7,0,0
BRDA:46,7,1,0
BRDA:89,8,0,0
BRDA:89,8,1,0
BRDA:89,9,0,0
BRDA:89,9,1,0
BRDA:110,10,0,0
BRDA:110,10,1,0
BRF:21
BRH:0
end_of_record
TN:
SF:packages/upgrade/src/commands/upgrade.js
FN:14,upgrade
FN:25,(anonymous_1)
FN:28,(anonymous_2)
FN:29,(anonymous_3)
FN:111,getSelectedWorkspace
FN:135,getSelectedUpgrade
FN:159,(anonymous_6)
FN:173,(anonymous_7)
FNF:8
FNH:0
FNDA:0,upgrade
FNDA:0,(anonymous_1)
FNDA:0,(anonymous_2)
FNDA:0,(anonymous_3)
FNDA:0,getSelectedWorkspace
FNDA:0,getSelectedUpgrade
FNDA:0,(anonymous_6)
FNDA:0,(anonymous_7)
DA:15,0
DA:17,0
DA:18,0
DA:20,0
DA:21,0
DA:24,0
DA:25,0
DA:26,0
DA:28,0
DA:29,0
DA:30,0
DA:33,0
DA:34,0
DA:37,0
DA:41,0
DA:42,0
DA:43,0
DA:46,0
DA:47,0
DA:48,0
DA:49,0
DA:52,0
DA:58,0
DA:60,0
DA:61,0
DA:63,0
DA:64,0
DA:66,0
DA:67,0
DA:70,0
DA:71,0
DA:77,0
DA:78,0
DA:83,0
DA:84,0
DA:85,0
DA:86,0
DA:87,0
DA:89,0
DA:90,0
DA:94,0
DA:95,0
DA:96,0
DA:97,0
DA:99,0
DA:113,0
DA:114,0
DA:119,0
DA:128,0
DA:136,0
DA:137,0
DA:138,0
DA:147,0
DA:148,0
DA:151,0
DA:154,0
DA:160,0
DA:169,0
DA:170,0
DA:173,0
DA:174,0
LF:61
LH:0
BRDA:14,0,0,0
BRDA:20,1,0,0
BRDA:20,1,1,0
BRDA:33,2,0,0
BRDA:33,2,1,0
BRDA:41,3,0,0
BRDA:41,3,1,0
BRDA:47,4,0,0
BRDA:47,4,1,0
BRDA:66,5,0,0
BRDA:66,5,1,0
BRDA:70,6,0,0
BRDA:70,6,1,0
BRDA:77,7,0,0
BRDA:77,7,1,0
BRDA:83,8,0,0
BRDA:83,8,1,0
BRDA:85,9,0,0
BRDA:85,9,1,0
BRDA:95,10,0,0
BRDA:95,10,1,0
BRDA:95,11,0,0
BRDA:95,11,1,0
BRDA:113,12,0,0
BRDA:113,12,1,0
BRDA:136,13,0,0
BRDA:136,13,1,0
BRDA:147,14,0,0
BRDA:147,14,1,0
BRDA:169,15,0,0
BRDA:169,15,1,0
BRDA:169,16,0,0
BRDA:169,16,1,0
BRF:33
BRH:0
end_of_record
TN:
SF:packages/upgrade/src/commands/__tests__/upgrade-test.js
FN:24,(anonymous_0)
FN:40,(anonymous_1)
FN:42,(anonymous_2)
FN:53,(anonymous_3)
FN:71,(anonymous_4)
FN:79,(anonymous_5)
FN:91,(anonymous_6)
FN:113,(anonymous_7)
FN:121,(anonymous_8)
FN:129,(anonymous_9)
FN:150,(anonymous_10)
FN:159,(anonymous_11)
FN:164,(anonymous_12)
FN:172,(anonymous_13)
FN:176,(anonymous_14)
FN:184,(anonymous_15)
FN:194,(anonymous_16)
FN:234,(anonymous_17)
FN:302,(anonymous_18)
FN:320,(anonymous_19)
FN:371,(anonymous_20)
FN:372,(anonymous_21)
FN:418,(anonymous_22)
FN:457,(anonymous_23)
FNF:24
FNH:0
FNDA:0,(anonymous_0)
FNDA:0,(anonymous_1)
FNDA:0,(anonymous_2)
FNDA:0,(anonymous_3)
FNDA:0,(anonymous_4)
FNDA:0,(anonymous_5)
FNDA:0,(anonymous_6)
FNDA:0,(anonymous_7)
FNDA:0,(anonymous_8)
FNDA:0,(anonymous_9)
FNDA:0,(anonymous_10)
FNDA:0,(anonymous_11)
FNDA:0,(anonymous_12)
FNDA:0,(anonymous_13)
FNDA:0,(anonymous_14)
FNDA:0,(anonymous_15)
FNDA:0,(anonymous_16)
FNDA:0,(anonymous_17)
FNDA:0,(anonymous_18)
FNDA:0,(anonymous_19)
FNDA:0,(anonymous_20)
FNDA:0,(anonymous_21)
FNDA:0,(anonymous_22)
FNDA:0,(anonymous_23)
DA:13,0
DA:19,0
DA:25,0
DA:26,0
DA:27,0
DA:29,0
DA:31,0
DA:33,0
DA:41,0
DA:43,0
DA:46,0
DA:54,0
DA:72,0
DA:73,0
DA:74,0
DA:75,0
DA:76,0
DA:80,0
DA:81,0
DA:82,0
DA:92,0
DA:93,0
DA:94,0
DA:95,0
DA:96,0
DA:99,0
DA:104,0
DA:106,0
DA:114,0
DA:122,0
DA:126,0
DA:130,0
DA:138,0
DA:151,0
DA:159,0
DA:164,0
DA:165,0
DA:166,0
DA:167,0
DA:168,0
DA:169,0
DA:172,0
DA:173,0
DA:176,0
DA:177,0
DA:184,0
DA:185,0
DA:190,0
DA:191,0
DA:194,0
DA:195,0
DA:203,0
DA:207,0
DA:209,0
DA:228,0
DA:234,0
DA:235,0
DA:244,0
DA:248,0
DA:250,0
DA:296,0
DA:302,0
DA:303,0
DA:308,0
DA:315,0
DA:316,0
DA:317,0
DA:320,0
DA:321,0
DA:326,0
DA:335,0
DA:339,0
DA:340,0
DA:341,0
DA:362,0
DA:371,0
DA:372,0
DA:373,0
DA:381,0
DA:385,0
DA:387,0
DA:409,0
DA:418,0
DA:419,0
DA:427,0
DA:431,0
DA:433,0
DA:451,0
DA:457,0
DA:458,0
DA:466,0
DA:470,0
DA:472,0
DA:493,0
LF:94
LH:0
BRDA:72,0,0,0
BRDA:72,0,1,0
BRDA:92,1,0,0
BRDA:92,1,1,0
BRDA:150,2,0,0
BRF:5
BRH:0
end_of_record
TN:
SF:packages/utilities-react/src/useNoInteractiveChildren/index-test.js
FN:12,(anonymous_0)
FN:13,(anonymous_1)
FN:14,TestComponent
FN:20,(anonymous_3)
FN:25,(anonymous_4)
FN:26,TestComponent
FN:36,(anonymous_6)
FN:38,(anonymous_7)
FNF:8
FNH:0
FNDA:0,(anonymous_0)
FNDA:0,(anonymous_1)
FNDA:0,TestComponent
FNDA:0,(anonymous_3)
FNDA:0,(anonymous_4)
FNDA:0,TestComponent
FNDA:0,(anonymous_6)
FNDA:0,(anonymous_7)
DA:12,0
DA:13,0
DA:15,0
DA:16,0
DA:17,0
DA:20,0
DA:21,0
DA:25,0
DA:27,0
DA:28,0
DA:29,0
DA:36,0
DA:38,0
DA:39,0
DA:42,0
DA:43,0
LF:16
LH:0
BRF:0
BRH:0
end_of_record
TN:
SF:packages/utilities/src/dateTimeFormat/absolute-test.js
FN:16,(anonymous_0)
FN:17,(anonymous_1)
FN:18,(anonymous_2)
FN:22,(anonymous_3)
FN:29,(anonymous_4)
FN:30,(anonymous_5)
FN:34,(anonymous_6)
FN:41,(anonymous_7)
FN:42,(anonymous_8)
FN:49,(anonymous_9)
FN:57,(anonymous_10)
FN:58,(anonymous_11)
FN:62,(anonymous_12)
FN:80,(anonymous_13)
FN:86,(anonymous_14)
FN:87,(anonymous_15)
FN:94,(anonymous_16)
FN:102,(anonymous_17)
FN:103,(anonymous_18)
FN:110,(anonymous_19)
FN:120,(anonymous_20)
FN:128,(anonymous_21)
FNF:22
FNH:0
FNDA:0,(anonymous_0)
FNDA:0,(anonymous_1)
FNDA:0,(anonymous_2)
FNDA:0,(anonymous_3)
FNDA:0,(anonymous_4)
FNDA:0,(anonymous_5)
FNDA:0,(anonymous_6)
FNDA:0,(anonymous_7)
FNDA:0,(anonymous_8)
FNDA:0,(anonymous_9)
FNDA:0,(anonymous_10)
FNDA:0,(anonymous_11)
FNDA:0,(anonymous_12)
FNDA:0,(anonymous_13)
FNDA:0,(anonymous_14)
FNDA:0,(anonymous_15)
FNDA:0,(anonymous_16)
FNDA:0,(anonymous_17)
FNDA:0,(anonymous_18)
FNDA:0,(anonymous_19)
FNDA:0,(anonymous_20)
FNDA:0,(anonymous_21)
DA:10,0
DA:11,0
DA:12,0
DA:13,0
DA:14,0
DA:16,0
DA:17,0
DA:18,0
DA:19,0
DA:20,0
DA:22,0
DA:23,0
DA:24,0
DA:29,0
DA:30,0
DA:31,0
DA:32,0
DA:34,0
DA:35,0
DA:36,0
DA:41,0
DA:42,0
DA:43,0
DA:47,0
DA:49,0
DA:50,0
DA:54,0
DA:57,0
DA:58,0
DA:59,0
DA:60,0
DA:62,0
DA:63,0
DA:68,0
DA:74,0
DA:78,0
DA:80,0
DA:81,0
DA:82,0
DA:86,0
DA:87,0
DA:88,0
DA:92,0
DA:94,0
DA:95,0
DA:99,0
DA:102,0
DA:103,0
DA:104,0
DA:108,0
DA:110,0
DA:111,0
DA:116,0
DA:120,0
DA:121,0
DA:126,0
DA:128,0
DA:129,0
DA:134,0
LF:59
LH:0
BRDA:105,0,0,0
BRDA:105,0,1,0
BRDA:106,1,0,0
BRDA:106,1,1,0
BRF:4
BRH:0
end_of_record
TN:
SF:packages/utilities/src/dateTimeFormat/relative-test.js
FN:27,(anonymous_0)
FN:28,(anonymous_1)
FN:29,(anonymous_2)
FN:34,(anonymous_3)
FN:44,(anonymous_4)
FN:48,(anonymous_5)
FN:56,(anonymous_6)
FNF:7
FNH:0
FNDA:0,(anonymous_0)
FNDA:0,(anonymous_1)
FNDA:0,(anonymous_2)
FNDA:0,(anonymous_3)
FNDA:0,(anonymous_4)
FNDA:0,(anonymous_5)
FNDA:0,(anonymous_6)
DA:10,0
DA:11,0
DA:12,0
DA:27,0
DA:28,0
DA:29,0
DA:30,0
DA:34,0
DA:35,0
DA:39,0
DA:42,0
DA:44,0
DA:45,0
DA:46,0
DA:48,0
DA:49,0
DA:50,0
DA:53,0
DA:54,0
DA:56,0
DA:57,0
DA:58,0
LF:22
LH:0
BRF:0
BRH:0
end_of_record
TN:
SF:packages/utilities/src/overflowHandler/overflowHandler-test.js
FN:11,(anonymous_0)
FN:12,(anonymous_1)
FN:15,(anonymous_2)
FN:22,(anonymous_3)
FN:31,(anonymous_4)
FN:34,(anonymous_5)
FN:39,(anonymous_6)
FN:46,(anonymous_7)
FN:47,(anonymous_8)
FN:60,(anonymous_9)
FN:77,(anonymous_10)
FN:91,(anonymous_11)
FN:92,(anonymous_12)
FN:108,(anonymous_13)
FN:126,(anonymous_14)
FN:141,(anonymous_15)
FN:144,(anonymous_16)
FN:149,(anonymous_17)
FN:156,(anonymous_18)
FN:157,(anonymous_19)
FN:173,(anonymous_20)
FN:191,(anonymous_21)
FNF:22
FNH:0
FNDA:0,(anonymous_0)
FNDA:0,(anonymous_1)
FNDA:0,(anonymous_2)
FNDA:0,(anonymous_3)
FNDA:0,(anonymous_4)
FNDA:0,(anonymous_5)
FNDA:0,(anonymous_6)
FNDA:0,(anonymous_7)
FNDA:0,(anonymous_8)
FNDA:0,(anonymous_9)
FNDA:0,(anonymous_10)
FNDA:0,(anonymous_11)
FNDA:0,(anonymous_12)
FNDA:0,(anonymous_13)
FNDA:0,(anonymous_14)
FNDA:0,(anonymous_15)
FNDA:0,(anonymous_16)
FNDA:0,(anonymous_17)
FNDA:0,(anonymous_18)
FNDA:0,(anonymous_19)
FNDA:0,(anonymous_20)
FNDA:0,(anonymous_21)
DA:11,0
DA:12,0
DA:13,0
DA:14,0
DA:15,0
DA:17,0
DA:22,0
DA:23,0
DA:24,0
DA:31,0
DA:34,0
DA:35,0
DA:36,0
DA:39,0
DA:40,0
DA:41,0
DA:42,0
DA:46,0
DA:47,0
DA:48,0
DA:49,0
DA:52,0
DA:61,0
DA:62,0
DA:66,0
DA:67,0
DA:69,0
DA:70,0
DA:71,0
DA:72,0
DA:77,0
DA:78,0
DA:79,0
DA:84,0
DA:85,0
DA:86,0
DA:87,0
DA:91,0
DA:92,0
DA:93,0
DA:97,0
DA:100,0
DA:109,0
DA:110,0
DA:115,0
DA:116,0
DA:118,0
DA:119,0
DA:120,0
DA:121,0
DA:126,0
DA:127,0
DA:128,0
DA:133,0
DA:134,0
DA:135,0
DA:136,0
DA:141,0
DA:144,0
DA:145,0
DA:146,0
DA:149,0
DA:150,0
DA:151,0
DA:152,0
DA:156,0
DA:157,0
DA:158,0
DA:162,0
DA:165,0
DA:174,0
DA:175,0
DA:180,0
DA:181,0
DA:183,0
DA:184,0
DA:185,0
DA:186,0
DA:191,0
DA:192,0
DA:193,0
DA:199,0
DA:200,0
DA:201,0
DA:202,0
LF:85
LH:0
BRDA:23,0,0,0
BRDA:23,0,1,0
BRDA:40,1,0,0
BRDA:40,1,1,0
BRDA:66,2,0,0
BRDA:66,2,1,0
BRDA:115,3,0,0
BRDA:115,3,1,0
BRDA:150,4,0,0
BRDA:150,4,1,0
BRDA:180,5,0,0
BRDA:180,5,1,0
BRF:12
BRH:0
end_of_record
TN:
SF:packages/web-components/src/components/accordion/__tests__/accordion-test.js
FN:26,(anonymous_0)
FN:27,(anonymous_1)
FN:33,(anonymous_2)
FN:34,(anonymous_3)
FN:48,(anonymous_4)
FN:49,(anonymous_5)
FN:57,(anonymous_6)
FN:67,(anonymous_7)
FN:78,(anonymous_8)
FN:79,(anonymous_9)
FN:97,(anonymous_10)
FN:117,(anonymous_11)
FN:123,(anonymous_12)
FN:124,(anonymous_13)
FN:129,(anonymous_14)
FN:130,(anonymous_15)
FN:135,(anonymous_16)
FN:138,(anonymous_17)
FN:143,(anonymous_18)
FN:147,(anonymous_19)
FN:155,(anonymous_20)
FN:156,(anonymous_21)
FN:157,(anonymous_22)
FNF:23
FNH:0
FNDA:0,(anonymous_0)
FNDA:0,(anonymous_1)
FNDA:0,(anonymous_2)
FNDA:0,(anonymous_3)
FNDA:0,(anonymous_4)
FNDA:0,(anonymous_5)
FNDA:0,(anonymous_6)
FNDA:0,(anonymous_7)
FNDA:0,(anonymous_8)
FNDA:0,(anonymous_9)
FNDA:0,(anonymous_10)
FNDA:0,(anonymous_11)
FNDA:0,(anonymous_12)
FNDA:0,(anonymous_13)
FNDA:0,(anonymous_14)
FNDA:0,(anonymous_15)
FNDA:0,(anonymous_16)
FNDA:0,(anonymous_17)
FNDA:0,(anonymous_18)
FNDA:0,(anonymous_19)
FNDA:0,(anonymous_20)
FNDA:0,(anonymous_21)
FNDA:0,(anonymous_22)
DA:12,0
DA:26,0
DA:27,0
DA:28,0
DA:30,0
DA:33,0
DA:34,0
DA:35,0
DA:36,0
DA:38,0
DA:41,0
DA:44,0
DA:48,0
DA:49,0
DA:50,0
DA:51,0
DA:53,0
DA:54,0
DA:57,0
DA:58,0
DA:59,0
DA:61,0
DA:62,0
DA:64,0
DA:67,0
DA:68,0
DA:69,0
DA:71,0
DA:72,0
DA:74,0
DA:78,0
DA:79,0
DA:80,0
DA:94,0
DA:97,0
DA:98,0
DA:111,0
DA:113,0
DA:117,0
DA:118,0
DA:119,0
DA:120,0
DA:121,0
DA:123,0
DA:124,0
DA:125,0
DA:129,0
DA:130,0
DA:131,0
DA:135,0
DA:136,0
DA:138,0
DA:139,0
DA:143,0
DA:144,0
DA:145,0
DA:147,0
DA:148,0
DA:155,0
DA:156,0
DA:157,0
LF:61
LH:0
BRF:0
BRH:0
end_of_record
TN:
SF:packages/web-components/src/components/accordion/__tests__/__snapshots__/accordion-test.snap.js
FNF:0
FNH:0
DA:2,0
DA:4,0
LF:2
LH:0
BRF:0
BRH:0
end_of_record
TN:
SF:packages/web-components/src/components/badge-indicator/__tests__/badge-indicator-test.js
FN:13,(anonymous_0)
FN:16,(anonymous_1)
FN:21,(anonymous_2)
FN:28,(anonymous_3)
FN:35,(anonymous_4)
FN:40,(anonymous_5)
FN:41,(anonymous_6)
FNF:7
FNH:0
FNDA:0,(anonymous_0)
FNDA:0,(anonymous_1)
FNDA:0,(anonymous_2)
FNDA:0,(anonymous_3)
FNDA:0,(anonymous_4)
FNDA:0,(anonymous_5)
FNDA:0,(anonymous_6)
DA:13,0
DA:14,0
DA:16,0
DA:17,0
DA:18,0
DA:21,0
DA:22,0
DA:25,0
DA:28,0
DA:29,0
DA:32,0
DA:35,0
DA:36,0
DA:37,0
DA:40,0
DA:41,0
DA:42,0
DA:43,0
LF:18
LH:0
BRF:0
BRH:0
end_of_record
TN:
SF:packages/web-components/src/components/badge-indicator/__tests__/__snapshots__/badge-indicator-test.snap.js
FNF:0
FNH:0
DA:2,0
DA:4,0
DA:10,0
DA:18,0
DA:27,0
LF:5
LH:0
BRF:0
BRH:0
end_of_record
TN:
SF:packages/web-components/src/components/link/__tests__/link-test.js
FN:12,(anonymous_0)
FN:17,(anonymous_1)
FN:23,(anonymous_2)
FN:31,(anonymous_3)
FN:37,(anonymous_4)
FN:48,(anonymous_5)
FN:59,(anonymous_6)
FN:74,(anonymous_7)
FN:89,(anonymous_8)
FN:90,(anonymous_9)
FN:105,(anonymous_10)
FN:118,(anonymous_11)
FN:125,(anonymous_12)
FN:135,(anonymous_13)
FN:136,(anonymous_14)
FNF:15
FNH:0
FNDA:0,(anonymous_0)
FNDA:0,(anonymous_1)
FNDA:0,(anonymous_2)
FNDA:0,(anonymous_3)
FNDA:0,(anonymous_4)
FNDA:0,(anonymous_5)
FNDA:0,(anonymous_6)
FNDA:0,(anonymous_7)
FNDA:0,(anonymous_8)
FNDA:0,(anonymous_9)
FNDA:0,(anonymous_10)
FNDA:0,(anonymous_11)
FNDA:0,(anonymous_12)
FNDA:0,(anonymous_13)
FNDA:0,(anonymous_14)
DA:12,0
DA:13,0
DA:17,0
DA:18,0
DA:20,0
DA:23,0
DA:24,0
DA:25,0
DA:27,0
DA:28,0
DA:31,0
DA:32,0
DA:34,0
DA:37,0
DA:38,0
DA:39,0
DA:43,0
DA:44,0
DA:48,0
DA:49,0
DA:55,0
DA:56,0
DA:59,0
DA:60,0
DA:66,0
DA:68,0
DA:69,0
DA:70,0
DA:71,0
DA:74,0
DA:75,0
DA:80,0
DA:82,0
DA:83,0
DA:84,0
DA:89,0
DA:90,0
DA:91,0
DA:96,0
DA:98,0
DA:99,0
DA:100,0
DA:105,0
DA:106,0
DA:111,0
DA:113,0
DA:114,0
DA:115,0
DA:118,0
DA:119,0
DA:121,0
DA:122,0
DA:125,0
DA:126,0
DA:130,0
DA:131,0
DA:132,0
DA:135,0
DA:136,0
DA:137,0
DA:139,0
LF:61
LH:0
BRF:0
BRH:0
end_of_record
TN:
SF:packages/web-components/src/components/link/__tests__/__snapshots__/link-test.snap.js
FNF:0
FNH:0
DA:2,0
DA:4,0
DA:13,0
DA:33,0
DA:42,0
DA:62,0
DA:82,0
DA:102,0
DA:122,0
LF:9
LH:0
BRF:0
BRH:0
end_of_record
